[]  Dendrochronology Program Library                                        Run ABCO1  Program COF  12:30  Thu 16 May 2019  Page   1
[]
[]  P R O G R A M      C O F E C H A                                                                          Version 6.06P    30818
------------------------------------------------------------------------------------------------------------------------------------

 QUALITY CONTROL AND DATING CHECK OF TREE-RING MEASUREMENTS

 File of DATED series:   live_abco.rwl

 CONTENTS:

    Part 1:  Title page, options selected, summary, absent rings by series
    Part 2:  Histogram of time spans
    Part 3:  Master series with sample depth and absent rings by year
    Part 4:  Bar plot of Master Dating Series
    Part 5:  Correlation by segment of each series with Master
    Part 6:  Potential problems: low correlation, divergent year-to-year changes, absent rings, outliers
    Part 7:  Descriptive statistics

 RUN CONTROL OPTIONS SELECTED                             VALUE

         1  Cubic smoothing spline 50% wavelength cutoff for filtering
                                                            32 years
         2  Segments examined are                           50 years lagged successively by  25 years
         3  Autoregressive model applied                     A  Residuals are used in master dating series and testing
         4  Series transformed to logarithms                 Y  Each series log-transformed for master dating series and testing
         5  CORRELATION is Pearson (parametric, quantitative)
            Critical correlation, 99% confidence level   .3281
         6  Master dating series saved                       N
         7  Ring measurements listed                         N
         8  Parts printed                              1234567 
         9  Absent rings are omitted from master series and segment correlations  (Y)

 Time span of Master dating series is  2004 to  2016    13 years
 Continuous time span is               2004 to  2016    13 years
 Portion with two or more series is    2006 to  2016    11 years


                                        ****************************************
                                        *C* Number of dated series        84 *C*
                                        *O* Master series 2004 2016   13 yrs *O*
                                        *F* Total rings in all series    529 *F*
                                        *E* Total dated rings checked    527 *E*
                                        *C* Series intercorrelation     .178 *C*
                                        *H* Average mean sensitivity    .290 *H*
                                        *A* Segments, possible problems   65 *A*
                                        *** Mean length of series        6.3 ***
                                        ****************************************

 ABSENT RINGS listed by SERIES:            (See Master Dating Series for absent rings listed by year)

               No ring measurements of zero value
PART 2:  TIME PLOT OF TREE-RING SERIES:                                                            12:30  Thu 16 May 2019  Page   2
------------------------------------------------------------------------------------------------------------------------------------
 1050 1100 1150 1200 1250 1300 1350 1400 1450 1500 1550 1600 1650 1700 1750 1800 1850 1900 1950 2000 2050 Ident   Seq Time-span  Yrs
   :    :    :    :    :    :    :    :    :    :    :    :    :    :    :    :    :    :    :    :    : -------- --- ---- ---- ----
   .    .    .    .    .    .    .    .    .    .    .    .    .    .    .    .    .    .    .    <>   . 100B       1 2009 2016    8
   .    .    .    .    .    .    .    .    .    .    .    .    .    .    .    .    .    .    .    .>   . 101B       2 2012 2016    5
   .    .    .    .    .    .    .    .    .    .    .    .    .    .    .    .    .    .    .    .>   . 102B       3 2015 2016    2
   .    .    .    .    .    .    .    .    .    .    .    .    .    .    .    .    .    .    .    <>   . 105B       4 2009 2016    8
   .    .    .    .    .    .    .    .    .    .    .    .    .    .    .    .    .    .    .    .>   . 111B       5 2012 2016    5
   .    .    .    .    .    .    .    .    .    .    .    .    .    .    .    .    .    .    .    <>   . 112B       6 2009 2016    8
   .    .    .    .    .    .    .    .    .    .    .    .    .    .    .    .    .    .    .    .>   . 117B       7 2010 2016    7
   .    .    .    .    .    .    .    .    .    .    .    .    .    .    .    .    .    .    .    .>   . 119B       8 2011 2016    6
   .    .    .    .    .    .    .    .    .    .    .    .    .    .    .    .    .    .    .    .>   . 120B       9 2010 2016    7
   .    .    .    .    .    .    .    .    .    .    .    .    .    .    .    .    .    .    .    .>   . 127B      10 2011 2016    6
   .    .    .    .    .    .    .    .    .    .    .    .    .    .    .    .    .    .    .    .>   . 128B      11 2011 2016    6
   .    .    .    .    .    .    .    .    .    .    .    .    .    .    .    .    .    .    .    .>   . 129B      12 2012 2016    5
   .    .    .    .    .    .    .    .    .    .    .    .    .    .    .    .    .    .    .    .>   . 130B      13 2011 2016    6
   .    .    .    .    .    .    .    .    .    .    .    .    .    .    .    .    .    .    .    .>   . 131B      14 2010 2016    7
   .    .    .    .    .    .    .    .    .    .    .    .    .    .    .    .    .    .    .    .>   . 132B      15 2011 2016    6
   .    .    .    .    .    .    .    .    .    .    .    .    .    .    .    .    .    .    .    <>   . 137B      16 2009 2016    8
   .    .    .    .    .    .    .    .    .    .    .    .    .    .    .    .    .    .    .    .>   . 139B      17 2010 2016    7
   .    .    .    .    .    .    .    .    .    .    .    .    .    .    .    .    .    .    .    .>   . 141B      18 2013 2016    4
   .    .    .    .    .    .    .    .    .    .    .    .    .    .    .    .    .    .    .    <>   . 161B      19 2009 2016    8
   .    .    .    .    .    .    .    .    .    .    .    .    .    .    .    .    .    .    .    .>   . 169B      20 2011 2016    6
   .    .    .    .    .    .    .    .    .    .    .    .    .    .    .    .    .    .    .    .>   . 16B       21 2011 2016    6
   .    .    .    .    .    .    .    .    .    .    .    .    .    .    .    .    .    .    .    <>   . 183BA     22 2004 2016   13
   .    .    .    .    .    .    .    .    .    .    .    .    .    .    .    .    .    .    .    <>   . 184BA     23 2007 2016   10
   .    .    .    .    .    .    .    .    .    .    .    .    .    .    .    .    .    .    .    .>   . 18B       24 2011 2016    6
   .    .    .    .    .    .    .    .    .    .    .    .    .    .    .    .    .    .    .    .>   . 192B      25 2011 2016    6
   .    .    .    .    .    .    .    .    .    .    .    .    .    .    .    .    .    .    .    .>   . 193B      26 2011 2016    6
   .    .    .    .    .    .    .    .    .    .    .    .    .    .    .    .    .    .    .    <>   . 197B      27 2008 2016    9
   .    .    .    .    .    .    .    .    .    .    .    .    .    .    .    .    .    .    .    .>   . 198B      28 2013 2016    4
   .    .    .    .    .    .    .    .    .    .    .    .    .    .    .    .    .    .    .    .>   . 199B      29 2010 2016    7
   .    .    .    .    .    .    .    .    .    .    .    .    .    .    .    .    .    .    .    <>   . 201B      30 2007 2016   10
   .    .    .    .    .    .    .    .    .    .    .    .    .    .    .    .    .    .    .    .>   . 202B      31 2012 2016    5
   .    .    .    .    .    .    .    .    .    .    .    .    .    .    .    .    .    .    .    .>   . 203B      32 2010 2016    7
   .    .    .    .    .    .    .    .    .    .    .    .    .    .    .    .    .    .    .    <>   . 206B      33 2008 2016    9
   .    .    .    .    .    .    .    .    .    .    .    .    .    .    .    .    .    .    .    .>   . 208B      34 2016 2016    1
   .    .    .    .    .    .    .    .    .    .    .    .    .    .    .    .    .    .    .    .>   . 210B      35 2012 2016    5
   .    .    .    .    .    .    .    .    .    .    .    .    .    .    .    .    .    .    .    .>   . 211B      36 2013 2016    4
   .    .    .    .    .    .    .    .    .    .    .    .    .    .    .    .    .    .    .    .>   . 212B      37 2012 2016    5
   .    .    .    .    .    .    .    .    .    .    .    .    .    .    .    .    .    .    .    <>   . 214B      38 2008 2016    9
   .    .    .    .    .    .    .    .    .    .    .    .    .    .    .    .    .    .    .    .>   . 215B      39 2013 2016    4
   .    .    .    .    .    .    .    .    .    .    .    .    .    .    .    .    .    .    .    .>   . 216B      40 2010 2016    7
   .    .    .    .    .    .    .    .    .    .    .    .    .    .    .    .    .    .    .    .>   . 217B      41 2012 2016    5
   .    .    .    .    .    .    .    .    .    .    .    .    .    .    .    .    .    .    .    .>   . 218B      42 2012 2016    5
   .    .    .    .    .    .    .    .    .    .    .    .    .    .    .    .    .    .    .    .>   . 219B      43 2011 2016    6
   .    .    .    .    .    .    .    .    .    .    .    .    .    .    .    .    .    .    .    .>   . 220B      44 2014 2016    3
   .    .    .    .    .    .    .    .    .    .    .    .    .    .    .    .    .    .    .    .>   . 221B      45 2015 2016    2
   .    .    .    .    .    .    .    .    .    .    .    .    .    .    .    .    .    .    .    .>   . 223B      46 2011 2016    6
   .    .    .    .    .    .    .    .    .    .    .    .    .    .    .    .    .    .    .    .>   . 224B      47 2010 2016    7
   .    .    .    .    .    .    .    .    .    .    .    .    .    .    .    .    .    .    .    <>   . 225B      48 2008 2016    9
   .    .    .    .    .    .    .    .    .    .    .    .    .    .    .    .    .    .    .    .>   . 226B      49 2013 2016    4
   .    .    .    .    .    .    .    .    .    .    .    .    .    .    .    .    .    .    .    .>   . 227B      50 2013 2016    4
   :    :    :    :    :    :    :    :    :    :    :    :    :    :    :    :    :    :    :    :    :
 1050 1100 1150 1200 1250 1300 1350 1400 1450 1500 1550 1600 1650 1700 1750 1800 1850 1900 1950 2000 2050
PART 2:  TIME PLOT OF TREE-RING SERIES:                                                            12:30  Thu 16 May 2019  Page   3
------------------------------------------------------------------------------------------------------------------------------------
 1050 1100 1150 1200 1250 1300 1350 1400 1450 1500 1550 1600 1650 1700 1750 1800 1850 1900 1950 2000 2050 Ident   Seq Time-span  Yrs
   :    :    :    :    :    :    :    :    :    :    :    :    :    :    :    :    :    :    :    :    : -------- --- ---- ---- ----
   .    .    .    .    .    .    .    .    .    .    .    .    .    .    .    .    .    .    .    .>   . 228B      51 2014 2016    3
   .    .    .    .    .    .    .    .    .    .    .    .    .    .    .    .    .    .    .    .>   . 229B      52 2014 2016    3
   .    .    .    .    .    .    .    .    .    .    .    .    .    .    .    .    .    .    .    .>   . 230B      53 2014 2016    3
   .    .    .    .    .    .    .    .    .    .    .    .    .    .    .    .    .    .    .    .>   . 231B      54 2011 2016    6
   .    .    .    .    .    .    .    .    .    .    .    .    .    .    .    .    .    .    .    .>   . 232B      55 2010 2016    7
   .    .    .    .    .    .    .    .    .    .    .    .    .    .    .    .    .    .    .    .>   . 233B      56 2016 2016    1
   .    .    .    .    .    .    .    .    .    .    .    .    .    .    .    .    .    .    .    .>   . 234B      57 2011 2016    6
   .    .    .    .    .    .    .    .    .    .    .    .    .    .    .    .    .    .    .    .>   . 235B      58 2013 2016    4
   .    .    .    .    .    .    .    .    .    .    .    .    .    .    .    .    .    .    .    .>   . 29B       59 2011 2016    6
   .    .    .    .    .    .    .    .    .    .    .    .    .    .    .    .    .    .    .    <>   . 30B       60 2008 2016    9
   .    .    .    .    .    .    .    .    .    .    .    .    .    .    .    .    .    .    .    <>   . 31B       61 2008 2016    9
   .    .    .    .    .    .    .    .    .    .    .    .    .    .    .    .    .    .    .    <>   . 32B       62 2007 2016   10
   .    .    .    .    .    .    .    .    .    .    .    .    .    .    .    .    .    .    .    .>   . 33B       63 2014 2016    3
   .    .    .    .    .    .    .    .    .    .    .    .    .    .    .    .    .    .    .    .>   . 36B       64 2012 2016    5
   .    .    .    .    .    .    .    .    .    .    .    .    .    .    .    .    .    .    .    .>   . 37B       65 2012 2016    5
   .    .    .    .    .    .    .    .    .    .    .    .    .    .    .    .    .    .    .    <>   . 41B       66 2007 2016   10
   .    .    .    .    .    .    .    .    .    .    .    .    .    .    .    .    .    .    .    .>   . 47B       67 2011 2016    6
   .    .    .    .    .    .    .    .    .    .    .    .    .    .    .    .    .    .    .    .>   . 4B        68 2011 2016    6
   .    .    .    .    .    .    .    .    .    .    .    .    .    .    .    .    .    .    .    <>   . 51B       69 2006 2016   11
   .    .    .    .    .    .    .    .    .    .    .    .    .    .    .    .    .    .    .    <>   . 52B       70 2008 2016    9
   .    .    .    .    .    .    .    .    .    .    .    .    .    .    .    .    .    .    .    .>   . 55B       71 2010 2016    7
   .    .    .    .    .    .    .    .    .    .    .    .    .    .    .    .    .    .    .    <>   . 56B       72 2009 2016    8
   .    .    .    .    .    .    .    .    .    .    .    .    .    .    .    .    .    .    .    .>   . 62B       73 2011 2016    6
   .    .    .    .    .    .    .    .    .    .    .    .    .    .    .    .    .    .    .    <>   . 66B       74 2009 2016    8
   .    .    .    .    .    .    .    .    .    .    .    .    .    .    .    .    .    .    .    <>   . 68B       75 2008 2016    9
   .    .    .    .    .    .    .    .    .    .    .    .    .    .    .    .    .    .    .    <>   . 77B       76 2008 2016    9
   .    .    .    .    .    .    .    .    .    .    .    .    .    .    .    .    .    .    .    <>   . 78B       77 2007 2016   10
   .    .    .    .    .    .    .    .    .    .    .    .    .    .    .    .    .    .    .    .>   . 79B       78 2011 2016    6
   .    .    .    .    .    .    .    .    .    .    .    .    .    .    .    .    .    .    .    <>   . 80B       79 2009 2016    8
   .    .    .    .    .    .    .    .    .    .    .    .    .    .    .    .    .    .    .    .>   . 84B       80 2011 2016    6
   .    .    .    .    .    .    .    .    .    .    .    .    .    .    .    .    .    .    .    .>   . 93B       81 2011 2016    6
   .    .    .    .    .    .    .    .    .    .    .    .    .    .    .    .    .    .    .    .>   . 96B       82 2012 2016    5
   .    .    .    .    .    .    .    .    .    .    .    .    .    .    .    .    .    .    .    .>   . 97B       83 2012 2016    5
   .    .    .    .    .    .    .    .    .    .    .    .    .    .    .    .    .    .    .    .>   . 98B       84 2012 2016    5
   :    :    :    :    :    :    :    :    :    :    :    :    :    :    :    :    :    :    :    :    :
 1050 1100 1150 1200 1250 1300 1350 1400 1450 1500 1550 1600 1650 1700 1750 1800 1850 1900 1950 2000 2050
PART 3:  Master Dating Series:                                                                     12:30  Thu 16 May 2019  Page   4
------------------------------------------------------------------------------------------------------------------------------------
  Year  Value  No Ab    Year  Value  No Ab    Year  Value  No Ab    Year  Value  No Ab    Year  Value  No Ab    Year  Value  No Ab
  ------------------    ------------------    ------------------    ------------------    ------------------    ------------------




  2004  1.260   1
  2005  2.250   1
  2006   .665   2
  2007  -.109   7
  2008 -1.937  16
  2009  -.659  24

  2010  -.402  34
  2011   .459  55
  2012  -.011  68
  2013  -.518  75
  2014  -.873  80
  2015   .324  82
  2016  -.447  84




































------------------------------------------------------------------------------------------------------------------------------------
PART 4:  Master Bar Plot:                                                                          12:30  Thu 16 May 2019  Page   5
------------------------------------------------------------------------------------------------------------------------------------
   Year Rel value  Year Rel value  Year Rel value  Year Rel value  Year Rel value  Year Rel value  Year Rel value  Year Rel value




   2004---------E
   2005----------I
   2006--------C
   2007-----@
   2008h
   2009-c
   2010----b
   2011-------B
   2012-----@
   2013--b
   2014c
   2015------A
   2016---b

































PART 5:  CORRELATION OF SERIES BY SEGMENTS:                                                        12:30  Thu 16 May 2019  Page   5
------------------------------------------------------------------------------------------------------------------------------------
 Correlations of  50-year dated segments, lagged  25 years
 Flags:  A = correlation under   .3281 but highest as dated;  B = correlation higher at other than dated position

 Seq Series  Time_span   2000
                         2049
 --- -------- ---------  ---- ---- ---- ---- ---- ---- ---- ---- ---- ---- ---- ---- ---- ---- ---- ---- ---- ---- ---- ----
   1 100B     2009 2016  -.61B
   2 101B     2012 2016  -.30B
   3 102B     2015 2016  -1.0B
   4 105B     2009 2016  -.54B
   5 111B     2012 2016   .50B
   6 112B     2009 2016   .31B
   7 117B     2010 2016   .56
   8 119B     2011 2016   .34B
   9 120B     2010 2016   .07B
  10 127B     2011 2016   .56B
  11 128B     2011 2016   .65B
  12 129B     2012 2016  -.85B
  13 130B     2011 2016   .49B
  14 131B     2010 2016  -.08B
  15 132B     2011 2016   .49B
  16 137B     2009 2016  -.25B
  17 139B     2010 2016   .40
  18 141B     2013 2016   .37B
  19 161B     2009 2016  -.14B
  20 169B     2011 2016   .07B
  21 16B      2011 2016   .13B
  22 183BA    2004 2016   .52
  23 184BA    2007 2016  -.29B
  24 18B      2011 2016   .92
  25 192B     2011 2016  -.06B
  26 193B     2011 2016   .02B
  27 197B     2008 2016   .82
  28 198B     2013 2016   .88
  29 199B     2010 2016  -.01B
  30 201B     2007 2016  -.33B
  31 202B     2012 2016  -.13B
  32 203B     2010 2016  -.50B
  33 206B     2008 2016  -.22B
  34 208B     2016 2016   .00A
  35 210B     2012 2016  -.87B
  36 211B     2013 2016   .28B
  37 212B     2012 2016  -.23B
  38 214B     2008 2016  -.12B
  39 215B     2013 2016   .81
  40 216B     2010 2016   .13B
  41 217B     2012 2016   .14B
  42 218B     2012 2016   .11B
  43 219B     2011 2016  -.70B
  44 220B     2014 2016  -.17B
  45 221B     2015 2016  1.00
  46 223B     2011 2016   .69
  47 224B     2010 2016  -.02B
  48 225B     2008 2016   .79
  49 226B     2013 2016   .21B
  50 227B     2013 2016   .66B
  51 228B     2014 2016   .96B
  52 229B     2014 2016   .82B
  53 230B     2014 2016   .83B
  54 231B     2011 2016   .26B
  55 232B     2010 2016   .26B
  56 233B     2016 2016   .00A
  57 234B     2011 2016   .34B
  58 235B     2013 2016   .50B
  59 29B      2011 2016   .36
  60 30B      2008 2016   .23A
  61 31B      2008 2016   .69
  62 32B      2007 2016   .37
  63 33B      2014 2016   .93
  64 36B      2012 2016   .23B
  65 37B      2012 2016   .49B
  66 41B      2007 2016   .73
  67 47B      2011 2016   .10B
  68 4B       2011 2016  -.81B
  69 51B      2006 2016  -.02B
  70 52B      2008 2016  -.14B
  71 55B      2010 2016  -.16B
  72 56B      2009 2016   .10B
  73 62B      2011 2016   .39B
  74 66B      2009 2016  -.07B
  75 68B      2008 2016   .50
  76 77B      2008 2016   .42
  77 78B      2007 2016   .65
  78 79B      2011 2016   .44
  79 80B      2009 2016   .27B
  80 84B      2011 2016  -.35B
  81 93B      2011 2016   .50B
  82 96B      2012 2016   .43B
  83 97B      2012 2016  -.11B
  84 98B      2012 2016   .43B
 Av segment correlation   .19
PART 6:  POTENTIAL PROBLEMS:                                                                       12:30  Thu 16 May 2019  Page   6
------------------------------------------------------------------------------------------------------------------------------------

 For each series with potential problems the following diagnostics may appear:

 [A] Correlations with master dating series of flagged  50-year segments of series filtered with  32-year spline,
     at every point from ten years earlier (-10) to ten years later (+10) than dated

 [B] Effect of those data values which most lower or raise correlation with master series
     Symbol following year indicates value in series is greater (>) or lesser (<) than master series value

 [C] Year-to-year changes very different from the mean change in other series

 [D] Absent rings (zero values)

 [E] Values which are statistical outliers from mean for the year
====================================================================================================================================

 100B      2009 to  2016       8 years                                                                                    Series   1

 [A] Segment   High   -10   -9   -8   -7   -6   -5   -4   -3   -2   -1   +0   +1   +2   +3   +4   +5   +6   +7   +8   +9  +10
    ---------  ----   ---  ---  ---  ---  ---  ---  ---  ---  ---  ---  ---  ---  ---  ---  ---  ---  ---  ---  ---  ---  ---
    2009 2016   -1      -    -    -    -    - -.50 -.59  .37 -.07  .58*-.61|   -    -    -    -    -    -    -    -    -    -

 [B] Entire series, effect on correlation ( -.611) is:
       Lower   2011< -.193   2013> -.063   2015< -.012   2010>  .011   2014>  .032   2016<  .035  Higher   2009  .114   2012  .049
     2009 to 2016 segment:
       Lower   2011< -.193   2013> -.063   2015< -.012   2010>  .011   2014>  .032   2016<  .035  Higher   2009  .114   2012  .049

====================================================================================================================================

 101B      2012 to  2016       5 years                                                                                    Series   2

 [A] Segment   High   -10   -9   -8   -7   -6   -5   -4   -3   -2   -1   +0   +1   +2   +3   +4   +5   +6   +7   +8   +9  +10
    ---------  ----   ---  ---  ---  ---  ---  ---  ---  ---  ---  ---  ---  ---  ---  ---  ---  ---  ---  ---  ---  ---  ---
    2012 2016   -1      -    - -.31  .08  .45 -.36  .21 -.65  .12  .46*-.30|   -    -    -    -    -    -    -    -    -    -

====================================================================================================================================

 102B      2015 to  2016       2 years                                                                                    Series   3

 [A] Segment   High   -10   -9   -8   -7   -6   -5   -4   -3   -2   -1   +0   +1   +2   +3   +4   +5   +6   +7   +8   +9  +10
    ---------  ----   ---  ---  ---  ---  ---  ---  ---  ---  ---  ---  ---  ---  ---  ---  ---  ---  ---  ---  ---  ---  ---
    2015 2016   -6   -1.0 -1.0 -1.0 1.00 1.00*1.00 -1.0 -1.0 -1.0 1.00 -1.0|   -    -    -    -    -    -    -    -    -    -

====================================================================================================================================

 105B      2009 to  2016       8 years                                                                                    Series   4

 [A] Segment   High   -10   -9   -8   -7   -6   -5   -4   -3   -2   -1   +0   +1   +2   +3   +4   +5   +6   +7   +8   +9  +10
    ---------  ----   ---  ---  ---  ---  ---  ---  ---  ---  ---  ---  ---  ---  ---  ---  ---  ---  ---  ---  ---  ---  ---
    2009 2016   -3      -    -    -    -    - -.07  .16  .94* .13 -.43 -.54|   -    -    -    -    -    -    -    -    -    -

 [B] Entire series, effect on correlation ( -.540) is:
       Lower   2011< -.554   2014> -.126   2009> -.029   2010<  .000   2012>  .005   2013<  .034  Higher   2015  .301   2016  .094
     2009 to 2016 segment:
       Lower   2011< -.554   2014> -.126   2009> -.029   2010<  .000   2012>  .005   2013<  .034  Higher   2015  .301   2016  .094

====================================================================================================================================

 111B      2012 to  2016       5 years                                                                                    Series   5

 [A] Segment   High   -10   -9   -8   -7   -6   -5   -4   -3   -2   -1   +0   +1   +2   +3   +4   +5   +6   +7   +8   +9  +10
    ---------  ----   ---  ---  ---  ---  ---  ---  ---  ---  ---  ---  ---  ---  ---  ---  ---  ---  ---  ---  ---  ---  ---
    2012 2016   -6      -    -  .00 -.12  .87*-.31  .00 -.81  .09  .25  .50|   -    -    -    -    -    -    -    -    -    -

====================================================================================================================================

 112B      2009 to  2016       8 years                                                                                    Series   6

 [A] Segment   High   -10   -9   -8   -7   -6   -5   -4   -3   -2   -1   +0   +1   +2   +3   +4   +5   +6   +7   +8   +9  +10
    ---------  ----   ---  ---  ---  ---  ---  ---  ---  ---  ---  ---  ---  ---  ---  ---  ---  ---  ---  ---  ---  ---  ---
    2009 2016   -4      -    -    -    -    -  .67  .73* .15 -.32 -.67  .31|   -    -    -    -    -    -    -    -    -    -

 [B] Entire series, effect on correlation (  .314) is:
       Lower   2009> -.185   2012< -.062   2011< -.055   2014> -.041   2010> -.003   2016<  .005  Higher   2015  .290   2013  .091
     2009 to 2016 segment:
       Lower   2009> -.185   2012< -.062   2011< -.055   2014> -.041   2010> -.003   2016<  .005  Higher   2015  .290   2013  .091

====================================================================================================================================

 117B      2010 to  2016       7 years                                                                                    Series   7

====================================================================================================================================

 119B      2011 to  2016       6 years                                                                                    Series   8

 [A] Segment   High   -10   -9   -8   -7   -6   -5   -4   -3   -2   -1   +0   +1   +2   +3   +4   +5   +6   +7   +8   +9  +10
    ---------  ----   ---  ---  ---  ---  ---  ---  ---  ---  ---  ---  ---  ---  ---  ---  ---  ---  ---  ---  ---  ---  ---
    2011 2016   -5      -    -    -  .08  .44  .85*-.29 -.36 -.83  .56  .34|   -    -    -    -    -    -    -    -    -    -

====================================================================================================================================

 120B      2010 to  2016       7 years                                                                                    Series   9

 [A] Segment   High   -10   -9   -8   -7   -6   -5   -4   -3   -2   -1   +0   +1   +2   +3   +4   +5   +6   +7   +8   +9  +10
    ---------  ----   ---  ---  ---  ---  ---  ---  ---  ---  ---  ---  ---  ---  ---  ---  ---  ---  ---  ---  ---  ---  ---
    2010 2016   -3      -    -    -    - -.04 -.16 -.68  .24* .22  .06  .07|   -    -    -    -    -    -    -    -    -    -

====================================================================================================================================

 127B      2011 to  2016       6 years                                                                                    Series  10

 [A] Segment   High   -10   -9   -8   -7   -6   -5   -4   -3   -2   -1   +0   +1   +2   +3   +4   +5   +6   +7   +8   +9  +10
    ---------  ----   ---  ---  ---  ---  ---  ---  ---  ---  ---  ---  ---  ---  ---  ---  ---  ---  ---  ---  ---  ---  ---
    2011 2016   -5      -    -    - -.45  .00  .73* .40 -.27 -.62 -.55  .56|   -    -    -    -    -    -    -    -    -    -

====================================================================================================================================

 128B      2011 to  2016       6 years                                                                                    Series  11

 [A] Segment   High   -10   -9   -8   -7   -6   -5   -4   -3   -2   -1   +0   +1   +2   +3   +4   +5   +6   +7   +8   +9  +10
    ---------  ----   ---  ---  ---  ---  ---  ---  ---  ---  ---  ---  ---  ---  ---  ---  ---  ---  ---  ---  ---  ---  ---
    2011 2016   -5      -    -    - -.17  .64  .71* .26 -.66 -.79  .18  .65|   -    -    -    -    -    -    -    -    -    -

====================================================================================================================================

 129B      2012 to  2016       5 years                                                                                    Series  12

 [A] Segment   High   -10   -9   -8   -7   -6   -5   -4   -3   -2   -1   +0   +1   +2   +3   +4   +5   +6   +7   +8   +9  +10
    ---------  ----   ---  ---  ---  ---  ---  ---  ---  ---  ---  ---  ---  ---  ---  ---  ---  ---  ---  ---  ---  ---  ---
    2012 2016   -2      -    - -.09  .33 -.20 -.47  .19 -.01  .40* .30 -.85|   -    -    -    -    -    -    -    -    -    -

====================================================================================================================================

 130B      2011 to  2016       6 years                                                                                    Series  13

 [A] Segment   High   -10   -9   -8   -7   -6   -5   -4   -3   -2   -1   +0   +1   +2   +3   +4   +5   +6   +7   +8   +9  +10
    ---------  ----   ---  ---  ---  ---  ---  ---  ---  ---  ---  ---  ---  ---  ---  ---  ---  ---  ---  ---  ---  ---  ---
    2011 2016   -4      -    -    - -.61  .14  .66  .68*-.33 -.81 -.35  .49|   -    -    -    -    -    -    -    -    -    -

====================================================================================================================================

 131B      2010 to  2016       7 years                                                                                    Series  14

 [A] Segment   High   -10   -9   -8   -7   -6   -5   -4   -3   -2   -1   +0   +1   +2   +3   +4   +5   +6   +7   +8   +9  +10
    ---------  ----   ---  ---  ---  ---  ---  ---  ---  ---  ---  ---  ---  ---  ---  ---  ---  ---  ---  ---  ---  ---  ---
    2010 2016   -1      -    -    -    -  .12  .29 -.21 -.62  .14  .51*-.08|   -    -    -    -    -    -    -    -    -    -

====================================================================================================================================

 132B      2011 to  2016       6 years                                                                                    Series  15

 [A] Segment   High   -10   -9   -8   -7   -6   -5   -4   -3   -2   -1   +0   +1   +2   +3   +4   +5   +6   +7   +8   +9  +10
    ---------  ----   ---  ---  ---  ---  ---  ---  ---  ---  ---  ---  ---  ---  ---  ---  ---  ---  ---  ---  ---  ---  ---
    2011 2016   -5      -    -    - -.24  .42  .83* .34 -.55 -.90  .11  .49|   -    -    -    -    -    -    -    -    -    -

====================================================================================================================================

 137B      2009 to  2016       8 years                                                                                    Series  16

 [A] Segment   High   -10   -9   -8   -7   -6   -5   -4   -3   -2   -1   +0   +1   +2   +3   +4   +5   +6   +7   +8   +9  +10
    ---------  ----   ---  ---  ---  ---  ---  ---  ---  ---  ---  ---  ---  ---  ---  ---  ---  ---  ---  ---  ---  ---  ---
    2009 2016   -4      -    -    -    -    - -.01  .76* .48 -.18 -.44 -.25|   -    -    -    -    -    -    -    -    -    -

 [B] Entire series, effect on correlation ( -.248) is:
       Lower   2011< -.278   2013> -.057   2009> -.027   2016> -.027   2010>  .001   2014>  .032  Higher   2015  .344   2012  .047
     2009 to 2016 segment:
       Lower   2011< -.278   2013> -.057   2009> -.027   2016> -.027   2010>  .001   2014>  .032  Higher   2015  .344   2012  .047

====================================================================================================================================

 139B      2010 to  2016       7 years                                                                                    Series  17

====================================================================================================================================

 141B      2013 to  2016       4 years                                                                                    Series  18

 [A] Segment   High   -10   -9   -8   -7   -6   -5   -4   -3   -2   -1   +0   +1   +2   +3   +4   +5   +6   +7   +8   +9  +10
    ---------  ----   ---  ---  ---  ---  ---  ---  ---  ---  ---  ---  ---  ---  ---  ---  ---  ---  ---  ---  ---  ---  ---
    2013 2016   -4      -  .30  .13 -.67 -.59  .38  .69* .64 -.21 -.85  .37|   -    -    -    -    -    -    -    -    -    -

====================================================================================================================================

 161B      2009 to  2016       8 years                                                                                    Series  19

 [A] Segment   High   -10   -9   -8   -7   -6   -5   -4   -3   -2   -1   +0   +1   +2   +3   +4   +5   +6   +7   +8   +9  +10
    ---------  ----   ---  ---  ---  ---  ---  ---  ---  ---  ---  ---  ---  ---  ---  ---  ---  ---  ---  ---  ---  ---  ---
    2009 2016   -1      -    -    -    -    - -.35 -.54 -.28 -.16  .62*-.14|   -    -    -    -    -    -    -    -    -    -

 [B] Entire series, effect on correlation ( -.135) is:
       Lower   2013> -.119   2015< -.118   2014> -.076   2010> -.016   2012>  .002   2009<  .027  Higher   2011  .187   2016  .134
     2009 to 2016 segment:
       Lower   2013> -.119   2015< -.118   2014> -.076   2010> -.016   2012>  .002   2009<  .027  Higher   2011  .187   2016  .134

====================================================================================================================================

 169B      2011 to  2016       6 years                                                                                    Series  20

 [A] Segment   High   -10   -9   -8   -7   -6   -5   -4   -3   -2   -1   +0   +1   +2   +3   +4   +5   +6   +7   +8   +9  +10
    ---------  ----   ---  ---  ---  ---  ---  ---  ---  ---  ---  ---  ---  ---  ---  ---  ---  ---  ---  ---  ---  ---  ---
    2011 2016   -6      -    -    -  .37  .67* .04  .16 -.71 -.05  .49  .07|   -    -    -    -    -    -    -    -    -    -

====================================================================================================================================

 16B       2011 to  2016       6 years                                                                                    Series  21

 [A] Segment   High   -10   -9   -8   -7   -6   -5   -4   -3   -2   -1   +0   +1   +2   +3   +4   +5   +6   +7   +8   +9  +10
    ---------  ----   ---  ---  ---  ---  ---  ---  ---  ---  ---  ---  ---  ---  ---  ---  ---  ---  ---  ---  ---  ---  ---
    2011 2016   -5      -    -    - -.04 -.07  .95*-.03 -.19 -.82  .10  .13|   -    -    -    -    -    -    -    -    -    -

====================================================================================================================================

 183BA     2004 to  2016      13 years                                                                                    Series  22

 [*] Early part of series cannot be checked from 2004 to 2005 -- not matched by another series

 [B] Entire series, effect on correlation (  .525) is:
       Lower   2006< -.135   2014> -.122   2010< -.071   2016> -.013   2007> -.010   2012> -.007  Higher   2008  .497   2015  .035

====================================================================================================================================

 184BA     2007 to  2016      10 years                                                                                    Series  23

 [A] Segment   High   -10   -9   -8   -7   -6   -5   -4   -3   -2   -1   +0   +1   +2   +3   +4   +5   +6   +7   +8   +9  +10
    ---------  ----   ---  ---  ---  ---  ---  ---  ---  ---  ---  ---  ---  ---  ---  ---  ---  ---  ---  ---  ---  ---  ---
    2007 2016   -3      -    -    -    -    -    -    -  .10*-.29 -.29 -.29|   -    -    -    -    -    -    -    -    -    -

 [B] Entire series, effect on correlation ( -.287) is:
       Lower   2008> -.108   2007< -.049   2015< -.011   2014> -.009   2016>  .004   2010>  .008  Higher   2013  .243   2009  .020
     2007 to 2016 segment:
       Lower   2008> -.108   2007< -.049   2015< -.011   2014> -.009   2016>  .004   2010>  .008  Higher   2013  .243   2009  .020

====================================================================================================================================

 18B       2011 to  2016       6 years                                                                                    Series  24

====================================================================================================================================

 192B      2011 to  2016       6 years                                                                                    Series  25

 [A] Segment   High   -10   -9   -8   -7   -6   -5   -4   -3   -2   -1   +0   +1   +2   +3   +4   +5   +6   +7   +8   +9  +10
    ---------  ----   ---  ---  ---  ---  ---  ---  ---  ---  ---  ---  ---  ---  ---  ---  ---  ---  ---  ---  ---  ---  ---
    2011 2016   -5      -    -    - -.01  .12  .73* .33 -.41 -.77  .31 -.06|   -    -    -    -    -    -    -    -    -    -

====================================================================================================================================

 193B      2011 to  2016       6 years                                                                                    Series  26

 [A] Segment   High   -10   -9   -8   -7   -6   -5   -4   -3   -2   -1   +0   +1   +2   +3   +4   +5   +6   +7   +8   +9  +10
    ---------  ----   ---  ---  ---  ---  ---  ---  ---  ---  ---  ---  ---  ---  ---  ---  ---  ---  ---  ---  ---  ---  ---
    2011 2016   -1      -    -    -  .11  .51 -.24 -.31 -.09  .10  .62* .02|   -    -    -    -    -    -    -    -    -    -

====================================================================================================================================

 197B      2008 to  2016       9 years                                                                                    Series  27

 [B] Entire series, effect on correlation (  .816) is:
       Lower   2015< -.102   2013> -.065   2016> -.010   2010> -.004   2009< -.003   2012> -.002  Higher   2008  .633   2011  .029

====================================================================================================================================

 198B      2013 to  2016       4 years                                                                                    Series  28

====================================================================================================================================

 199B      2010 to  2016       7 years                                                                                    Series  29

 [A] Segment   High   -10   -9   -8   -7   -6   -5   -4   -3   -2   -1   +0   +1   +2   +3   +4   +5   +6   +7   +8   +9  +10
    ---------  ----   ---  ---  ---  ---  ---  ---  ---  ---  ---  ---  ---  ---  ---  ---  ---  ---  ---  ---  ---  ---  ---
    2010 2016   -2      -    -    -    - -.46 -.66 -.39  .02  .87*-.19 -.01|   -    -    -    -    -    -    -    -    -    -

====================================================================================================================================

 201B      2007 to  2016      10 years                                                                                    Series  30

 [A] Segment   High   -10   -9   -8   -7   -6   -5   -4   -3   -2   -1   +0   +1   +2   +3   +4   +5   +6   +7   +8   +9  +10
    ---------  ----   ---  ---  ---  ---  ---  ---  ---  ---  ---  ---  ---  ---  ---  ---  ---  ---  ---  ---  ---  ---  ---
    2007 2016   -1      -    -    -    -    -    -    - -.41 -.59 -.07*-.33|   -    -    -    -    -    -    -    -    -    -

 [B] Entire series, effect on correlation ( -.331) is:
       Lower   2007< -.197   2015< -.116   2012< -.008   2014> -.004   2009>  .001   2016>  .003  Higher   2011  .203   2008  .165
     2007 to 2016 segment:
       Lower   2007< -.197   2015< -.116   2012< -.008   2014> -.004   2009>  .001   2016>  .003  Higher   2011  .203   2008  .165

====================================================================================================================================

 202B      2012 to  2016       5 years                                                                                    Series  31

 [A] Segment   High   -10   -9   -8   -7   -6   -5   -4   -3   -2   -1   +0   +1   +2   +3   +4   +5   +6   +7   +8   +9  +10
    ---------  ----   ---  ---  ---  ---  ---  ---  ---  ---  ---  ---  ---  ---  ---  ---  ---  ---  ---  ---  ---  ---  ---
    2012 2016   -3      -    -  .29 -.54 -.68 -.46  .70  .78* .40 -.90 -.13|   -    -    -    -    -    -    -    -    -    -

====================================================================================================================================

 203B      2010 to  2016       7 years                                                                                    Series  32

 [A] Segment   High   -10   -9   -8   -7   -6   -5   -4   -3   -2   -1   +0   +1   +2   +3   +4   +5   +6   +7   +8   +9  +10
    ---------  ----   ---  ---  ---  ---  ---  ---  ---  ---  ---  ---  ---  ---  ---  ---  ---  ---  ---  ---  ---  ---  ---
    2010 2016   -4      -    -    -    - -.18 -.13  .60*-.05 -.02 -.20 -.50|   -    -    -    -    -    -    -    -    -    -

====================================================================================================================================

 206B      2008 to  2016       9 years                                                                                    Series  33

 [A] Segment   High   -10   -9   -8   -7   -6   -5   -4   -3   -2   -1   +0   +1   +2   +3   +4   +5   +6   +7   +8   +9  +10
    ---------  ----   ---  ---  ---  ---  ---  ---  ---  ---  ---  ---  ---  ---  ---  ---  ---  ---  ---  ---  ---  ---  ---
    2008 2016   -3      -    -    -    -    -    - -.07  .21*-.08  .20 -.22|   -    -    -    -    -    -    -    -    -    -

 [B] Entire series, effect on correlation ( -.215) is:
       Lower   2008> -.516   2011< -.054   2010< -.007   2009< -.004   2016>  .009   2014<  .053  Higher   2015  .155   2013  .068
     2008 to 2016 segment:
       Lower   2008> -.516   2011< -.054   2010< -.007   2009< -.004   2016>  .009   2014<  .053  Higher   2015  .155   2013  .068

====================================================================================================================================

 208B      2016 to  2016       1 years                                                                                    Series  34

 [A] Segment   High   -10   -9   -8   -7   -6   -5   -4   -3   -2   -1   +0   +1   +2   +3   +4   +5   +6   +7   +8   +9  +10
    ---------  ----   ---  ---  ---  ---  ---  ---  ---  ---  ---  ---  ---  ---  ---  ---  ---  ---  ---  ---  ---  ---  ---
    2016 2016    0    .00  .00  .00  .00  .00  .00  .00  .00  .00  .00  .00*   -    -    -    -    -    -    -    -    -    -

====================================================================================================================================

 210B      2012 to  2016       5 years                                                                                    Series  35

 [A] Segment   High   -10   -9   -8   -7   -6   -5   -4   -3   -2   -1   +0   +1   +2   +3   +4   +5   +6   +7   +8   +9  +10
    ---------  ----   ---  ---  ---  ---  ---  ---  ---  ---  ---  ---  ---  ---  ---  ---  ---  ---  ---  ---  ---  ---  ---
    2012 2016   -2      -    -  .38  .38 -.54 -.64  .10  .54  .71*-.08 -.87|   -    -    -    -    -    -    -    -    -    -

====================================================================================================================================

 211B      2013 to  2016       4 years                                                                                    Series  36

 [A] Segment   High   -10   -9   -8   -7   -6   -5   -4   -3   -2   -1   +0   +1   +2   +3   +4   +5   +6   +7   +8   +9  +10
    ---------  ----   ---  ---  ---  ---  ---  ---  ---  ---  ---  ---  ---  ---  ---  ---  ---  ---  ---  ---  ---  ---  ---
    2013 2016   -6      - -.77 -.34 -.06  .98*-.11  .04 -.98 -.12  .60  .28|   -    -    -    -    -    -    -    -    -    -

====================================================================================================================================

 212B      2012 to  2016       5 years                                                                                    Series  37

 [A] Segment   High   -10   -9   -8   -7   -6   -5   -4   -3   -2   -1   +0   +1   +2   +3   +4   +5   +6   +7   +8   +9  +10
    ---------  ----   ---  ---  ---  ---  ---  ---  ---  ---  ---  ---  ---  ---  ---  ---  ---  ---  ---  ---  ---  ---  ---
    2012 2016   -5      -    - -.88  .03  .11  .76*-.05 -.43 -.82  .63 -.23|   -    -    -    -    -    -    -    -    -    -

====================================================================================================================================

 214B      2008 to  2016       9 years                                                                                    Series  38

 [A] Segment   High   -10   -9   -8   -7   -6   -5   -4   -3   -2   -1   +0   +1   +2   +3   +4   +5   +6   +7   +8   +9  +10
    ---------  ----   ---  ---  ---  ---  ---  ---  ---  ---  ---  ---  ---  ---  ---  ---  ---  ---  ---  ---  ---  ---  ---
    2008 2016   -1      -    -    -    -    -    - -.33 -.20 -.22  .23*-.12|   -    -    -    -    -    -    -    -    -    -

 [B] Entire series, effect on correlation ( -.115) is:
       Lower   2015< -.902   2014> -.013   2013> -.001   2016>  .000   2009>  .001   2010>  .035  Higher   2008  .427   2011  .085
     2008 to 2016 segment:
       Lower   2015< -.902   2014> -.013   2013> -.001   2016>  .000   2009>  .001   2010>  .035  Higher   2008  .427   2011  .085

====================================================================================================================================

 215B      2013 to  2016       4 years                                                                                    Series  39

====================================================================================================================================

 216B      2010 to  2016       7 years                                                                                    Series  40

 [A] Segment   High   -10   -9   -8   -7   -6   -5   -4   -3   -2   -1   +0   +1   +2   +3   +4   +5   +6   +7   +8   +9  +10
    ---------  ----   ---  ---  ---  ---  ---  ---  ---  ---  ---  ---  ---  ---  ---  ---  ---  ---  ---  ---  ---  ---  ---
    2010 2016   -2      -    -    -    - -.33 -.47 -.51 -.05  .78* .01  .13|   -    -    -    -    -    -    -    -    -    -

====================================================================================================================================

 217B      2012 to  2016       5 years                                                                                    Series  41

 [A] Segment   High   -10   -9   -8   -7   -6   -5   -4   -3   -2   -1   +0   +1   +2   +3   +4   +5   +6   +7   +8   +9  +10
    ---------  ----   ---  ---  ---  ---  ---  ---  ---  ---  ---  ---  ---  ---  ---  ---  ---  ---  ---  ---  ---  ---  ---
    2012 2016   -3      -    -  .48 -.52 -.39 -.59  .58  .61* .49 -.90  .14|   -    -    -    -    -    -    -    -    -    -

====================================================================================================================================

 218B      2012 to  2016       5 years                                                                                    Series  42

 [A] Segment   High   -10   -9   -8   -7   -6   -5   -4   -3   -2   -1   +0   +1   +2   +3   +4   +5   +6   +7   +8   +9  +10
    ---------  ----   ---  ---  ---  ---  ---  ---  ---  ---  ---  ---  ---  ---  ---  ---  ---  ---  ---  ---  ---  ---  ---
    2012 2016   -3      -    -  .04 -.20 -.55  .55 -.07  .61*-.31 -.38  .11|   -    -    -    -    -    -    -    -    -    -

====================================================================================================================================

 219B      2011 to  2016       6 years                                                                                    Series  43

 [A] Segment   High   -10   -9   -8   -7   -6   -5   -4   -3   -2   -1   +0   +1   +2   +3   +4   +5   +6   +7   +8   +9  +10
    ---------  ----   ---  ---  ---  ---  ---  ---  ---  ---  ---  ---  ---  ---  ---  ---  ---  ---  ---  ---  ---  ---  ---
    2011 2016   -3      -    -    -  .44 -.55 -.10 -.63  .55* .26  .25 -.70|   -    -    -    -    -    -    -    -    -    -

====================================================================================================================================

 220B      2014 to  2016       3 years                                                                                    Series  44

 [A] Segment   High   -10   -9   -8   -7   -6   -5   -4   -3   -2   -1   +0   +1   +2   +3   +4   +5   +6   +7   +8   +9  +10
    ---------  ----   ---  ---  ---  ---  ---  ---  ---  ---  ---  ---  ---  ---  ---  ---  ---  ---  ---  ---  ---  ---  ---
    2014 2016   -2    .72  .95  .98 -.03 -.84 -.97  .09  .96  .99*-.80 -.17|   -    -    -    -    -    -    -    -    -    -

====================================================================================================================================

 221B      2015 to  2016       2 years                                                                                    Series  45

====================================================================================================================================

 223B      2011 to  2016       6 years                                                                                    Series  46

====================================================================================================================================

 224B      2010 to  2016       7 years                                                                                    Series  47

 [A] Segment   High   -10   -9   -8   -7   -6   -5   -4   -3   -2   -1   +0   +1   +2   +3   +4   +5   +6   +7   +8   +9  +10
    ---------  ----   ---  ---  ---  ---  ---  ---  ---  ---  ---  ---  ---  ---  ---  ---  ---  ---  ---  ---  ---  ---  ---
    2010 2016   -1      -    -    -    -  .35 -.52 -.76 -.19  .54  .56*-.02|   -    -    -    -    -    -    -    -    -    -

====================================================================================================================================

 225B      2008 to  2016       9 years                                                                                    Series  48

 [B] Entire series, effect on correlation (  .787) is:
       Lower   2015< -.090   2009< -.040   2013> -.033   2014> -.032   2010> -.009   2016> -.004  Higher   2008  .672   2011  .039

====================================================================================================================================

 226B      2013 to  2016       4 years                                                                                    Series  49

 [A] Segment   High   -10   -9   -8   -7   -6   -5   -4   -3   -2   -1   +0   +1   +2   +3   +4   +5   +6   +7   +8   +9  +10
    ---------  ----   ---  ---  ---  ---  ---  ---  ---  ---  ---  ---  ---  ---  ---  ---  ---  ---  ---  ---  ---  ---  ---
    2013 2016   -6      - -.76 -.36  .00  .96*-.10 -.03 -.98 -.12  .66  .21|   -    -    -    -    -    -    -    -    -    -

====================================================================================================================================

 227B      2013 to  2016       4 years                                                                                    Series  50

 [A] Segment   High   -10   -9   -8   -7   -6   -5   -4   -3   -2   -1   +0   +1   +2   +3   +4   +5   +6   +7   +8   +9  +10
    ---------  ----   ---  ---  ---  ---  ---  ---  ---  ---  ---  ---  ---  ---  ---  ---  ---  ---  ---  ---  ---  ---  ---
    2013 2016   -4      - -.10 -.15 -.90 -.27  .56  .91* .28 -.48 -.74  .66|   -    -    -    -    -    -    -    -    -    -

====================================================================================================================================

 228B      2014 to  2016       3 years                                                                                    Series  51

 [A] Segment   High   -10   -9   -8   -7   -6   -5   -4   -3   -2   -1   +0   +1   +2   +3   +4   +5   +6   +7   +8   +9  +10
    ---------  ----   ---  ---  ---  ---  ---  ---  ---  ---  ---  ---  ---  ---  ---  ---  ---  ---  ---  ---  ---  ---  ---
    2014 2016   -4    .80 -.16  .36 -.99  .41 -.38 1.00*-.13 -.05 -.70  .96|   -    -    -    -    -    -    -    -    -    -

====================================================================================================================================

 229B      2014 to  2016       3 years                                                                                    Series  52

 [A] Segment   High   -10   -9   -8   -7   -6   -5   -4   -3   -2   -1   +0   +1   +2   +3   +4   +5   +6   +7   +8   +9  +10
    ---------  ----   ---  ---  ---  ---  ---  ---  ---  ---  ---  ---  ---  ---  ---  ---  ---  ---  ---  ---  ---  ---  ---
    2014 2016  -10    .94* .15  .63 -.90  .11 -.64  .93  .18  .28 -.89  .82|   -    -    -    -    -    -    -    -    -    -

====================================================================================================================================

 230B      2014 to  2016       3 years                                                                                    Series  53

 [A] Segment   High   -10   -9   -8   -7   -6   -5   -4   -3   -2   -1   +0   +1   +2   +3   +4   +5   +6   +7   +8   +9  +10
    ---------  ----   ---  ---  ---  ---  ---  ---  ---  ---  ---  ---  ---  ---  ---  ---  ---  ---  ---  ---  ---  ---  ---
    2014 2016   -4    .94  .12  .61 -.92  .13 -.62  .94* .15  .25 -.87  .83|   -    -    -    -    -    -    -    -    -    -

====================================================================================================================================

 231B      2011 to  2016       6 years                                                                                    Series  54

 [A] Segment   High   -10   -9   -8   -7   -6   -5   -4   -3   -2   -1   +0   +1   +2   +3   +4   +5   +6   +7   +8   +9  +10
    ---------  ----   ---  ---  ---  ---  ---  ---  ---  ---  ---  ---  ---  ---  ---  ---  ---  ---  ---  ---  ---  ---  ---
    2011 2016   -4      -    -    - -.57 -.03 -.45  .78*-.05  .27 -.77  .26|   -    -    -    -    -    -    -    -    -    -

====================================================================================================================================

 232B      2010 to  2016       7 years                                                                                    Series  55

 [A] Segment   High   -10   -9   -8   -7   -6   -5   -4   -3   -2   -1   +0   +1   +2   +3   +4   +5   +6   +7   +8   +9  +10
    ---------  ----   ---  ---  ---  ---  ---  ---  ---  ---  ---  ---  ---  ---  ---  ---  ---  ---  ---  ---  ---  ---  ---
    2010 2016   -4      -    -    -    - -.03  .25  .63* .35 -.48 -.81  .26|   -    -    -    -    -    -    -    -    -    -

====================================================================================================================================

 233B      2016 to  2016       1 years                                                                                    Series  56

 [A] Segment   High   -10   -9   -8   -7   -6   -5   -4   -3   -2   -1   +0   +1   +2   +3   +4   +5   +6   +7   +8   +9  +10
    ---------  ----   ---  ---  ---  ---  ---  ---  ---  ---  ---  ---  ---  ---  ---  ---  ---  ---  ---  ---  ---  ---  ---
    2016 2016    0    .00  .00  .00  .00  .00  .00  .00  .00  .00  .00  .00*   -    -    -    -    -    -    -    -    -    -

====================================================================================================================================

 234B      2011 to  2016       6 years                                                                                    Series  57

 [A] Segment   High   -10   -9   -8   -7   -6   -5   -4   -3   -2   -1   +0   +1   +2   +3   +4   +5   +6   +7   +8   +9  +10
    ---------  ----   ---  ---  ---  ---  ---  ---  ---  ---  ---  ---  ---  ---  ---  ---  ---  ---  ---  ---  ---  ---  ---
    2011 2016   -6      -    -    - -.20  .51*-.49  .11 -.15  .26  .04  .34|   -    -    -    -    -    -    -    -    -    -

====================================================================================================================================

 235B      2013 to  2016       4 years                                                                                    Series  58

 [A] Segment   High   -10   -9   -8   -7   -6   -5   -4   -3   -2   -1   +0   +1   +2   +3   +4   +5   +6   +7   +8   +9  +10
    ---------  ----   ---  ---  ---  ---  ---  ---  ---  ---  ---  ---  ---  ---  ---  ---  ---  ---  ---  ---  ---  ---  ---
    2013 2016   -6      - -.73 -.23 -.25 1.00*-.14  .24 -.93 -.10  .39  .50|   -    -    -    -    -    -    -    -    -    -

====================================================================================================================================

 29B       2011 to  2016       6 years                                                                                    Series  59

====================================================================================================================================

 30B       2008 to  2016       9 years                                                                                    Series  60

 [A] Segment   High   -10   -9   -8   -7   -6   -5   -4   -3   -2   -1   +0   +1   +2   +3   +4   +5   +6   +7   +8   +9  +10
    ---------  ----   ---  ---  ---  ---  ---  ---  ---  ---  ---  ---  ---  ---  ---  ---  ---  ---  ---  ---  ---  ---  ---
    2008 2016    0      -    -    -    -    -    - -.45 -.48 -.09  .09  .23*   -    -    -    -    -    -    -    -    -    -

 [B] Entire series, effect on correlation (  .233) is:
       Lower   2015< -.435   2014> -.073   2016< -.011   2009> -.001   2013<  .000   2010>  .008  Higher   2008  .442   2011  .175
     2008 to 2016 segment:
       Lower   2015< -.435   2014> -.073   2016< -.011   2009> -.001   2013<  .000   2010>  .008  Higher   2008  .442   2011  .175

====================================================================================================================================

 31B       2008 to  2016       9 years                                                                                    Series  61

 [B] Entire series, effect on correlation (  .689) is:
       Lower   2016< -.177   2013> -.053   2015< -.022   2014> -.013   2009> -.002   2010>  .001  Higher   2008  .429   2011  .034

====================================================================================================================================

 32B       2007 to  2016      10 years                                                                                    Series  62

 [B] Entire series, effect on correlation (  .370) is:
       Lower   2016< -.367   2013> -.016   2009< -.011   2014> -.010   2007> -.004   2010>  .001  Higher   2008  .092   2011  .052

====================================================================================================================================

 33B       2014 to  2016       3 years                                                                                    Series  63

====================================================================================================================================

 36B       2012 to  2016       5 years                                                                                    Series  64

 [A] Segment   High   -10   -9   -8   -7   -6   -5   -4   -3   -2   -1   +0   +1   +2   +3   +4   +5   +6   +7   +8   +9  +10
    ---------  ----   ---  ---  ---  ---  ---  ---  ---  ---  ---  ---  ---  ---  ---  ---  ---  ---  ---  ---  ---  ---  ---
    2012 2016   -6      -    - -.29  .30  .91* .25 -.49 -.96 -.26  .80  .23|   -    -    -    -    -    -    -    -    -    -

====================================================================================================================================

 37B       2012 to  2016       5 years                                                                                    Series  65

 [A] Segment   High   -10   -9   -8   -7   -6   -5   -4   -3   -2   -1   +0   +1   +2   +3   +4   +5   +6   +7   +8   +9  +10
    ---------  ----   ---  ---  ---  ---  ---  ---  ---  ---  ---  ---  ---  ---  ---  ---  ---  ---  ---  ---  ---  ---  ---
    2012 2016   -6      -    -  .22 -.32  .60*-.58  .27 -.45  .29 -.16  .49|   -    -    -    -    -    -    -    -    -    -

====================================================================================================================================

 41B       2007 to  2016      10 years                                                                                    Series  66

 [B] Entire series, effect on correlation (  .735) is:
       Lower   2016< -.093   2014> -.067   2015> -.016   2012> -.012   2007> -.010   2013< -.010  Higher   2008  .349   2011  .048

====================================================================================================================================

 47B       2011 to  2016       6 years                                                                                    Series  67

 [A] Segment   High   -10   -9   -8   -7   -6   -5   -4   -3   -2   -1   +0   +1   +2   +3   +4   +5   +6   +7   +8   +9  +10
    ---------  ----   ---  ---  ---  ---  ---  ---  ---  ---  ---  ---  ---  ---  ---  ---  ---  ---  ---  ---  ---  ---  ---
    2011 2016   -5      -    -    -  .36  .37  .84*-.07 -.61 -.70  .48  .10|   -    -    -    -    -    -    -    -    -    -

====================================================================================================================================

 4B        2011 to  2016       6 years                                                                                    Series  68

 [A] Segment   High   -10   -9   -8   -7   -6   -5   -4   -3   -2   -1   +0   +1   +2   +3   +4   +5   +6   +7   +8   +9  +10
    ---------  ----   ---  ---  ---  ---  ---  ---  ---  ---  ---  ---  ---  ---  ---  ---  ---  ---  ---  ---  ---  ---  ---
    2011 2016   -1      -    -    -  .56 -.15 -.43 -.57  .33  .46  .69*-.81|   -    -    -    -    -    -    -    -    -    -

====================================================================================================================================

 51B       2006 to  2016      11 years                                                                                    Series  69

 [A] Segment   High   -10   -9   -8   -7   -6   -5   -4   -3   -2   -1   +0   +1   +2   +3   +4   +5   +6   +7   +8   +9  +10
    ---------  ----   ---  ---  ---  ---  ---  ---  ---  ---  ---  ---  ---  ---  ---  ---  ---  ---  ---  ---  ---  ---  ---
    2006 2016   -2      -    -    -    -    -    -    -    -  .44* .08 -.02|   -    -    -    -    -    -    -    -    -    -

 [B] Entire series, effect on correlation ( -.016) is:
       Lower   2011< -.150   2010< -.033   2012< -.018   2007> -.014   2013> -.003   2006> -.003  Higher   2015  .131   2014  .095
     2006 to 2016 segment:
       Lower   2011< -.150   2010< -.033   2012< -.018   2007> -.014   2013> -.003   2006> -.003  Higher   2015  .131   2014  .095

====================================================================================================================================

 52B       2008 to  2016       9 years                                                                                    Series  70

 [A] Segment   High   -10   -9   -8   -7   -6   -5   -4   -3   -2   -1   +0   +1   +2   +3   +4   +5   +6   +7   +8   +9  +10
    ---------  ----   ---  ---  ---  ---  ---  ---  ---  ---  ---  ---  ---  ---  ---  ---  ---  ---  ---  ---  ---  ---  ---
    2008 2016   -4      -    -    -    -    -    -  .84* .13  .00 -.53 -.14|   -    -    -    -    -    -    -    -    -    -

 [B] Entire series, effect on correlation ( -.145) is:
       Lower   2012< -.108   2008> -.082   2010< -.005   2013>  .000   2016>  .006   2011<  .022  Higher   2015  .062   2014  .040
     2008 to 2016 segment:
       Lower   2012< -.108   2008> -.082   2010< -.005   2013>  .000   2016>  .006   2011<  .022  Higher   2015  .062   2014  .040

====================================================================================================================================

 55B       2010 to  2016       7 years                                                                                    Series  71

 [A] Segment   High   -10   -9   -8   -7   -6   -5   -4   -3   -2   -1   +0   +1   +2   +3   +4   +5   +6   +7   +8   +9  +10
    ---------  ----   ---  ---  ---  ---  ---  ---  ---  ---  ---  ---  ---  ---  ---  ---  ---  ---  ---  ---  ---  ---  ---
    2010 2016   -5      -    -    -    -  .00  .68* .63  .17 -.72 -.08 -.16|   -    -    -    -    -    -    -    -    -    -

====================================================================================================================================

 56B       2009 to  2016       8 years                                                                                    Series  72

 [A] Segment   High   -10   -9   -8   -7   -6   -5   -4   -3   -2   -1   +0   +1   +2   +3   +4   +5   +6   +7   +8   +9  +10
    ---------  ----   ---  ---  ---  ---  ---  ---  ---  ---  ---  ---  ---  ---  ---  ---  ---  ---  ---  ---  ---  ---  ---
    2009 2016   -2      -    -    -    -    - -.54 -.29 -.07  .79*-.12  .10|   -    -    -    -    -    -    -    -    -    -

 [B] Entire series, effect on correlation (  .096) is:
       Lower   2014> -.190   2010< -.146   2013> -.075   2012> -.011   2009> -.006   2011>  .124  Higher   2016  .154   2015  .152
     2009 to 2016 segment:
       Lower   2014> -.190   2010< -.146   2013> -.075   2012> -.011   2009> -.006   2011>  .124  Higher   2016  .154   2015  .152

====================================================================================================================================

 62B       2011 to  2016       6 years                                                                                    Series  73

 [A] Segment   High   -10   -9   -8   -7   -6   -5   -4   -3   -2   -1   +0   +1   +2   +3   +4   +5   +6   +7   +8   +9  +10
    ---------  ----   ---  ---  ---  ---  ---  ---  ---  ---  ---  ---  ---  ---  ---  ---  ---  ---  ---  ---  ---  ---  ---
    2011 2016   -4      -    -    - -.43  .30  .62  .62*-.46 -.80 -.06  .39|   -    -    -    -    -    -    -    -    -    -

====================================================================================================================================

 66B       2009 to  2016       8 years                                                                                    Series  74

 [A] Segment   High   -10   -9   -8   -7   -6   -5   -4   -3   -2   -1   +0   +1   +2   +3   +4   +5   +6   +7   +8   +9  +10
    ---------  ----   ---  ---  ---  ---  ---  ---  ---  ---  ---  ---  ---  ---  ---  ---  ---  ---  ---  ---  ---  ---  ---
    2009 2016   -4      -    -    -    -    - -.26  .50*-.09  .03 -.22 -.07|   -    -    -    -    -    -    -    -    -    -

 [B] Entire series, effect on correlation ( -.075) is:
       Lower   2014> -.221   2013> -.137   2012< -.066   2010> -.002   2009<  .015   2016<  .095  Higher   2011  .202   2015  .099
     2009 to 2016 segment:
       Lower   2014> -.221   2013> -.137   2012< -.066   2010> -.002   2009<  .015   2016<  .095  Higher   2011  .202   2015  .099

====================================================================================================================================

 68B       2008 to  2016       9 years                                                                                    Series  75

 [B] Entire series, effect on correlation (  .500) is:
       Lower   2016< -.431   2014> -.034   2013>  .000   2009>  .001   2010>  .007   2012>  .007  Higher   2008  .121   2011  .078

====================================================================================================================================

 77B       2008 to  2016       9 years                                                                                    Series  76

 [B] Entire series, effect on correlation (  .416) is:
       Lower   2015< -.207   2014> -.122   2009< -.068   2013> -.016   2016< -.013   2010>  .009  Higher   2008  .574   2011  .126

====================================================================================================================================

 78B       2007 to  2016      10 years                                                                                    Series  77

 [B] Entire series, effect on correlation (  .648) is:
       Lower   2016< -.262   2014> -.023   2013> -.016   2010> -.004   2012< -.002   2009> -.001  Higher   2008  .248   2011  .058

====================================================================================================================================

 79B       2011 to  2016       6 years                                                                                    Series  78

====================================================================================================================================

 80B       2009 to  2016       8 years                                                                                    Series  79

 [A] Segment   High   -10   -9   -8   -7   -6   -5   -4   -3   -2   -1   +0   +1   +2   +3   +4   +5   +6   +7   +8   +9  +10
    ---------  ----   ---  ---  ---  ---  ---  ---  ---  ---  ---  ---  ---  ---  ---  ---  ---  ---  ---  ---  ---  ---  ---
    2009 2016   -1      -    -    -    -    - -.12 -.58 -.27 -.01  .34* .27|   -    -    -    -    -    -    -    -    -    -

 [B] Entire series, effect on correlation (  .269) is:
       Lower   2014> -.226   2012> -.059   2009< -.027   2010> -.004   2013<  .019   2015>  .022  Higher   2011  .156   2016  .116
     2009 to 2016 segment:
       Lower   2014> -.226   2012> -.059   2009< -.027   2010> -.004   2013<  .019   2015>  .022  Higher   2011  .156   2016  .116

====================================================================================================================================

 84B       2011 to  2016       6 years                                                                                    Series  80

 [A] Segment   High   -10   -9   -8   -7   -6   -5   -4   -3   -2   -1   +0   +1   +2   +3   +4   +5   +6   +7   +8   +9  +10
    ---------  ----   ---  ---  ---  ---  ---  ---  ---  ---  ---  ---  ---  ---  ---  ---  ---  ---  ---  ---  ---  ---  ---
    2011 2016   -2      -    -    -  .29 -.36 -.51 -.51  .48  .68*-.17 -.35|   -    -    -    -    -    -    -    -    -    -

====================================================================================================================================

 93B       2011 to  2016       6 years                                                                                    Series  81

 [A] Segment   High   -10   -9   -8   -7   -6   -5   -4   -3   -2   -1   +0   +1   +2   +3   +4   +5   +6   +7   +8   +9  +10
    ---------  ----   ---  ---  ---  ---  ---  ---  ---  ---  ---  ---  ---  ---  ---  ---  ---  ---  ---  ---  ---  ---  ---
    2011 2016   -6      -    -    -  .16  .82* .46  .13 -.81 -.49  .42  .50|   -    -    -    -    -    -    -    -    -    -

====================================================================================================================================

 96B       2012 to  2016       5 years                                                                                    Series  82

 [A] Segment   High   -10   -9   -8   -7   -6   -5   -4   -3   -2   -1   +0   +1   +2   +3   +4   +5   +6   +7   +8   +9  +10
    ---------  ----   ---  ---  ---  ---  ---  ---  ---  ---  ---  ---  ---  ---  ---  ---  ---  ---  ---  ---  ---  ---  ---
    2012 2016   -4      -    -  .33 -.56  .13 -.64  .55* .06  .37 -.63  .43|   -    -    -    -    -    -    -    -    -    -

====================================================================================================================================

 97B       2012 to  2016       5 years                                                                                    Series  83

 [A] Segment   High   -10   -9   -8   -7   -6   -5   -4   -3   -2   -1   +0   +1   +2   +3   +4   +5   +6   +7   +8   +9  +10
    ---------  ----   ---  ---  ---  ---  ---  ---  ---  ---  ---  ---  ---  ---  ---  ---  ---  ---  ---  ---  ---  ---  ---
    2012 2016   -4      -    - -.29 -.77 -.50 -.24  .98* .36 -.02 -.69 -.11|   -    -    -    -    -    -    -    -    -    -

====================================================================================================================================

 98B       2012 to  2016       5 years                                                                                    Series  84

 [A] Segment   High   -10   -9   -8   -7   -6   -5   -4   -3   -2   -1   +0   +1   +2   +3   +4   +5   +6   +7   +8   +9  +10
    ---------  ----   ---  ---  ---  ---  ---  ---  ---  ---  ---  ---  ---  ---  ---  ---  ---  ---  ---  ---  ---  ---  ---
    2012 2016   -5      -    -  .00 -.29 -.26  .62*-.11  .33 -.42 -.34  .43|   -    -    -    -    -    -    -    -    -    -

====================================================================================================================================
PART 7:  DESCRIPTIVE STATISTICS:                                                                   12:30  Thu 16 May 2019  Page   7
------------------------------------------------------------------------------------------------------------------------------------

                                                Corr   //-------- Unfiltered --------\\  //---- Filtered -----\\
                           No.    No.    No.    with   Mean   Max     Std   Auto   Mean   Max     Std   Auto  AR
 Seq Series   Interval   Years  Segmt  Flags   Master  msmt   msmt    dev   corr   sens  value    dev   corr  ()
 --- -------- ---------  -----  -----  -----   ------ -----  -----  -----  -----  -----  -----  -----  -----  --
   1 100B     2009 2016      8      1      1   -.611    .07    .15   .038   .290   .488   2.94  1.113  -.239   1
   2 101B     2012 2016      5      1      1   -.299    .43    .71   .255   .497   .505   2.37   .464  -.532   0
   3 102B     2015 2016      2      1      1  -1.000    .27    .33   .085   .000   .444   2.12   .273   .000   0
   4 105B     2009 2016      8      1      1   -.540    .20    .25   .032   .317   .167   2.59   .833  -.046   1
   5 111B     2012 2016      5      1      1    .501    .40    .51   .120  -.643   .521   2.23   .436  -.541   0
   6 112B     2009 2016      8      1      1    .314    .23    .38   .101   .898   .193   2.85   .959   .296   1
   7 117B     2010 2016      7      1      0    .562    .55    .85   .160  -.041   .286   2.32   .243  -.092   0
   8 119B     2011 2016      6      1      1    .335    .37    .59   .153   .919   .205   2.07   .126   .076   0
   9 120B     2010 2016      7      1      1    .066    .30    .50   .107   .211   .289   2.38   .252  -.383   0
  10 127B     2011 2016      6      1      1    .564    .09    .11   .015   .259   .180   2.11   .147  -.018   0
  11 128B     2011 2016      6      1      1    .647    .38    .65   .146   .522   .299   2.21   .286   .251   0
  12 129B     2012 2016      5      1      1   -.852    .46    .58   .119   .732   .177   2.06   .113  -.507   0
  13 130B     2011 2016      6      1      1    .489    .32    .45   .067  -.367   .171   2.12   .167   .321   0
  14 131B     2010 2016      7      1      1   -.075    .62    .73   .085  -.472   .221   2.13   .132  -.547   0
  15 132B     2011 2016      6      1      1    .492    .38    .51   .100   .172   .262   2.20   .247   .318   0
  16 137B     2009 2016      8      1      1   -.248    .38    .68   .187   .585   .379   2.55   .865   .135   1
  17 139B     2010 2016      7      1      0    .399    .44    .53   .049  -.279   .141   2.14   .108  -.314   0
  18 141B     2013 2016      4      1      1    .370    .61    .70   .113  -.472   .206   2.08   .151  -.497   0
  19 161B     2009 2016      8      1      1   -.135    .39    .60   .154   .788   .253   2.53   .924   .004   1
  20 169B     2011 2016      6      1      1    .071    .11    .15   .044   .014   .414   2.32   .385  -.448   0
  21 16B      2011 2016      6      1      1    .125    .08    .14   .042  -.294   .759   2.32   .872  -.346   0
  22 183BA    2004 2016     13      1      0    .525    .27    .40   .076   .467   .273   2.46   .763  -.118   1
  23 184BA    2007 2016     10      1      1   -.287    .50    .60   .068  -.139   .168   2.61   .738  -.137   1
  24 18B      2011 2016      6      1      0    .925    .22    .34   .091   .822   .218   2.09   .105  -.520   0
  25 192B     2011 2016      6      1      1   -.061    .44    .51   .056   .081   .121   2.12   .121  -.309   0
  26 193B     2011 2016      6      1      1    .016    .27    .45   .163   .569   .412   2.24   .456  -.251   0
  27 197B     2008 2016      9      1      0    .816    .29    .42   .118   .904   .173   2.47   .741   .225   4
  28 198B     2013 2016      4      1      0    .876    .43    .47   .038   .381   .061   2.00   .043  -.779   0
  29 199B     2010 2016      7      1      1   -.015    .37    .45   .060   .461   .127   2.04   .131  -.018   0
  30 201B     2007 2016     10      1      1   -.331    .34    .53   .100   .175   .289   2.79   .918  -.147   1
  31 202B     2012 2016      5      1      1   -.126    .21    .27   .087   .693   .384   2.24   .354  -.167   0
  32 203B     2010 2016      7      1      1   -.505    .11    .15   .026   .191   .238   2.07   .157  -.439   0
  33 206B     2008 2016      9      1      1   -.215    .46   1.10   .341   .772   .460   2.52   .899  -.089   1
  34 208B     2016 2016      1      1      1    .000    .11    .11   .000   .000   .000   1.95   .000   .000   0
  35 210B     2012 2016      5      1      1   -.871    .44    .63   .158   .647   .266   2.10   .149  -.110   0
  36 211B     2013 2016      4      1      1    .282    .17    .19   .022  -.327   .185   2.04   .118  -.390   0
  37 212B     2012 2016      5      1      1   -.235    .24    .26   .027  -.330   .146   2.25   .194  -.305   0
  38 214B     2008 2016      9      1      1   -.115    .48    .57   .088   .744   .114   2.36   .720  -.085   1
  39 215B     2013 2016      4      1      0    .812    .21    .23   .022  -.075   .131   2.03   .080  -.777   0
  40 216B     2010 2016      7      1      1    .131    .52    .62   .096  -.649   .218   2.19   .253  -.187   0
  41 217B     2012 2016      5      1      1    .145    .43    .59   .164   .813   .321   2.11   .197  -.540   0
  42 218B     2012 2016      5      1      1    .105    .43    .54   .082   .442   .175   2.03   .073  -.475   0
  43 219B     2011 2016      6      1      1   -.701    .42    .46   .033  -.821   .113   2.03   .066  -.522   0
  44 220B     2014 2016      3      1      1   -.168    .52    .67   .155  1.000   .308   2.21   .325  1.000   0
  45 221B     2015 2016      2      1      0   1.000    .32    .34   .021   .000   .092   1.98   .056   .000   0
  46 223B     2011 2016      6      1      0    .694    .44    .49   .041   .349   .083   2.01   .051  -.320   0
  47 224B     2010 2016      7      1      1   -.015    .25    .49   .137   .395   .406   2.52   .431   .219   0
  48 225B     2008 2016      9      1      0    .787    .22    .59   .213   .663   .739   2.55   .755   .560   4
PART 7:  DESCRIPTIVE STATISTICS:                                                                   12:30  Thu 16 May 2019  Page   8
------------------------------------------------------------------------------------------------------------------------------------

                                                Corr   //-------- Unfiltered --------\\  //---- Filtered -----\\
                           No.    No.    No.    with   Mean   Max     Std   Auto   Mean   Max     Std   Auto  AR
 Seq Series   Interval   Years  Segmt  Flags   Master  msmt   msmt    dev   corr   sens  value    dev   corr  ()
 --- -------- ---------  -----  -----  -----   ------ -----  -----  -----  -----  -----  -----  -----  -----  --
  49 226B     2013 2016      4      1      1    .211    .28    .46   .125   .628   .325   2.10   .186  -.376   0
  50 227B     2013 2016      4      1      1    .655    .39    .61   .163  -.194   .513   2.33   .344  -.348   0
  51 228B     2014 2016      3      1      1    .960    .49    .65   .136 -1.000   .441   2.20   .237 -1.000   0
  52 229B     2014 2016      3      1      1    .818   1.01   1.22   .194 -1.000   .304   2.13   .181 -1.000   0
  53 230B     2014 2016      3      1      1    .834    .67    .88   .186 -1.000   .430   2.20   .253 -1.000   0
  54 231B     2011 2016      6      1      1    .263    .31    .37   .072  -.891   .345   2.16   .217  -.627   0
  55 232B     2010 2016      7      1      1    .258    .37    .60   .131   .657   .241   2.24   .195  -.236   0
  56 233B     2016 2016      1      1      1    .000    .30    .30   .000   .000   .000   1.95   .000   .000   0
  57 234B     2011 2016      6      1      1    .342    .42    .53   .096  -.707   .355   2.22   .246  -.718   0
  58 235B     2013 2016      4      1      1    .496    .38    .57   .162  -.948   .669   2.11   .411  -.480   0
  59 29B      2011 2016      6      1      0    .359    .42    .64   .110  -.287   .277   2.20   .188  -.680   0
  60 30B      2008 2016      9      1      1    .233    .58    .77   .138   .428   .172   2.88   .962   .153   1
  61 31B      2008 2016      9      1      0    .689    .50    .73   .174   .481   .293   2.49   .924   .032   1
  62 32B      2007 2016     10      1      0    .370    .37    .55   .140   .532   .347   2.40   .730  -.038   1
  63 33B      2014 2016      3      1      0    .932    .30    .35   .050 -1.000   .244   2.11   .177 -1.000   0
  64 36B      2012 2016      5      1      1    .227    .17    .28   .074   .182   .515   2.27   .439  -.009   0
  65 37B      2012 2016      5      1      1    .490    .34    .40   .059  -.695   .272   2.10   .143  -.862   0
  66 41B      2007 2016     10      1      0    .735    .26    .37   .077   .285   .340   2.67   .865  -.137   1
  67 47B      2011 2016      6      1      1    .101    .09    .16   .038  -.321   .476   2.35   .391  -.272   0
  68 4B       2011 2016      6      1      1   -.810    .20    .23   .033   .257   .197   2.09   .154  -.185   0
  69 51B      2006 2016     11      1      1   -.016    .12    .19   .035  -.322   .366   2.66   .799  -.130   1
  70 52B      2008 2016      9      1      1   -.145    .09    .15   .027   .364   .254   2.78   .812  -.006   1
  71 55B      2010 2016      7      1      1   -.159    .29    .62   .186   .823   .407   2.70   .670   .336   0
  72 56B      2009 2016      8      1      1    .096    .75    .91   .147   .553   .160   2.48   .985  -.065   2
  73 62B      2011 2016      6      1      1    .390    .82   1.11   .145   .502   .096   2.07   .100   .243   0
  74 66B      2009 2016      8      1      1   -.075    .62    .78   .141   .762   .145   2.56   .858  -.344   1
  75 68B      2008 2016      9      1      0    .500    .71   1.17   .300   .752   .239   2.49   .789  -.117   2
  76 77B      2008 2016      9      1      0    .416    .30    .52   .128   .518   .305   2.87  1.047   .371   2
  77 78B      2007 2016     10      1      0    .648    .25    .35   .066   .456   .211   2.65   .854  -.059   1
  78 79B      2011 2016      6      1      0    .436    .28    .35   .042  -.520   .220   2.12   .135  -.522   0
  79 80B      2009 2016      8      1      1    .269    .28    .45   .107   .090   .407   2.82   .964  -.061   2
  80 84B      2011 2016      6      1      1   -.346    .22    .25   .020  -.118   .089   2.04   .091   .097   0
  81 93B      2011 2016      6      1      1    .496    .11    .19   .048   .349   .448   2.40   .419   .041   0
  82 96B      2012 2016      5      1      1    .428    .19    .32   .099  -.908   .832   2.36   .436  -.989   0
  83 97B      2012 2016      5      1      1   -.111    .25    .36   .066  -.497   .288   2.36   .965  -.065   0
  84 98B      2012 2016      5      1      1    .431    .55    .61   .056  -.024   .136   2.02   .085  -.459   0
 --- -------- ---------  -----  -----  -----   ------ -----  -----  -----  -----  -----  -----  -----  -----  --
 Total or mean:            529     84     65    .178    .35   1.22   .104   .197   .290   2.94   .503  -.171

                                              - = [  COFECHA ABCO1COF  ] = -
