[]  Dendrochronology Program Library                                        Run ABCO0  Program COF  14:25  Mon 20 May 2019  Page   1
[]
[]  P R O G R A M      C O F E C H A                                                                          Version 6.06P    30822
------------------------------------------------------------------------------------------------------------------------------------

 QUALITY CONTROL AND DATING CHECK OF TREE-RING MEASUREMENTS

 Title of run:           test01                                  

 File of DATED series:   live_abco_big.rwl

 File of UNDATED series: live_abco_big_nochron.rwl

 CONTENTS:

    Part 1:  Title page, options selected, summary, absent rings by series
    Part 2:  Histogram of time spans
    Part 3:  Master series with sample depth and absent rings by year
    Part 4:  Bar plot of Master Dating Series
    Part 5:  Correlation by segment of each series with Master
    Part 6:  Potential problems: low correlation, divergent year-to-year changes, absent rings, outliers
    Part 7:  Descriptive statistics
    Part 8:  Undated series - adjustments for highest correlations

 RUN CONTROL OPTIONS SELECTED                             VALUE

         1  Cubic smoothing spline 50% wavelength cutoff for filtering
                                                            32 years
         2  Segments examined are                           50 years lagged successively by  25 years
         3  Autoregressive model applied                     A  Residuals are used in master dating series and testing
         4  Series transformed to logarithms                 Y  Each series log-transformed for master dating series and testing
         5  CORRELATION is Pearson (parametric, quantitative)
            Critical correlation, 99% confidence level   .3281
         6  Master dating series saved                       N
         7  Ring measurements listed                         N
         8  Parts printed                             12345678 
         9  Absent rings are omitted from master series and segment correlations  (Y)

 Time span of Master dating series is  2004 to  2016    13 years
 Continuous time span is               2004 to  2016    13 years
 Portion with two or more series is    2007 to  2016    10 years


                                        ****************************************
                                        *C* Number of dated series        44 *C*
                                        *O* Master series 2004 2016   13 yrs *O*
                                        *F* Total rings in all series    310 *F*
                                        *E* Total dated rings checked    307 *E*
                                        *C* Series intercorrelation     .194 *C*
                                        *H* Average mean sensitivity    .268 *H*
                                        *A* Segments, possible problems   31 *A*
                                        *** Mean length of series        7.0 ***
                                        ****************************************

 ABSENT RINGS listed by SERIES:            (See Master Dating Series for absent rings listed by year)

               No ring measurements of zero value
PART 2:  TIME PLOT OF TREE-RING SERIES: test01                                                     14:25  Mon 20 May 2019  Page   2
------------------------------------------------------------------------------------------------------------------------------------
 1050 1100 1150 1200 1250 1300 1350 1400 1450 1500 1550 1600 1650 1700 1750 1800 1850 1900 1950 2000 2050 Ident   Seq Time-span  Yrs
   :    :    :    :    :    :    :    :    :    :    :    :    :    :    :    :    :    :    :    :    : -------- --- ---- ---- ----
   .    .    .    .    .    .    .    .    .    .    .    .    .    .    .    .    .    .    .    .>   . 101B       1 2012 2016    5
   .    .    .    .    .    .    .    .    .    .    .    .    .    .    .    .    .    .    .    .>   . 111B       2 2012 2016    5
   .    .    .    .    .    .    .    .    .    .    .    .    .    .    .    .    .    .    .    .>   . 117B       3 2010 2016    7
   .    .    .    .    .    .    .    .    .    .    .    .    .    .    .    .    .    .    .    .>   . 128B       4 2011 2016    6
   .    .    .    .    .    .    .    .    .    .    .    .    .    .    .    .    .    .    .    .>   . 129B       5 2012 2016    5
   .    .    .    .    .    .    .    .    .    .    .    .    .    .    .    .    .    .    .    .>   . 131B       6 2010 2016    7
   .    .    .    .    .    .    .    .    .    .    .    .    .    .    .    .    .    .    .    .>   . 132B       7 2011 2016    6
   .    .    .    .    .    .    .    .    .    .    .    .    .    .    .    .    .    .    .    <>   . 137B       8 2009 2016    8
   .    .    .    .    .    .    .    .    .    .    .    .    .    .    .    .    .    .    .    .>   . 139B       9 2010 2016    7
   .    .    .    .    .    .    .    .    .    .    .    .    .    .    .    .    .    .    .    .>   . 141B      10 2013 2016    4
   .    .    .    .    .    .    .    .    .    .    .    .    .    .    .    .    .    .    .    <>   . 161B      11 2009 2016    8
   .    .    .    .    .    .    .    .    .    .    .    .    .    .    .    .    .    .    .    <>   . 183BA     12 2004 2016   13
   .    .    .    .    .    .    .    .    .    .    .    .    .    .    .    .    .    .    .    <>   . 184BA     13 2007 2016   10
   .    .    .    .    .    .    .    .    .    .    .    .    .    .    .    .    .    .    .    .>   . 192B      14 2011 2016    6
   .    .    .    .    .    .    .    .    .    .    .    .    .    .    .    .    .    .    .    <>   . 197B      15 2008 2016    9
   .    .    .    .    .    .    .    .    .    .    .    .    .    .    .    .    .    .    .    .>   . 198B      16 2013 2016    4
   .    .    .    .    .    .    .    .    .    .    .    .    .    .    .    .    .    .    .    .>   . 199B      17 2010 2016    7
   .    .    .    .    .    .    .    .    .    .    .    .    .    .    .    .    .    .    .    <>   . 201B      18 2007 2016   10
   .    .    .    .    .    .    .    .    .    .    .    .    .    .    .    .    .    .    .    <>   . 206B      19 2008 2016    9
   .    .    .    .    .    .    .    .    .    .    .    .    .    .    .    .    .    .    .    .>   . 210B      20 2012 2016    5
   .    .    .    .    .    .    .    .    .    .    .    .    .    .    .    .    .    .    .    <>   . 214B      21 2008 2016    9
   .    .    .    .    .    .    .    .    .    .    .    .    .    .    .    .    .    .    .    .>   . 216B      22 2010 2016    7
   .    .    .    .    .    .    .    .    .    .    .    .    .    .    .    .    .    .    .    .>   . 217B      23 2012 2016    5
   .    .    .    .    .    .    .    .    .    .    .    .    .    .    .    .    .    .    .    .>   . 218B      24 2012 2016    5
   .    .    .    .    .    .    .    .    .    .    .    .    .    .    .    .    .    .    .    .>   . 219B      25 2011 2016    6
   .    .    .    .    .    .    .    .    .    .    .    .    .    .    .    .    .    .    .    .>   . 223B      26 2011 2016    6
   .    .    .    .    .    .    .    .    .    .    .    .    .    .    .    .    .    .    .    .>   . 224B      27 2010 2016    7
   .    .    .    .    .    .    .    .    .    .    .    .    .    .    .    .    .    .    .    <>   . 225B      28 2008 2016    9
   .    .    .    .    .    .    .    .    .    .    .    .    .    .    .    .    .    .    .    .>   . 229B      29 2014 2016    3
   .    .    .    .    .    .    .    .    .    .    .    .    .    .    .    .    .    .    .    .>   . 230B      30 2014 2016    3
   .    .    .    .    .    .    .    .    .    .    .    .    .    .    .    .    .    .    .    .>   . 231B      31 2011 2016    6
   .    .    .    .    .    .    .    .    .    .    .    .    .    .    .    .    .    .    .    .>   . 232B      32 2010 2016    7
   .    .    .    .    .    .    .    .    .    .    .    .    .    .    .    .    .    .    .    .>   . 234B      33 2011 2016    6
   .    .    .    .    .    .    .    .    .    .    .    .    .    .    .    .    .    .    .    <>   . 30B       34 2008 2016    9
   .    .    .    .    .    .    .    .    .    .    .    .    .    .    .    .    .    .    .    <>   . 31B       35 2008 2016    9
   .    .    .    .    .    .    .    .    .    .    .    .    .    .    .    .    .    .    .    <>   . 32B       36 2007 2016   10
   .    .    .    .    .    .    .    .    .    .    .    .    .    .    .    .    .    .    .    <>   . 41B       37 2007 2016   10
   .    .    .    .    .    .    .    .    .    .    .    .    .    .    .    .    .    .    .    .>   . 55B       38 2010 2016    7
   .    .    .    .    .    .    .    .    .    .    .    .    .    .    .    .    .    .    .    <>   . 56B       39 2009 2016    8
   .    .    .    .    .    .    .    .    .    .    .    .    .    .    .    .    .    .    .    .>   . 62B       40 2011 2016    6
   .    .    .    .    .    .    .    .    .    .    .    .    .    .    .    .    .    .    .    <>   . 66B       41 2009 2016    8
   .    .    .    .    .    .    .    .    .    .    .    .    .    .    .    .    .    .    .    <>   . 68B       42 2008 2016    9
   .    .    .    .    .    .    .    .    .    .    .    .    .    .    .    .    .    .    .    <>   . 77B       43 2008 2016    9
   .    .    .    .    .    .    .    .    .    .    .    .    .    .    .    .    .    .    .    .>   . 98B       44 2012 2016    5
   :    :    :    :    :    :    :    :    :    :    :    :    :    :    :    :    :    :    :    :    :
 1050 1100 1150 1200 1250 1300 1350 1400 1450 1500 1550 1600 1650 1700 1750 1800 1850 1900 1950 2000 2050
   :    :    :    :    :    :    :    :    :    :    :    :    :    :    :    :    :    :    :    :    :
 1050 1100 1150 1200 1250 1300 1350 1400 1450 1500 1550 1600 1650 1700 1750 1800 1850 1900 1950 2000 2050
PART 3:  Master Dating Series: test01                                                              14:25  Mon 20 May 2019  Page   3
------------------------------------------------------------------------------------------------------------------------------------
  Year  Value  No Ab    Year  Value  No Ab    Year  Value  No Ab    Year  Value  No Ab    Year  Value  No Ab    Year  Value  No Ab
  ------------------    ------------------    ------------------    ------------------    ------------------    ------------------




  2004  1.312   1
  2005  2.270   1
  2006   .076   1
  2007  -.443   5
  2008 -1.827  13
  2009  -.943  17

  2010  -.331  25
  2011   .831  33
  2012   .296  40
  2013  -.393  42
  2014  -.454  44
  2015   .233  44
  2016  -.627  44




































------------------------------------------------------------------------------------------------------------------------------------
PART 4:  Master Bar Plot: test01                                                                   14:25  Mon 20 May 2019  Page   4
------------------------------------------------------------------------------------------------------------------------------------
   Year Rel value  Year Rel value  Year Rel value  Year Rel value  Year Rel value  Year Rel value  Year Rel value  Year Rel value




   2004---------E
   2005----------I
   2006-----@
   2007---b
   2008g
   2009d
   2010----a
   2011--------C
   2012-------A
   2013----b
   2014--b
   2015------A
   2016-c

































PART 5:  CORRELATION OF SERIES BY SEGMENTS: test01                                                 14:25  Mon 20 May 2019  Page   5
------------------------------------------------------------------------------------------------------------------------------------
 Correlations of  50-year dated segments, lagged  25 years
 Flags:  A = correlation under   .3281 but highest as dated;  B = correlation higher at other than dated position

 Seq Series  Time_span   2000
                         2049
 --- -------- ---------  ---- ---- ---- ---- ---- ---- ---- ---- ---- ---- ---- ---- ---- ---- ---- ---- ---- ---- ---- ----
   1 101B     2012 2016  -.81B
   2 111B     2012 2016  -.12B
   3 117B     2010 2016   .42B
   4 128B     2011 2016   .27B
   5 129B     2012 2016  -.93B
   6 131B     2010 2016   .12B
   7 132B     2011 2016   .18B
   8 137B     2009 2016  -.53B
   9 139B     2010 2016   .17B
  10 141B     2013 2016   .79
  11 161B     2009 2016   .17B
  12 183BA    2004 2016   .64
  13 184BA    2007 2016  -.30B
  14 192B     2011 2016  -.18B
  15 197B     2008 2016   .80
  16 198B     2013 2016   .48B
  17 199B     2010 2016   .23B
  18 201B     2007 2016  -.24B
  19 206B     2008 2016  -.35B
  20 210B     2012 2016  -.60B
  21 214B     2008 2016  -.03B
  22 216B     2010 2016   .23B
  23 217B     2012 2016   .30B
  24 218B     2012 2016   .53B
  25 219B     2011 2016  -.37B
  26 223B     2011 2016   .40B
  27 224B     2010 2016  -.06B
  28 225B     2008 2016   .84
  29 229B     2014 2016   .98
  30 230B     2014 2016   .97
  31 231B     2011 2016   .14B
  32 232B     2010 2016   .06B
  33 234B     2011 2016  -.08B
  34 30B      2008 2016   .42
  35 31B      2008 2016   .76
  36 32B      2007 2016   .40
  37 41B      2007 2016   .77
  38 55B      2010 2016  -.47B
  39 56B      2009 2016   .36B
  40 62B      2011 2016   .03B
  41 66B      2009 2016   .06B
  42 68B      2008 2016   .61
  43 77B      2008 2016   .61
  44 98B      2012 2016   .72
 Av segment correlation   .19
PART 6:  POTENTIAL PROBLEMS: test01                                                                14:25  Mon 20 May 2019  Page   5
------------------------------------------------------------------------------------------------------------------------------------

 For each series with potential problems the following diagnostics may appear:

 [A] Correlations with master dating series of flagged  50-year segments of series filtered with  32-year spline,
     at every point from ten years earlier (-10) to ten years later (+10) than dated

 [B] Effect of those data values which most lower or raise correlation with master series
     Symbol following year indicates value in series is greater (>) or lesser (<) than master series value

 [C] Year-to-year changes very different from the mean change in other series

 [D] Absent rings (zero values)

 [E] Values which are statistical outliers from mean for the year
====================================================================================================================================

 101B      2012 to  2016       5 years                                                                                    Series   1

 [A] Segment   High   -10   -9   -8   -7   -6   -5   -4   -3   -2   -1   +0   +1   +2   +3   +4   +5   +6   +7   +8   +9  +10
    ---------  ----   ---  ---  ---  ---  ---  ---  ---  ---  ---  ---  ---  ---  ---  ---  ---  ---  ---  ---  ---  ---  ---
    2012 2016   -6      -    - -.15 -.01  .59*-.18  .18 -.62  .50  .26 -.81|   -    -    -    -    -    -    -    -    -    -

====================================================================================================================================

 111B      2012 to  2016       5 years                                                                                    Series   2

 [A] Segment   High   -10   -9   -8   -7   -6   -5   -4   -3   -2   -1   +0   +1   +2   +3   +4   +5   +6   +7   +8   +9  +10
    ---------  ----   ---  ---  ---  ---  ---  ---  ---  ---  ---  ---  ---  ---  ---  ---  ---  ---  ---  ---  ---  ---  ---
    2012 2016   -6      -    -  .19 -.12  .93*-.24  .04 -.81  .14  .47 -.12|   -    -    -    -    -    -    -    -    -    -

====================================================================================================================================

 117B      2010 to  2016       7 years                                                                                    Series   3

 [A] Segment   High   -10   -9   -8   -7   -6   -5   -4   -3   -2   -1   +0   +1   +2   +3   +4   +5   +6   +7   +8   +9  +10
    ---------  ----   ---  ---  ---  ---  ---  ---  ---  ---  ---  ---  ---  ---  ---  ---  ---  ---  ---  ---  ---  ---  ---
    2010 2016   -1      -    -    -    -  .32 -.03 -.55 -.46  .11  .76* .42|   -    -    -    -    -    -    -    -    -    -

====================================================================================================================================

 128B      2011 to  2016       6 years                                                                                    Series   4

 [A] Segment   High   -10   -9   -8   -7   -6   -5   -4   -3   -2   -1   +0   +1   +2   +3   +4   +5   +6   +7   +8   +9  +10
    ---------  ----   ---  ---  ---  ---  ---  ---  ---  ---  ---  ---  ---  ---  ---  ---  ---  ---  ---  ---  ---  ---  ---
    2011 2016   -6      -    -    -  .01  .75* .67  .25 -.63 -.75  .05  .27|   -    -    -    -    -    -    -    -    -    -

====================================================================================================================================

 129B      2012 to  2016       5 years                                                                                    Series   5

 [A] Segment   High   -10   -9   -8   -7   -6   -5   -4   -3   -2   -1   +0   +1   +2   +3   +4   +5   +6   +7   +8   +9  +10
    ---------  ----   ---  ---  ---  ---  ---  ---  ---  ---  ---  ---  ---  ---  ---  ---  ---  ---  ---  ---  ---  ---  ---
    2012 2016   -2      -    - -.05  .16 -.14 -.33  .09 -.04  .75*-.05 -.93|   -    -    -    -    -    -    -    -    -    -

====================================================================================================================================

 131B      2010 to  2016       7 years                                                                                    Series   6

 [A] Segment   High   -10   -9   -8   -7   -6   -5   -4   -3   -2   -1   +0   +1   +2   +3   +4   +5   +6   +7   +8   +9  +10
    ---------  ----   ---  ---  ---  ---  ---  ---  ---  ---  ---  ---  ---  ---  ---  ---  ---  ---  ---  ---  ---  ---  ---
    2010 2016   -1      -    -    -    -  .16  .14 -.23 -.53  .11  .26* .12|   -    -    -    -    -    -    -    -    -    -

====================================================================================================================================

 132B      2011 to  2016       6 years                                                                                    Series   7

 [A] Segment   High   -10   -9   -8   -7   -6   -5   -4   -3   -2   -1   +0   +1   +2   +3   +4   +5   +6   +7   +8   +9  +10
    ---------  ----   ---  ---  ---  ---  ---  ---  ---  ---  ---  ---  ---  ---  ---  ---  ---  ---  ---  ---  ---  ---  ---
    2011 2016   -5      -    -    - -.06  .58  .82* .35 -.50 -.81 -.10  .18|   -    -    -    -    -    -    -    -    -    -

====================================================================================================================================

 137B      2009 to  2016       8 years                                                                                    Series   8

 [A] Segment   High   -10   -9   -8   -7   -6   -5   -4   -3   -2   -1   +0   +1   +2   +3   +4   +5   +6   +7   +8   +9  +10
    ---------  ----   ---  ---  ---  ---  ---  ---  ---  ---  ---  ---  ---  ---  ---  ---  ---  ---  ---  ---  ---  ---  ---
    2009 2016   -4      -    -    -    -    -  .19  .78* .45 -.10 -.45 -.53|   -    -    -    -    -    -    -    -    -    -

 [B] Entire series, effect on correlation ( -.529) is:
       Lower   2011< -.178   2013> -.031   2009> -.028   2010> -.007   2014>  .001   2016>  .005  Higher   2015  .186   2012  .094
     2009 to 2016 segment:
       Lower   2011< -.178   2013> -.031   2009> -.028   2010> -.007   2014>  .001   2016>  .005  Higher   2015  .186   2012  .094

====================================================================================================================================

 139B      2010 to  2016       7 years                                                                                    Series   9

 [A] Segment   High   -10   -9   -8   -7   -6   -5   -4   -3   -2   -1   +0   +1   +2   +3   +4   +5   +6   +7   +8   +9  +10
    ---------  ----   ---  ---  ---  ---  ---  ---  ---  ---  ---  ---  ---  ---  ---  ---  ---  ---  ---  ---  ---  ---  ---
    2010 2016   -1      -    -    -    -  .13 -.04 -.51 -.14  .08  .79* .17|   -    -    -    -    -    -    -    -    -    -

====================================================================================================================================

 141B      2013 to  2016       4 years                                                                                    Series  10

====================================================================================================================================

 161B      2009 to  2016       8 years                                                                                    Series  11

 [A] Segment   High   -10   -9   -8   -7   -6   -5   -4   -3   -2   -1   +0   +1   +2   +3   +4   +5   +6   +7   +8   +9  +10
    ---------  ----   ---  ---  ---  ---  ---  ---  ---  ---  ---  ---  ---  ---  ---  ---  ---  ---  ---  ---  ---  ---  ---
    2009 2016   -1      -    -    -    -    - -.46 -.70 -.11 -.06  .62* .17|   -    -    -    -    -    -    -    -    -    -

 [B] Entire series, effect on correlation (  .170) is:
       Lower   2013> -.158   2015< -.097   2010> -.084   2014> -.023   2012>  .015   2009<  .033  Higher   2016  .219   2011  .160
     2009 to 2016 segment:
       Lower   2013> -.158   2015< -.097   2010> -.084   2014> -.023   2012>  .015   2009<  .033  Higher   2016  .219   2011  .160

====================================================================================================================================

 183BA     2004 to  2016      13 years                                                                                    Series  12

 [*] Early part of series cannot be checked from 2004 to 2006 -- not matched by another series

 [B] Entire series, effect on correlation (  .639) is:
       Lower   2010< -.129   2007> -.063   2013< -.042   2014> -.023   2016> -.023   2009> -.001  Higher   2008  .460   2015  .035

====================================================================================================================================

 184BA     2007 to  2016      10 years                                                                                    Series  13

 [A] Segment   High   -10   -9   -8   -7   -6   -5   -4   -3   -2   -1   +0   +1   +2   +3   +4   +5   +6   +7   +8   +9  +10
    ---------  ----   ---  ---  ---  ---  ---  ---  ---  ---  ---  ---  ---  ---  ---  ---  ---  ---  ---  ---  ---  ---  ---
    2007 2016   -3      -    -    -    -    -    -    -  .01*-.44 -.32 -.30|   -    -    -    -    -    -    -    -    -    -

 [B] Entire series, effect on correlation ( -.303) is:
       Lower   2008> -.093   2016> -.025   2015< -.010   2009> -.007   2007< -.006   2010>  .007  Higher   2013  .185   2011  .026
     2007 to 2016 segment:
       Lower   2008> -.093   2016> -.025   2015< -.010   2009> -.007   2007< -.006   2010>  .007  Higher   2013  .185   2011  .026

====================================================================================================================================

 192B      2011 to  2016       6 years                                                                                    Series  14

 [A] Segment   High   -10   -9   -8   -7   -6   -5   -4   -3   -2   -1   +0   +1   +2   +3   +4   +5   +6   +7   +8   +9  +10
    ---------  ----   ---  ---  ---  ---  ---  ---  ---  ---  ---  ---  ---  ---  ---  ---  ---  ---  ---  ---  ---  ---  ---
    2011 2016   -5      -    -    -  .10  .30  .77* .29 -.34 -.55 -.12 -.18|   -    -    -    -    -    -    -    -    -    -

====================================================================================================================================

 197B      2008 to  2016       9 years                                                                                    Series  15

 [B] Entire series, effect on correlation (  .798) is:
       Lower   2013> -.063   2015< -.054   2016> -.040   2014< -.013   2010> -.012   2012< -.007  Higher   2008  .627   2011  .031

====================================================================================================================================

 198B      2013 to  2016       4 years                                                                                    Series  16

 [A] Segment   High   -10   -9   -8   -7   -6   -5   -4   -3   -2   -1   +0   +1   +2   +3   +4   +5   +6   +7   +8   +9  +10
    ---------  ----   ---  ---  ---  ---  ---  ---  ---  ---  ---  ---  ---  ---  ---  ---  ---  ---  ---  ---  ---  ---  ---
    2013 2016   -6      - -.51  .27 -.76  .69*-.22  .62 -.48 -.13  .28  .48|   -    -    -    -    -    -    -    -    -    -

====================================================================================================================================

 199B      2010 to  2016       7 years                                                                                    Series  17

 [A] Segment   High   -10   -9   -8   -7   -6   -5   -4   -3   -2   -1   +0   +1   +2   +3   +4   +5   +6   +7   +8   +9  +10
    ---------  ----   ---  ---  ---  ---  ---  ---  ---  ---  ---  ---  ---  ---  ---  ---  ---  ---  ---  ---  ---  ---  ---
    2010 2016   -2      -    -    -    - -.56 -.75 -.12  .19  .77* .23  .23|   -    -    -    -    -    -    -    -    -    -

====================================================================================================================================

 201B      2007 to  2016      10 years                                                                                    Series  18

 [A] Segment   High   -10   -9   -8   -7   -6   -5   -4   -3   -2   -1   +0   +1   +2   +3   +4   +5   +6   +7   +8   +9  +10
    ---------  ----   ---  ---  ---  ---  ---  ---  ---  ---  ---  ---  ---  ---  ---  ---  ---  ---  ---  ---  ---  ---  ---
    2007 2016   -1      -    -    -    -    -    -    - -.46 -.60 -.03*-.24|   -    -    -    -    -    -    -    -    -    -

 [B] Entire series, effect on correlation ( -.238) is:
       Lower   2007< -.129   2015< -.104   2016> -.039   2012< -.021   2009> -.002   2013<  .001  Higher   2011  .263   2008  .079
     2007 to 2016 segment:
       Lower   2007< -.129   2015< -.104   2016> -.039   2012< -.021   2009> -.002   2013<  .001  Higher   2011  .263   2008  .079

====================================================================================================================================

 206B      2008 to  2016       9 years                                                                                    Series  19

 [A] Segment   High   -10   -9   -8   -7   -6   -5   -4   -3   -2   -1   +0   +1   +2   +3   +4   +5   +6   +7   +8   +9  +10
    ---------  ----   ---  ---  ---  ---  ---  ---  ---  ---  ---  ---  ---  ---  ---  ---  ---  ---  ---  ---  ---  ---  ---
    2008 2016   -3      -    -    -    -    -    -  .03  .21*-.20  .17 -.35|   -    -    -    -    -    -    -    -    -    -

 [B] Entire series, effect on correlation ( -.345) is:
       Lower   2008> -.297   2011< -.046   2016> -.023   2014< -.008   2010< -.004   2009<  .002  Higher   2015  .116   2013  .098
     2008 to 2016 segment:
       Lower   2008> -.297   2011< -.046   2016> -.023   2014< -.008   2010< -.004   2009<  .002  Higher   2015  .116   2013  .098

====================================================================================================================================

 210B      2012 to  2016       5 years                                                                                    Series  20

 [A] Segment   High   -10   -9   -8   -7   -6   -5   -4   -3   -2   -1   +0   +1   +2   +3   +4   +5   +6   +7   +8   +9  +10
    ---------  ----   ---  ---  ---  ---  ---  ---  ---  ---  ---  ---  ---  ---  ---  ---  ---  ---  ---  ---  ---  ---  ---
    2012 2016   -2      -    -  .32  .17 -.60 -.59 -.03  .44  .85*-.33 -.60|   -    -    -    -    -    -    -    -    -    -

====================================================================================================================================

 214B      2008 to  2016       9 years                                                                                    Series  21

 [A] Segment   High   -10   -9   -8   -7   -6   -5   -4   -3   -2   -1   +0   +1   +2   +3   +4   +5   +6   +7   +8   +9  +10
    ---------  ----   ---  ---  ---  ---  ---  ---  ---  ---  ---  ---  ---  ---  ---  ---  ---  ---  ---  ---  ---  ---  ---
    2008 2016   -1      -    -    -    -    -    - -.50 -.29 -.18  .10*-.03|   -    -    -    -    -    -    -    -    -    -

 [B] Entire series, effect on correlation ( -.030) is:
       Lower   2015< -.806   2016> -.017   2009> -.001   2013>  .000   2014>  .008   2010>  .017  Higher   2008  .304   2011  .100
     2008 to 2016 segment:
       Lower   2015< -.806   2016> -.017   2009> -.001   2013>  .000   2014>  .008   2010>  .017  Higher   2008  .304   2011  .100

====================================================================================================================================

 216B      2010 to  2016       7 years                                                                                    Series  22

 [A] Segment   High   -10   -9   -8   -7   -6   -5   -4   -3   -2   -1   +0   +1   +2   +3   +4   +5   +6   +7   +8   +9  +10
    ---------  ----   ---  ---  ---  ---  ---  ---  ---  ---  ---  ---  ---  ---  ---  ---  ---  ---  ---  ---  ---  ---  ---
    2010 2016   -2      -    -    -    - -.45 -.55 -.19  .11  .70* .48  .23|   -    -    -    -    -    -    -    -    -    -

====================================================================================================================================

 217B      2012 to  2016       5 years                                                                                    Series  23

 [A] Segment   High   -10   -9   -8   -7   -6   -5   -4   -3   -2   -1   +0   +1   +2   +3   +4   +5   +6   +7   +8   +9  +10
    ---------  ----   ---  ---  ---  ---  ---  ---  ---  ---  ---  ---  ---  ---  ---  ---  ---  ---  ---  ---  ---  ---  ---
    2012 2016   -3      -    -  .35 -.67 -.36 -.57  .52  .61* .37 -.73  .30|   -    -    -    -    -    -    -    -    -    -

====================================================================================================================================

 218B      2012 to  2016       5 years                                                                                    Series  24

 [A] Segment   High   -10   -9   -8   -7   -6   -5   -4   -3   -2   -1   +0   +1   +2   +3   +4   +5   +6   +7   +8   +9  +10
    ---------  ----   ---  ---  ---  ---  ---  ---  ---  ---  ---  ---  ---  ---  ---  ---  ---  ---  ---  ---  ---  ---  ---
    2012 2016   -3      -    - -.13 -.08 -.62  .41 -.02  .62*-.60 -.24  .53|   -    -    -    -    -    -    -    -    -    -

====================================================================================================================================

 219B      2011 to  2016       6 years                                                                                    Series  25

 [A] Segment   High   -10   -9   -8   -7   -6   -5   -4   -3   -2   -1   +0   +1   +2   +3   +4   +5   +6   +7   +8   +9  +10
    ---------  ----   ---  ---  ---  ---  ---  ---  ---  ---  ---  ---  ---  ---  ---  ---  ---  ---  ---  ---  ---  ---  ---
    2011 2016   -3      -    -    -  .38 -.69 -.12 -.60  .53* .19  .30 -.37|   -    -    -    -    -    -    -    -    -    -

====================================================================================================================================

 223B      2011 to  2016       6 years                                                                                    Series  26

 [A] Segment   High   -10   -9   -8   -7   -6   -5   -4   -3   -2   -1   +0   +1   +2   +3   +4   +5   +6   +7   +8   +9  +10
    ---------  ----   ---  ---  ---  ---  ---  ---  ---  ---  ---  ---  ---  ---  ---  ---  ---  ---  ---  ---  ---  ---  ---
    2011 2016   -1      -    -    - -.03  .35  .39 -.15 -.22 -.65  .45* .40|   -    -    -    -    -    -    -    -    -    -

====================================================================================================================================

 224B      2010 to  2016       7 years                                                                                    Series  27

 [A] Segment   High   -10   -9   -8   -7   -6   -5   -4   -3   -2   -1   +0   +1   +2   +3   +4   +5   +6   +7   +8   +9  +10
    ---------  ----   ---  ---  ---  ---  ---  ---  ---  ---  ---  ---  ---  ---  ---  ---  ---  ---  ---  ---  ---  ---  ---
    2010 2016   -1      -    -    -    -  .13 -.61 -.72 -.24  .49  .76*-.06|   -    -    -    -    -    -    -    -    -    -

====================================================================================================================================

 225B      2008 to  2016       9 years                                                                                    Series  28

 [B] Entire series, effect on correlation (  .836) is:
       Lower   2015< -.050   2013> -.033   2016> -.026   2010> -.022   2009< -.020   2012> -.005  Higher   2008  .481   2011  .033

====================================================================================================================================

 229B      2014 to  2016       3 years                                                                                    Series  29

====================================================================================================================================

 230B      2014 to  2016       3 years                                                                                    Series  30

====================================================================================================================================

 231B      2011 to  2016       6 years                                                                                    Series  31

 [A] Segment   High   -10   -9   -8   -7   -6   -5   -4   -3   -2   -1   +0   +1   +2   +3   +4   +5   +6   +7   +8   +9  +10
    ---------  ----   ---  ---  ---  ---  ---  ---  ---  ---  ---  ---  ---  ---  ---  ---  ---  ---  ---  ---  ---  ---  ---
    2011 2016   -4      -    -    - -.65  .09 -.44  .72* .01  .23 -.66  .14|   -    -    -    -    -    -    -    -    -    -

====================================================================================================================================

 232B      2010 to  2016       7 years                                                                                    Series  32

 [A] Segment   High   -10   -9   -8   -7   -6   -5   -4   -3   -2   -1   +0   +1   +2   +3   +4   +5   +6   +7   +8   +9  +10
    ---------  ----   ---  ---  ---  ---  ---  ---  ---  ---  ---  ---  ---  ---  ---  ---  ---  ---  ---  ---  ---  ---  ---
    2010 2016   -4      -    -    -    -  .06  .30  .57* .31 -.50 -.61  .06|   -    -    -    -    -    -    -    -    -    -

====================================================================================================================================

 234B      2011 to  2016       6 years                                                                                    Series  33

 [A] Segment   High   -10   -9   -8   -7   -6   -5   -4   -3   -2   -1   +0   +1   +2   +3   +4   +5   +6   +7   +8   +9  +10
    ---------  ----   ---  ---  ---  ---  ---  ---  ---  ---  ---  ---  ---  ---  ---  ---  ---  ---  ---  ---  ---  ---  ---
    2011 2016   -6      -    -    - -.24  .45*-.44  .14 -.22  .27  .30 -.08|   -    -    -    -    -    -    -    -    -    -

====================================================================================================================================

 30B       2008 to  2016       9 years                                                                                    Series  34

 [B] Entire series, effect on correlation (  .424) is:
       Lower   2015< -.400   2014> -.011   2009>  .000   2013<  .000   2010>  .004   2016<  .015  Higher   2008  .194   2011  .174

====================================================================================================================================

 31B       2008 to  2016       9 years                                                                                    Series  35

 [B] Entire series, effect on correlation (  .759) is:
       Lower   2016< -.108   2013> -.057   2009> -.015   2010> -.009   2015> -.007   2014>  .000  Higher   2008  .299   2011  .016

====================================================================================================================================

 32B       2007 to  2016      10 years                                                                                    Series  36

 [B] Entire series, effect on correlation (  .403) is:
       Lower   2016< -.271   2007> -.085   2013> -.009   2009< -.005   2010>  .001   2014>  .002  Higher   2008  .082   2011  .056

====================================================================================================================================

 41B       2007 to  2016      10 years                                                                                    Series  37

 [B] Entire series, effect on correlation (  .772) is:
       Lower   2007> -.102   2016< -.053   2013< -.019   2014> -.005   2015> -.004   2010> -.001  Higher   2008  .263   2011  .052

====================================================================================================================================

 55B       2010 to  2016       7 years                                                                                    Series  38

 [A] Segment   High   -10   -9   -8   -7   -6   -5   -4   -3   -2   -1   +0   +1   +2   +3   +4   +5   +6   +7   +8   +9  +10
    ---------  ----   ---  ---  ---  ---  ---  ---  ---  ---  ---  ---  ---  ---  ---  ---  ---  ---  ---  ---  ---  ---  ---
    2010 2016   -5      -    -    -    -  .17  .84* .57  .13 -.58 -.40 -.47|   -    -    -    -    -    -    -    -    -    -

====================================================================================================================================

 56B       2009 to  2016       8 years                                                                                    Series  39

 [A] Segment   High   -10   -9   -8   -7   -6   -5   -4   -3   -2   -1   +0   +1   +2   +3   +4   +5   +6   +7   +8   +9  +10
    ---------  ----   ---  ---  ---  ---  ---  ---  ---  ---  ---  ---  ---  ---  ---  ---  ---  ---  ---  ---  ---  ---  ---
    2009 2016   -2      -    -    -    -    - -.67 -.15  .05  .66* .06  .36|   -    -    -    -    -    -    -    -    -    -

 [B] Entire series, effect on correlation (  .356) is:
       Lower   2010< -.183   2013> -.087   2014> -.047   2009> -.033   2012>  .004   2011>  .034  Higher   2016  .257   2015  .054
     2009 to 2016 segment:
       Lower   2010< -.183   2013> -.087   2014> -.047   2009> -.033   2012>  .004   2011>  .034  Higher   2016  .257   2015  .054

====================================================================================================================================

 62B       2011 to  2016       6 years                                                                                    Series  40

 [A] Segment   High   -10   -9   -8   -7   -6   -5   -4   -3   -2   -1   +0   +1   +2   +3   +4   +5   +6   +7   +8   +9  +10
    ---------  ----   ---  ---  ---  ---  ---  ---  ---  ---  ---  ---  ---  ---  ---  ---  ---  ---  ---  ---  ---  ---  ---
    2011 2016   -5      -    -    - -.30  .50  .69* .63 -.39 -.60 -.32  .03|   -    -    -    -    -    -    -    -    -    -

====================================================================================================================================

 66B       2009 to  2016       8 years                                                                                    Series  41

 [A] Segment   High   -10   -9   -8   -7   -6   -5   -4   -3   -2   -1   +0   +1   +2   +3   +4   +5   +6   +7   +8   +9  +10
    ---------  ----   ---  ---  ---  ---  ---  ---  ---  ---  ---  ---  ---  ---  ---  ---  ---  ---  ---  ---  ---  ---  ---
    2009 2016   -4      -    -    -    -    - -.27  .40* .02  .07 -.23  .06|   -    -    -    -    -    -    -    -    -    -

 [B] Entire series, effect on correlation (  .056) is:
       Lower   2012< -.337   2013> -.148   2014> -.052   2010> -.015   2009<  .033   2015>  .036  Higher   2011  .259   2016  .183
     2009 to 2016 segment:
       Lower   2012< -.337   2013> -.148   2014> -.052   2010> -.015   2009<  .033   2015>  .036  Higher   2011  .259   2016  .183

====================================================================================================================================

 68B       2008 to  2016       9 years                                                                                    Series  42

 [B] Entire series, effect on correlation (  .606) is:
       Lower   2016< -.350   2008> -.012   2009> -.008   2010> -.007   2013>  .000   2014>  .001  Higher   2011  .074   2015  .024

====================================================================================================================================

 77B       2008 to  2016       9 years                                                                                    Series  43

 [B] Entire series, effect on correlation (  .609) is:
       Lower   2015< -.169   2009< -.051   2014> -.046   2013> -.019   2010> -.005   2012>  .009  Higher   2008  .283   2011  .115

====================================================================================================================================

 98B       2012 to  2016       5 years                                                                                    Series  44

====================================================================================================================================
PART 7:  DESCRIPTIVE STATISTICS: test01                                                            14:25  Mon 20 May 2019  Page   6
------------------------------------------------------------------------------------------------------------------------------------

                                                Corr   //-------- Unfiltered --------\\  //---- Filtered -----\\
                           No.    No.    No.    with   Mean   Max     Std   Auto   Mean   Max     Std   Auto  AR
 Seq Series   Interval   Years  Segmt  Flags   Master  msmt   msmt    dev   corr   sens  value    dev   corr  ()
 --- -------- ---------  -----  -----  -----   ------ -----  -----  -----  -----  -----  -----  -----  -----  --
   1 101B     2012 2016      5      1      1   -.812    .43    .71   .255   .497   .505   2.37   .464  -.532   0
   2 111B     2012 2016      5      1      1   -.121    .40    .51   .120  -.643   .521   2.23   .436  -.541   0
   3 117B     2010 2016      7      1      1    .425    .55    .85   .160  -.041   .286   2.32   .243  -.092   0
   4 128B     2011 2016      6      1      1    .266    .38    .65   .146   .522   .299   2.21   .286   .251   0
   5 129B     2012 2016      5      1      1   -.926    .46    .58   .119   .732   .177   2.06   .113  -.507   0
   6 131B     2010 2016      7      1      1    .123    .62    .73   .085  -.472   .221   2.13   .132  -.547   0
   7 132B     2011 2016      6      1      1    .177    .38    .51   .100   .172   .262   2.20   .247   .318   0
   8 137B     2009 2016      8      1      1   -.529    .38    .68   .187   .585   .379   2.55   .865   .135   1
   9 139B     2010 2016      7      1      1    .175    .44    .53   .049  -.279   .141   2.14   .108  -.314   0
  10 141B     2013 2016      4      1      0    .794    .61    .70   .113  -.472   .206   2.08   .151  -.497   0
  11 161B     2009 2016      8      1      1    .170    .39    .60   .154   .788   .253   2.53   .924   .004   1
  12 183BA    2004 2016     13      1      0    .639    .27    .40   .076   .467   .273   2.46   .763  -.118   1
  13 184BA    2007 2016     10      1      1   -.303    .50    .60   .068  -.139   .168   2.61   .738  -.137   1
  14 192B     2011 2016      6      1      1   -.176    .44    .51   .056   .081   .121   2.12   .121  -.309   0
  15 197B     2008 2016      9      1      0    .798    .29    .42   .118   .904   .173   2.47   .741   .225   4
  16 198B     2013 2016      4      1      1    .478    .43    .47   .038   .381   .061   2.00   .043  -.779   0
  17 199B     2010 2016      7      1      1    .227    .37    .45   .060   .461   .127   2.04   .131  -.018   0
  18 201B     2007 2016     10      1      1   -.238    .34    .53   .100   .175   .289   2.79   .918  -.147   1
  19 206B     2008 2016      9      1      1   -.345    .46   1.10   .341   .772   .460   2.52   .899  -.089   1
  20 210B     2012 2016      5      1      1   -.595    .44    .63   .158   .647   .266   2.10   .149  -.110   0
  21 214B     2008 2016      9      1      1   -.030    .48    .57   .088   .744   .114   2.36   .720  -.085   1
  22 216B     2010 2016      7      1      1    .232    .52    .62   .096  -.649   .218   2.19   .253  -.187   0
  23 217B     2012 2016      5      1      1    .303    .43    .59   .164   .813   .321   2.11   .197  -.540   0
  24 218B     2012 2016      5      1      1    .528    .43    .54   .082   .442   .175   2.03   .073  -.475   0
  25 219B     2011 2016      6      1      1   -.375    .42    .46   .033  -.821   .113   2.03   .066  -.522   0
  26 223B     2011 2016      6      1      1    .398    .44    .49   .041   .349   .083   2.01   .051  -.320   0
  27 224B     2010 2016      7      1      1   -.057    .25    .49   .137   .395   .406   2.52   .431   .219   0
  28 225B     2008 2016      9      1      0    .836    .22    .59   .213   .663   .739   2.55   .755   .560   4
  29 229B     2014 2016      3      1      0    .981   1.01   1.22   .194 -1.000   .304   2.13   .181 -1.000   0
  30 230B     2014 2016      3      1      0    .975    .67    .88   .186 -1.000   .430   2.20   .253 -1.000   0
  31 231B     2011 2016      6      1      1    .139    .31    .37   .072  -.891   .345   2.16   .217  -.627   0
  32 232B     2010 2016      7      1      1    .058    .37    .60   .131   .657   .241   2.24   .195  -.236   0
  33 234B     2011 2016      6      1      1   -.079    .42    .53   .096  -.707   .355   2.22   .246  -.718   0
  34 30B      2008 2016      9      1      0    .424    .58    .77   .138   .428   .172   2.88   .962   .153   1
  35 31B      2008 2016      9      1      0    .759    .50    .73   .174   .481   .293   2.49   .924   .032   1
  36 32B      2007 2016     10      1      0    .403    .37    .55   .140   .532   .347   2.40   .730  -.038   1
  37 41B      2007 2016     10      1      0    .772    .26    .37   .077   .285   .340   2.67   .865  -.137   1
  38 55B      2010 2016      7      1      1   -.475    .29    .62   .186   .823   .407   2.70   .670   .336   0
  39 56B      2009 2016      8      1      1    .356    .75    .91   .147   .553   .160   2.48   .985  -.065   2
  40 62B      2011 2016      6      1      1    .028    .82   1.11   .145   .502   .096   2.07   .100   .243   0
  41 66B      2009 2016      8      1      1    .056    .62    .78   .141   .762   .145   2.56   .858  -.344   1
  42 68B      2008 2016      9      1      0    .606    .71   1.17   .300   .752   .239   2.49   .789  -.117   2
  43 77B      2008 2016      9      1      0    .609    .30    .52   .128   .518   .305   2.87  1.047   .371   2
  44 98B      2012 2016      5      1      0    .716    .55    .61   .056  -.024   .136   2.02   .085  -.459   0
 --- -------- ---------  -----  -----  -----   ------ -----  -----  -----  -----  -----  -----  -----  -----  --
 Total or mean:            310     44     31    .194    .44   1.22   .130   .293   .268   2.88   .535  -.135
PART 8:  ADJUSTMENTS FOR UNDATED SERIES: test01                                                    14:25  Mon 20 May 2019  Page   7
------------------------------------------------------------------------------------------------------------------------------------

 Time span  2004  2016    13 years, best matches for  50-year segments lagged  25 years
 Listed in order from highest correlation

           Counted       Corr      Corr      Corr      Corr      Corr      Corr      Corr      Corr      Corr      Corr      Corr
 Series    Segment   Add  # 1  Add  # 2  Add  # 3  Add  # 4  Add  # 5  Add  # 6  Add  # 7  Add  # 8  Add  # 9  Add  #10  Add  #11
 -------- ---------  --------  --------  --------  --------  --------  --------  --------  --------  --------  --------  --------
 100B     2009 2016    -1 .59    -3 .47    -2 .12   --- ---   --- ---   --- ---   --- ---   --- ---   --- ---   --- ---   --- ---
===================  ========  ========  ========  ========  ========  ========  ========  ========  ========  ========  ========
           Counted       Corr      Corr      Corr      Corr      Corr      Corr      Corr      Corr      Corr      Corr      Corr
 Series    Segment   Add  # 1  Add  # 2  Add  # 3  Add  # 4  Add  # 5  Add  # 6  Add  # 7  Add  # 8  Add  # 9  Add  #10  Add  #11
 -------- ---------  --------  --------  --------  --------  --------  --------  --------  --------  --------  --------  --------
 102B     2015 2016    -11.00    -51.00    -61.00    -71.00   -111.00    -21.00   --- ---   --- ---   --- ---   --- ---   --- ---
===================  ========  ========  ========  ========  ========  ========  ========  ========  ========  ========  ========
           Counted       Corr      Corr      Corr      Corr      Corr      Corr      Corr      Corr      Corr      Corr      Corr
 Series    Segment   Add  # 1  Add  # 2  Add  # 3  Add  # 4  Add  # 5  Add  # 6  Add  # 7  Add  # 8  Add  # 9  Add  #10  Add  #11
 -------- ---------  --------  --------  --------  --------  --------  --------  --------  --------  --------  --------  --------
 105B     2009 2016    -3 .90    -4 .27    -5 .10    -2 .06   --- ---   --- ---   --- ---   --- ---   --- ---   --- ---   --- ---
===================  ========  ========  ========  ========  ========  ========  ========  ========  ========  ========  ========
           Counted       Corr      Corr      Corr      Corr      Corr      Corr      Corr      Corr      Corr      Corr      Corr
 Series    Segment   Add  # 1  Add  # 2  Add  # 3  Add  # 4  Add  # 5  Add  # 6  Add  # 7  Add  # 8  Add  # 9  Add  #10  Add  #11
 -------- ---------  --------  --------  --------  --------  --------  --------  --------  --------  --------  --------  --------
 112B     2009 2016    -4 .73    -5 .69     0 .19   --- ---   --- ---   --- ---   --- ---   --- ---   --- ---   --- ---   --- ---
===================  ========  ========  ========  ========  ========  ========  ========  ========  ========  ========  ========
           Counted       Corr      Corr      Corr      Corr      Corr      Corr      Corr      Corr      Corr      Corr      Corr
 Series    Segment   Add  # 1  Add  # 2  Add  # 3  Add  # 4  Add  # 5  Add  # 6  Add  # 7  Add  # 8  Add  # 9  Add  #10  Add  #11
 -------- ---------  --------  --------  --------  --------  --------  --------  --------  --------  --------  --------  --------
 119B     2011 2016    -5 .83    -1 .51    -6 .45    -7 .29     0 .16   --- ---   --- ---   --- ---   --- ---   --- ---   --- ---
===================  ========  ========  ========  ========  ========  ========  ========  ========  ========  ========  ========
           Counted       Corr      Corr      Corr      Corr      Corr      Corr      Corr      Corr      Corr      Corr      Corr
 Series    Segment   Add  # 1  Add  # 2  Add  # 3  Add  # 4  Add  # 5  Add  # 6  Add  # 7  Add  # 8  Add  # 9  Add  #10  Add  #11
 -------- ---------  --------  --------  --------  --------  --------  --------  --------  --------  --------  --------  --------
 120B     2010 2016    -1 .44     0 .30    -3 .21    -2 .08   --- ---   --- ---   --- ---   --- ---   --- ---   --- ---   --- ---
===================  ========  ========  ========  ========  ========  ========  ========  ========  ========  ========  ========
           Counted       Corr      Corr      Corr      Corr      Corr      Corr      Corr      Corr      Corr      Corr      Corr
 Series    Segment   Add  # 1  Add  # 2  Add  # 3  Add  # 4  Add  # 5  Add  # 6  Add  # 7  Add  # 8  Add  # 9  Add  #10  Add  #11
 -------- ---------  --------  --------  --------  --------  --------  --------  --------  --------  --------  --------  --------
 127B     2011 2016     0 .63    -5 .62    -4 .41    -6 .14   --- ---   --- ---   --- ---   --- ---   --- ---   --- ---   --- ---
===================  ========  ========  ========  ========  ========  ========  ========  ========  ========  ========  ========
           Counted       Corr      Corr      Corr      Corr      Corr      Corr      Corr      Corr      Corr      Corr      Corr
 Series    Segment   Add  # 1  Add  # 2  Add  # 3  Add  # 4  Add  # 5  Add  # 6  Add  # 7  Add  # 8  Add  # 9  Add  #10  Add  #11
 -------- ---------  --------  --------  --------  --------  --------  --------  --------  --------  --------  --------  --------
 130B     2011 2016    -5 .72    -4 .71    -6 .34     0 .28   --- ---   --- ---   --- ---   --- ---   --- ---   --- ---   --- ---
===================  ========  ========  ========  ========  ========  ========  ========  ========  ========  ========  ========
           Counted       Corr      Corr      Corr      Corr      Corr      Corr      Corr      Corr      Corr      Corr      Corr
 Series    Segment   Add  # 1  Add  # 2  Add  # 3  Add  # 4  Add  # 5  Add  # 6  Add  # 7  Add  # 8  Add  # 9  Add  #10  Add  #11
 -------- ---------  --------  --------  --------  --------  --------  --------  --------  --------  --------  --------  --------
 169B     2011 2016    -6 .74    -7 .36    -1 .12    -2 .07    -4 .02   --- ---   --- ---   --- ---   --- ---   --- ---   --- ---
===================  ========  ========  ========  ========  ========  ========  ========  ========  ========  ========  ========
           Counted       Corr      Corr      Corr      Corr      Corr      Corr      Corr      Corr      Corr      Corr      Corr
 Series    Segment   Add  # 1  Add  # 2  Add  # 3  Add  # 4  Add  # 5  Add  # 6  Add  # 7  Add  # 8  Add  # 9  Add  #10  Add  #11
 -------- ---------  --------  --------  --------  --------  --------  --------  --------  --------  --------  --------  --------
 16B      2011 2016    -5 .88     0 .28    -7 .14    -6 .02   --- ---   --- ---   --- ---   --- ---   --- ---   --- ---   --- ---
===================  ========  ========  ========  ========  ========  ========  ========  ========  ========  ========  ========
           Counted       Corr      Corr      Corr      Corr      Corr      Corr      Corr      Corr      Corr      Corr      Corr
 Series    Segment   Add  # 1  Add  # 2  Add  # 3  Add  # 4  Add  # 5  Add  # 6  Add  # 7  Add  # 8  Add  # 9  Add  #10  Add  #11
 -------- ---------  --------  --------  --------  --------  --------  --------  --------  --------  --------  --------  --------
 18B      2011 2016     0 .74    -6 .63    -4 .46    -5 .11   --- ---   --- ---   --- ---   --- ---   --- ---   --- ---   --- ---
===================  ========  ========  ========  ========  ========  ========  ========  ========  ========  ========  ========
           Counted       Corr      Corr      Corr      Corr      Corr      Corr      Corr      Corr      Corr      Corr      Corr
 Series    Segment   Add  # 1  Add  # 2  Add  # 3  Add  # 4  Add  # 5  Add  # 6  Add  # 7  Add  # 8  Add  # 9  Add  #10  Add  #11
 -------- ---------  --------  --------  --------  --------  --------  --------  --------  --------  --------  --------  --------
 193B     2011 2016    -1 .71    -6 .41    -2 .22    -7 .10   --- ---   --- ---   --- ---   --- ---   --- ---   --- ---   --- ---
===================  ========  ========  ========  ========  ========  ========  ========  ========  ========  ========  ========
           Counted       Corr      Corr      Corr      Corr      Corr      Corr      Corr      Corr      Corr      Corr      Corr
 Series    Segment   Add  # 1  Add  # 2  Add  # 3  Add  # 4  Add  # 5  Add  # 6  Add  # 7  Add  # 8  Add  # 9  Add  #10  Add  #11
 -------- ---------  --------  --------  --------  --------  --------  --------  --------  --------  --------  --------  --------
 202B     2012 2016    -3 .79    -4 .65    -2 .35     0 .22    -8 .12   --- ---   --- ---   --- ---   --- ---   --- ---   --- ---
===================  ========  ========  ========  ========  ========  ========  ========  ========  ========  ========  ========
           Counted       Corr      Corr      Corr      Corr      Corr      Corr      Corr      Corr      Corr      Corr      Corr
 Series    Segment   Add  # 1  Add  # 2  Add  # 3  Add  # 4  Add  # 5  Add  # 6  Add  # 7  Add  # 8  Add  # 9  Add  #10  Add  #11
 -------- ---------  --------  --------  --------  --------  --------  --------  --------  --------  --------  --------  --------
 203B     2010 2016    -4 .46    -2 .05   --- ---   --- ---   --- ---   --- ---   --- ---   --- ---   --- ---   --- ---   --- ---
===================  ========  ========  ========  ========  ========  ========  ========  ========  ========  ========  ========
           Counted       Corr      Corr      Corr      Corr      Corr      Corr      Corr      Corr      Corr      Corr      Corr
 Series    Segment   Add  # 1  Add  # 2  Add  # 3  Add  # 4  Add  # 5  Add  # 6  Add  # 7  Add  # 8  Add  # 9  Add  #10  Add  #11
 -------- ---------  --------  --------  --------  --------  --------  --------  --------  --------  --------  --------  --------
 208B     2016 2016     0 .00    -1 .00    -2 .00    -3 .00    -4 .00    -5 .00    -6 .00    -7 .00    -8 .00    -9 .00   -10 .00
===================  ========  ========  ========  ========  ========  ========  ========  ========  ========  ========  ========
           Counted       Corr      Corr      Corr      Corr      Corr      Corr      Corr      Corr      Corr      Corr      Corr
 Series    Segment   Add  # 1  Add  # 2  Add  # 3  Add  # 4  Add  # 5  Add  # 6  Add  # 7  Add  # 8  Add  # 9  Add  #10  Add  #11
 -------- ---------  --------  --------  --------  --------  --------  --------  --------  --------  --------  --------  --------
 211B     2013 2016    -6 .98    -1 .89    -4 .13    -2 .07    -5 .01   --- ---   --- ---   --- ---   --- ---   --- ---   --- ---
===================  ========  ========  ========  ========  ========  ========  ========  ========  ========  ========  ========
           Counted       Corr      Corr      Corr      Corr      Corr      Corr      Corr      Corr      Corr      Corr      Corr
 Series    Segment   Add  # 1  Add  # 2  Add  # 3  Add  # 4  Add  # 5  Add  # 6  Add  # 7  Add  # 8  Add  # 9  Add  #10  Add  #11
 -------- ---------  --------  --------  --------  --------  --------  --------  --------  --------  --------  --------  --------
 212B     2012 2016    -5 .84    -1 .35    -6 .26    -7 .17    -4 .01   --- ---   --- ---   --- ---   --- ---   --- ---   --- ---
===================  ========  ========  ========  ========  ========  ========  ========  ========  ========  ========  ========
           Counted       Corr      Corr      Corr      Corr      Corr      Corr      Corr      Corr      Corr      Corr      Corr
 Series    Segment   Add  # 1  Add  # 2  Add  # 3  Add  # 4  Add  # 5  Add  # 6  Add  # 7  Add  # 8  Add  # 9  Add  #10  Add  #11
 -------- ---------  --------  --------  --------  --------  --------  --------  --------  --------  --------  --------  --------
 215B     2013 2016    -6 .77    -4 .53     0 .46    -8 .28    -1 .24   --- ---   --- ---   --- ---   --- ---   --- ---   --- ---
===================  ========  ========  ========  ========  ========  ========  ========  ========  ========  ========  ========
           Counted       Corr      Corr      Corr      Corr      Corr      Corr      Corr      Corr      Corr      Corr      Corr
 Series    Segment   Add  # 1  Add  # 2  Add  # 3  Add  # 4  Add  # 5  Add  # 6  Add  # 7  Add  # 8  Add  # 9  Add  #10  Add  #11
 -------- ---------  --------  --------  --------  --------  --------  --------  --------  --------  --------  --------  --------
 220B     2014 2016    -3 .96    -8 .94    -9 .84   -10 .82     0 .60    -2 .47   --- ---   --- ---   --- ---   --- ---   --- ---
===================  ========  ========  ========  ========  ========  ========  ========  ========  ========  ========  ========
           Counted       Corr      Corr      Corr      Corr      Corr      Corr      Corr      Corr      Corr      Corr      Corr
 Series    Segment   Add  # 1  Add  # 2  Add  # 3  Add  # 4  Add  # 5  Add  # 6  Add  # 7  Add  # 8  Add  # 9  Add  #10  Add  #11
 -------- ---------  --------  --------  --------  --------  --------  --------  --------  --------  --------  --------  --------
 221B     2015 2016     01.00    -31.00   -101.00    -41.00    -81.00    -91.00   --- ---   --- ---   --- ---   --- ---   --- ---
===================  ========  ========  ========  ========  ========  ========  ========  ========  ========  ========  ========
           Counted       Corr      Corr      Corr      Corr      Corr      Corr      Corr      Corr      Corr      Corr      Corr
 Series    Segment   Add  # 1  Add  # 2  Add  # 3  Add  # 4  Add  # 5  Add  # 6  Add  # 7  Add  # 8  Add  # 9  Add  #10  Add  #11
 -------- ---------  --------  --------  --------  --------  --------  --------  --------  --------  --------  --------  --------
 226B     2013 2016    -6 .96    -1 .92    -2 .09    -4 .07    -7 .02    -5 .02   --- ---   --- ---   --- ---   --- ---   --- ---
===================  ========  ========  ========  ========  ========  ========  ========  ========  ========  ========  ========
           Counted       Corr      Corr      Corr      Corr      Corr      Corr      Corr      Corr      Corr      Corr      Corr
 Series    Segment   Add  # 1  Add  # 2  Add  # 3  Add  # 4  Add  # 5  Add  # 6  Add  # 7  Add  # 8  Add  # 9  Add  #10  Add  #11
 -------- ---------  --------  --------  --------  --------  --------  --------  --------  --------  --------  --------  --------
 227B     2013 2016    -4 .87     0 .84    -5 .47    -3 .42   --- ---   --- ---   --- ---   --- ---   --- ---   --- ---   --- ---
===================  ========  ========  ========  ========  ========  ========  ========  ========  ========  ========  ========
           Counted       Corr      Corr      Corr      Corr      Corr      Corr      Corr      Corr      Corr      Corr      Corr
 Series    Segment   Add  # 1  Add  # 2  Add  # 3  Add  # 4  Add  # 5  Add  # 6  Add  # 7  Add  # 8  Add  # 9  Add  #10  Add  #11
 -------- ---------  --------  --------  --------  --------  --------  --------  --------  --------  --------  --------  --------
 228B     2014 2016    -4 .97     0 .89   -10 .69    -8 .48    -6 .37   --- ---   --- ---   --- ---   --- ---   --- ---   --- ---
===================  ========  ========  ========  ========  ========  ========  ========  ========  ========  ========  ========
           Counted       Corr      Corr      Corr      Corr      Corr      Corr      Corr      Corr      Corr      Corr      Corr
 Series    Segment   Add  # 1  Add  # 2  Add  # 3  Add  # 4  Add  # 5  Add  # 6  Add  # 7  Add  # 8  Add  # 9  Add  #10  Add  #11
 -------- ---------  --------  --------  --------  --------  --------  --------  --------  --------  --------  --------  --------
 233B     2016 2016     0 .00    -1 .00    -2 .00    -3 .00    -4 .00    -5 .00    -6 .00    -7 .00    -8 .00    -9 .00   -10 .00
===================  ========  ========  ========  ========  ========  ========  ========  ========  ========  ========  ========
           Counted       Corr      Corr      Corr      Corr      Corr      Corr      Corr      Corr      Corr      Corr      Corr
 Series    Segment   Add  # 1  Add  # 2  Add  # 3  Add  # 4  Add  # 5  Add  # 6  Add  # 7  Add  # 8  Add  # 9  Add  #10  Add  #11
 -------- ---------  --------  --------  --------  --------  --------  --------  --------  --------  --------  --------  --------
 235B     2013 2016    -6 .99    -1 .75    -4 .30    -2 .01   --- ---   --- ---   --- ---   --- ---   --- ---   --- ---   --- ---
===================  ========  ========  ========  ========  ========  ========  ========  ========  ========  ========  ========
           Counted       Corr      Corr      Corr      Corr      Corr      Corr      Corr      Corr      Corr      Corr      Corr
 Series    Segment   Add  # 1  Add  # 2  Add  # 3  Add  # 4  Add  # 5  Add  # 6  Add  # 7  Add  # 8  Add  # 9  Add  #10  Add  #11
 -------- ---------  --------  --------  --------  --------  --------  --------  --------  --------  --------  --------  --------
 29B      2011 2016    -1 .41     0 .38    -3 .15    -5 .10    -7 .03   --- ---   --- ---   --- ---   --- ---   --- ---   --- ---
===================  ========  ========  ========  ========  ========  ========  ========  ========  ========  ========  ========
           Counted       Corr      Corr      Corr      Corr      Corr      Corr      Corr      Corr      Corr      Corr      Corr
 Series    Segment   Add  # 1  Add  # 2  Add  # 3  Add  # 4  Add  # 5  Add  # 6  Add  # 7  Add  # 8  Add  # 9  Add  #10  Add  #11
 -------- ---------  --------  --------  --------  --------  --------  --------  --------  --------  --------  --------  --------
 33B      2014 2016    -4 .94    -6 .84     0 .45    -1 .32    -5 .25   -10 .14   --- ---   --- ---   --- ---   --- ---   --- ---
===================  ========  ========  ========  ========  ========  ========  ========  ========  ========  ========  ========
           Counted       Corr      Corr      Corr      Corr      Corr      Corr      Corr      Corr      Corr      Corr      Corr
 Series    Segment   Add  # 1  Add  # 2  Add  # 3  Add  # 4  Add  # 5  Add  # 6  Add  # 7  Add  # 8  Add  # 9  Add  #10  Add  #11
 -------- ---------  --------  --------  --------  --------  --------  --------  --------  --------  --------  --------  --------
 36B      2012 2016    -6 .90    -1 .87    -7 .42    -5 .25   --- ---   --- ---   --- ---   --- ---   --- ---   --- ---   --- ---
===================  ========  ========  ========  ========  ========  ========  ========  ========  ========  ========  ========
           Counted       Corr      Corr      Corr      Corr      Corr      Corr      Corr      Corr      Corr      Corr      Corr
 Series    Segment   Add  # 1  Add  # 2  Add  # 3  Add  # 4  Add  # 5  Add  # 6  Add  # 7  Add  # 8  Add  # 9  Add  #10  Add  #11
 -------- ---------  --------  --------  --------  --------  --------  --------  --------  --------  --------  --------  --------
 37B      2012 2016    -6 .66    -2 .35    -8 .33    -4 .28     0 .16    -1 .01   --- ---   --- ---   --- ---   --- ---   --- ---
===================  ========  ========  ========  ========  ========  ========  ========  ========  ========  ========  ========
           Counted       Corr      Corr      Corr      Corr      Corr      Corr      Corr      Corr      Corr      Corr      Corr
 Series    Segment   Add  # 1  Add  # 2  Add  # 3  Add  # 4  Add  # 5  Add  # 6  Add  # 7  Add  # 8  Add  # 9  Add  #10  Add  #11
 -------- ---------  --------  --------  --------  --------  --------  --------  --------  --------  --------  --------  --------
 47B      2011 2016    -5 .73    -7 .51    -6 .46     0 .22    -1 .12   --- ---   --- ---   --- ---   --- ---   --- ---   --- ---
===================  ========  ========  ========  ========  ========  ========  ========  ========  ========  ========  ========
           Counted       Corr      Corr      Corr      Corr      Corr      Corr      Corr      Corr      Corr      Corr      Corr
 Series    Segment   Add  # 1  Add  # 2  Add  # 3  Add  # 4  Add  # 5  Add  # 6  Add  # 7  Add  # 8  Add  # 9  Add  #10  Add  #11
 -------- ---------  --------  --------  --------  --------  --------  --------  --------  --------  --------  --------  --------
 4B       2011 2016    -2 .66    -1 .58    -7 .43    -3 .24   --- ---   --- ---   --- ---   --- ---   --- ---   --- ---   --- ---
===================  ========  ========  ========  ========  ========  ========  ========  ========  ========  ========  ========
           Counted       Corr      Corr      Corr      Corr      Corr      Corr      Corr      Corr      Corr      Corr      Corr
 Series    Segment   Add  # 1  Add  # 2  Add  # 3  Add  # 4  Add  # 5  Add  # 6  Add  # 7  Add  # 8  Add  # 9  Add  #10  Add  #11
 -------- ---------  --------  --------  --------  --------  --------  --------  --------  --------  --------  --------  --------
 51B      2006 2016    -2 .46    -1 .11   --- ---   --- ---   --- ---   --- ---   --- ---   --- ---   --- ---   --- ---   --- ---
===================  ========  ========  ========  ========  ========  ========  ========  ========  ========  ========  ========
           Counted       Corr      Corr      Corr      Corr      Corr      Corr      Corr      Corr      Corr      Corr      Corr
 Series    Segment   Add  # 1  Add  # 2  Add  # 3  Add  # 4  Add  # 5  Add  # 6  Add  # 7  Add  # 8  Add  # 9  Add  #10  Add  #11
 -------- ---------  --------  --------  --------  --------  --------  --------  --------  --------  --------  --------  --------
 52B      2008 2016    -4 .85   --- ---   --- ---   --- ---   --- ---   --- ---   --- ---   --- ---   --- ---   --- ---   --- ---
===================  ========  ========  ========  ========  ========  ========  ========  ========  ========  ========  ========
           Counted       Corr      Corr      Corr      Corr      Corr      Corr      Corr      Corr      Corr      Corr      Corr
 Series    Segment   Add  # 1  Add  # 2  Add  # 3  Add  # 4  Add  # 5  Add  # 6  Add  # 7  Add  # 8  Add  # 9  Add  #10  Add  #11
 -------- ---------  --------  --------  --------  --------  --------  --------  --------  --------  --------  --------  --------
 78B      2007 2016     0 .75   --- ---   --- ---   --- ---   --- ---   --- ---   --- ---   --- ---   --- ---   --- ---   --- ---
===================  ========  ========  ========  ========  ========  ========  ========  ========  ========  ========  ========
           Counted       Corr      Corr      Corr      Corr      Corr      Corr      Corr      Corr      Corr      Corr      Corr
 Series    Segment   Add  # 1  Add  # 2  Add  # 3  Add  # 4  Add  # 5  Add  # 6  Add  # 7  Add  # 8  Add  # 9  Add  #10  Add  #11
 -------- ---------  --------  --------  --------  --------  --------  --------  --------  --------  --------  --------  --------
 79B      2011 2016    -1 .60     0 .21    -6 .18    -5 .13    -3 .01   --- ---   --- ---   --- ---   --- ---   --- ---   --- ---
===================  ========  ========  ========  ========  ========  ========  ========  ========  ========  ========  ========
           Counted       Corr      Corr      Corr      Corr      Corr      Corr      Corr      Corr      Corr      Corr      Corr
 Series    Segment   Add  # 1  Add  # 2  Add  # 3  Add  # 4  Add  # 5  Add  # 6  Add  # 7  Add  # 8  Add  # 9  Add  #10  Add  #11
 -------- ---------  --------  --------  --------  --------  --------  --------  --------  --------  --------  --------  --------
 80B      2009 2016     0 .73    -1 .44   --- ---   --- ---   --- ---   --- ---   --- ---   --- ---   --- ---   --- ---   --- ---
===================  ========  ========  ========  ========  ========  ========  ========  ========  ========  ========  ========
           Counted       Corr      Corr      Corr      Corr      Corr      Corr      Corr      Corr      Corr      Corr      Corr
 Series    Segment   Add  # 1  Add  # 2  Add  # 3  Add  # 4  Add  # 5  Add  # 6  Add  # 7  Add  # 8  Add  # 9  Add  #10  Add  #11
 -------- ---------  --------  --------  --------  --------  --------  --------  --------  --------  --------  --------  --------
 84B      2011 2016    -3 .43    -2 .43    -7 .19    -1 .11     0 .06   --- ---   --- ---   --- ---   --- ---   --- ---   --- ---
===================  ========  ========  ========  ========  ========  ========  ========  ========  ========  ========  ========
           Counted       Corr      Corr      Corr      Corr      Corr      Corr      Corr      Corr      Corr      Corr      Corr
 Series    Segment   Add  # 1  Add  # 2  Add  # 3  Add  # 4  Add  # 5  Add  # 6  Add  # 7  Add  # 8  Add  # 9  Add  #10  Add  #11
 -------- ---------  --------  --------  --------  --------  --------  --------  --------  --------  --------  --------  --------
 93B      2011 2016    -6 .91    -5 .38    -7 .28     0 .27    -1 .21    -4 .06   --- ---   --- ---   --- ---   --- ---   --- ---
===================  ========  ========  ========  ========  ========  ========  ========  ========  ========  ========  ========
           Counted       Corr      Corr      Corr      Corr      Corr      Corr      Corr      Corr      Corr      Corr      Corr
 Series    Segment   Add  # 1  Add  # 2  Add  # 3  Add  # 4  Add  # 5  Add  # 6  Add  # 7  Add  # 8  Add  # 9  Add  #10  Add  #11
 -------- ---------  --------  --------  --------  --------  --------  --------  --------  --------  --------  --------  --------
 96B      2012 2016    -4 .53    -2 .37     0 .34    -8 .33    -6 .21    -3 .04   --- ---   --- ---   --- ---   --- ---   --- ---
===================  ========  ========  ========  ========  ========  ========  ========  ========  ========  ========  ========
           Counted       Corr      Corr      Corr      Corr      Corr      Corr      Corr      Corr      Corr      Corr      Corr
 Series    Segment   Add  # 1  Add  # 2  Add  # 3  Add  # 4  Add  # 5  Add  # 6  Add  # 7  Add  # 8  Add  # 9  Add  #10  Add  #11
 -------- ---------  --------  --------  --------  --------  --------  --------  --------  --------  --------  --------  --------
 97B      2012 2016    -4 .95    -3 .49    -2 .20   --- ---   --- ---   --- ---   --- ---   --- ---   --- ---   --- ---   --- ---
===================  ========  ========  ========  ========  ========  ========  ========  ========  ========  ========  ========
       40 undated series

                                              - = [  COFECHA ABCO0COF  ] = -
