[]  Dendrochronology Program Library                                        Run FIRQB  Program COF  14:35  Mon 20 May 2019  Page   1
[]
[]  P R O G R A M      C O F E C H A                                                                          Version 6.06P    30822
------------------------------------------------------------------------------------------------------------------------------------

 QUALITY CONTROL AND DATING CHECK OF TREE-RING MEASUREMENTS

 Title of run:           FIRQB                                   

 File of DATED series:   live_abco_big.rwl

 File of UNDATED series: live_abco_big_nochron.rwl

 CONTENTS:

    Part 1:  Title page, options selected, summary, absent rings by series
    Part 2:  Histogram of time spans
    Part 3:  Master series with sample depth and absent rings by year
    Part 4:  Bar plot of Master Dating Series
    Part 5:  Correlation by segment of each series with Master
    Part 6:  Potential problems: low correlation, divergent year-to-year changes, absent rings, outliers
    Part 7:  Descriptive statistics
    Part 8:  Undated series - adjustments for highest correlations

 RUN CONTROL OPTIONS SELECTED                             VALUE

         1  Cubic smoothing spline 50% wavelength cutoff for filtering
                                                            32 years
         2  Segments examined are                           50 years lagged successively by  25 years
         3  Autoregressive model applied                     A  Residuals are used in master dating series and testing
         4  Series transformed to logarithms                 Y  Each series log-transformed for master dating series and testing
         5  CORRELATION is Pearson (parametric, quantitative)
            Critical correlation, 99% confidence level   .3281
         6  Master dating series saved                       N
         7  Ring measurements listed                         N
         8  Parts printed                             12345678 
         9  Absent rings are omitted from master series and segment correlations  (Y)

 Time span of Master dating series is  2004 to  2016    13 years
 Continuous time span is               2004 to  2016    13 years
 Portion with two or more series is    2007 to  2016    10 years


                                        ****************************************
                                        *C* Number of dated series        19 *C*
                                        *O* Master series 2004 2016   13 yrs *O*
                                        *F* Total rings in all series    155 *F*
                                        *E* Total dated rings checked    152 *E*
                                        *C* Series intercorrelation     .151 *C*
                                        *H* Average mean sensitivity    .244 *H*
                                        *A* Segments, possible problems   15 *A*
                                        *** Mean length of series        8.2 ***
                                        ****************************************

 ABSENT RINGS listed by SERIES:            (See Master Dating Series for absent rings listed by year)

               No ring measurements of zero value
PART 2:  TIME PLOT OF TREE-RING SERIES: FIRQB                                                      14:35  Mon 20 May 2019  Page   2
------------------------------------------------------------------------------------------------------------------------------------
 1050 1100 1150 1200 1250 1300 1350 1400 1450 1500 1550 1600 1650 1700 1750 1800 1850 1900 1950 2000 2050 Ident   Seq Time-span  Yrs
   :    :    :    :    :    :    :    :    :    :    :    :    :    :    :    :    :    :    :    :    : -------- --- ---- ---- ----
   .    .    .    .    .    .    .    .    .    .    .    .    .    .    .    .    .    .    .    .>   . 117B       1 2010 2016    7
   .    .    .    .    .    .    .    .    .    .    .    .    .    .    .    .    .    .    .    .>   . 131B       2 2010 2016    7
   .    .    .    .    .    .    .    .    .    .    .    .    .    .    .    .    .    .    .    <>   . 137B       3 2009 2016    8
   .    .    .    .    .    .    .    .    .    .    .    .    .    .    .    .    .    .    .    <>   . 161B       4 2009 2016    8
   .    .    .    .    .    .    .    .    .    .    .    .    .    .    .    .    .    .    .    <>   . 183BA      5 2004 2016   13
   .    .    .    .    .    .    .    .    .    .    .    .    .    .    .    .    .    .    .    <>   . 184BA      6 2007 2016   10
   .    .    .    .    .    .    .    .    .    .    .    .    .    .    .    .    .    .    .    <>   . 201B       7 2007 2016   10
   .    .    .    .    .    .    .    .    .    .    .    .    .    .    .    .    .    .    .    <>   . 206B       8 2008 2016    9
   .    .    .    .    .    .    .    .    .    .    .    .    .    .    .    .    .    .    .    <>   . 214B       9 2008 2016    9
   .    .    .    .    .    .    .    .    .    .    .    .    .    .    .    .    .    .    .    .>   . 216B      10 2010 2016    7
   .    .    .    .    .    .    .    .    .    .    .    .    .    .    .    .    .    .    .    .>   . 229B      11 2014 2016    3
   .    .    .    .    .    .    .    .    .    .    .    .    .    .    .    .    .    .    .    <>   . 30B       12 2008 2016    9
   .    .    .    .    .    .    .    .    .    .    .    .    .    .    .    .    .    .    .    <>   . 31B       13 2008 2016    9
   .    .    .    .    .    .    .    .    .    .    .    .    .    .    .    .    .    .    .    <>   . 32B       14 2007 2016   10
   .    .    .    .    .    .    .    .    .    .    .    .    .    .    .    .    .    .    .    <>   . 56B       15 2009 2016    8
   .    .    .    .    .    .    .    .    .    .    .    .    .    .    .    .    .    .    .    .>   . 62B       16 2011 2016    6
   .    .    .    .    .    .    .    .    .    .    .    .    .    .    .    .    .    .    .    <>   . 66B       17 2009 2016    8
   .    .    .    .    .    .    .    .    .    .    .    .    .    .    .    .    .    .    .    <>   . 68B       18 2008 2016    9
   .    .    .    .    .    .    .    .    .    .    .    .    .    .    .    .    .    .    .    .>   . 98B       19 2012 2016    5
   :    :    :    :    :    :    :    :    :    :    :    :    :    :    :    :    :    :    :    :    :
 1050 1100 1150 1200 1250 1300 1350 1400 1450 1500 1550 1600 1650 1700 1750 1800 1850 1900 1950 2000 2050
   :    :    :    :    :    :    :    :    :    :    :    :    :    :    :    :    :    :    :    :    :
 1050 1100 1150 1200 1250 1300 1350 1400 1450 1500 1550 1600 1650 1700 1750 1800 1850 1900 1950 2000 2050
PART 3:  Master Dating Series: FIRQB                                                               14:35  Mon 20 May 2019  Page   3
------------------------------------------------------------------------------------------------------------------------------------
  Year  Value  No Ab    Year  Value  No Ab    Year  Value  No Ab    Year  Value  No Ab    Year  Value  No Ab    Year  Value  No Ab
  ------------------    ------------------    ------------------    ------------------    ------------------    ------------------




  2004  1.289   1
  2005  2.243   1
  2006   .057   1
  2007  -.835   4
  2008 -1.310   9
  2009  -.994  13

  2010  -.552  16
  2011   .957  17
  2012   .706  18
  2013  -.632  18
  2014  -.130  19
  2015   .073  19
  2016  -.872  19




































------------------------------------------------------------------------------------------------------------------------------------
PART 4:  Master Bar Plot: FIRQB                                                                    14:35  Mon 20 May 2019  Page   4
------------------------------------------------------------------------------------------------------------------------------------
   Year Rel value  Year Rel value  Year Rel value  Year Rel value  Year Rel value  Year Rel value  Year Rel value  Year Rel value




   2004---------E
   2005----------I
   2006-----@
   2007--c
   2008e
   2009d
   2010----b
   2011--------D
   2012-------C
   2013---c
   2014-----a
   2015------@
   2016-c

































PART 5:  CORRELATION OF SERIES BY SEGMENTS: FIRQB                                                  14:35  Mon 20 May 2019  Page   5
------------------------------------------------------------------------------------------------------------------------------------
 Correlations of  50-year dated segments, lagged  25 years
 Flags:  A = correlation under   .3281 but highest as dated;  B = correlation higher at other than dated position

 Seq Series  Time_span   2000
                         2049
 --- -------- ---------  ---- ---- ---- ---- ---- ---- ---- ---- ---- ---- ---- ---- ---- ---- ---- ---- ---- ---- ---- ----
   1 117B     2010 2016   .32B
   2 131B     2010 2016   .27A
   3 137B     2009 2016  -.72B
   4 161B     2009 2016   .02B
   5 183BA    2004 2016   .39B
   6 184BA    2007 2016  -.12B
   7 201B     2007 2016  -.21B
   8 206B     2008 2016  -.34B
   9 214B     2008 2016  -.07B
  10 216B     2010 2016   .27B
  11 229B     2014 2016   .55B
  12 30B      2008 2016   .56
  13 31B      2008 2016   .57
  14 32B      2007 2016   .28B
  15 56B      2009 2016   .42B
  16 62B      2011 2016  -.23B
  17 66B      2009 2016  -.17B
  18 68B      2008 2016   .68
  19 98B      2012 2016   .82
 Av segment correlation   .17
PART 6:  POTENTIAL PROBLEMS: FIRQB                                                                 14:35  Mon 20 May 2019  Page   5
------------------------------------------------------------------------------------------------------------------------------------

 For each series with potential problems the following diagnostics may appear:

 [A] Correlations with master dating series of flagged  50-year segments of series filtered with  32-year spline,
     at every point from ten years earlier (-10) to ten years later (+10) than dated

 [B] Effect of those data values which most lower or raise correlation with master series
     Symbol following year indicates value in series is greater (>) or lesser (<) than master series value

 [C] Year-to-year changes very different from the mean change in other series

 [D] Absent rings (zero values)

 [E] Values which are statistical outliers from mean for the year
====================================================================================================================================

 117B      2010 to  2016       7 years                                                                                    Series   1

 [A] Segment   High   -10   -9   -8   -7   -6   -5   -4   -3   -2   -1   +0   +1   +2   +3   +4   +5   +6   +7   +8   +9  +10
    ---------  ----   ---  ---  ---  ---  ---  ---  ---  ---  ---  ---  ---  ---  ---  ---  ---  ---  ---  ---  ---  ---  ---
    2010 2016   -1      -    -    -    -  .28 -.31 -.39 -.29 -.17  .80* .32|   -    -    -    -    -    -    -    -    -    -

====================================================================================================================================

 131B      2010 to  2016       7 years                                                                                    Series   2

 [A] Segment   High   -10   -9   -8   -7   -6   -5   -4   -3   -2   -1   +0   +1   +2   +3   +4   +5   +6   +7   +8   +9  +10
    ---------  ----   ---  ---  ---  ---  ---  ---  ---  ---  ---  ---  ---  ---  ---  ---  ---  ---  ---  ---  ---  ---  ---
    2010 2016    0      -    -    -    -  .27  .06 -.43 -.38  .22 -.26  .27*   -    -    -    -    -    -    -    -    -    -

====================================================================================================================================

 137B      2009 to  2016       8 years                                                                                    Series   3

 [A] Segment   High   -10   -9   -8   -7   -6   -5   -4   -3   -2   -1   +0   +1   +2   +3   +4   +5   +6   +7   +8   +9  +10
    ---------  ----   ---  ---  ---  ---  ---  ---  ---  ---  ---  ---  ---  ---  ---  ---  ---  ---  ---  ---  ---  ---  ---
    2009 2016   -4      -    -    -    -    -  .37  .75* .24 -.04 -.38 -.72|   -    -    -    -    -    -    -    -    -    -

 [B] Entire series, effect on correlation ( -.718) is:
       Lower   2011< -.071   2013> -.017   2010> -.011   2009> -.004   2014<  .014   2012<  .029  Higher   2015  .070   2016  .048
     2009 to 2016 segment:
       Lower   2011< -.071   2013> -.017   2010> -.011   2009> -.004   2014<  .014   2012<  .029  Higher   2015  .070   2016  .048

====================================================================================================================================

 161B      2009 to  2016       8 years                                                                                    Series   4

 [A] Segment   High   -10   -9   -8   -7   -6   -5   -4   -3   -2   -1   +0   +1   +2   +3   +4   +5   +6   +7   +8   +9  +10
    ---------  ----   ---  ---  ---  ---  ---  ---  ---  ---  ---  ---  ---  ---  ---  ---  ---  ---  ---  ---  ---  ---  ---
    2009 2016   -1      -    -    -    -    - -.44 -.78 -.03  .25  .50* .02|   -    -    -    -    -    -    -    -    -    -

 [B] Entire series, effect on correlation (  .024) is:
       Lower   2013> -.261   2009< -.134   2010> -.106   2015< -.027   2014>  .027   2012>  .053  Higher   2016  .265   2011  .176
     2009 to 2016 segment:
       Lower   2013> -.261   2009< -.134   2010> -.106   2015< -.027   2014>  .027   2012>  .053  Higher   2016  .265   2011  .176

====================================================================================================================================

 183BA     2004 to  2016      13 years                                                                                    Series   5

 [*] Early part of series cannot be checked from 2004 to 2006 -- not matched by another series

 [A] Segment   High   -10   -9   -8   -7   -6   -5   -4   -3   -2   -1   +0   +1   +2   +3   +4   +5   +6   +7   +8   +9  +10
    ---------  ----   ---  ---  ---  ---  ---  ---  ---  ---  ---  ---  ---  ---  ---  ---  ---  ---  ---  ---  ---  ---  ---
    2007 2016   -1      -    -    -    -    -    -    - -.07  .15  .40* .39|   -    -    -    -    -    -    -    -    -    -

 [B] Entire series, effect on correlation (  .393) is:
       Lower   2007> -.211   2010< -.075   2016> -.063   2009<  .001   2015>  .020   2013<  .032  Higher   2008  .150   2011  .063
     2007 to 2016 segment:
       Lower   2007> -.211   2010< -.075   2016> -.063   2009<  .001   2015>  .020   2013<  .032  Higher   2008  .150   2011  .063

====================================================================================================================================

 184BA     2007 to  2016      10 years                                                                                    Series   6

 [A] Segment   High   -10   -9   -8   -7   -6   -5   -4   -3   -2   -1   +0   +1   +2   +3   +4   +5   +6   +7   +8   +9  +10
    ---------  ----   ---  ---  ---  ---  ---  ---  ---  ---  ---  ---  ---  ---  ---  ---  ---  ---  ---  ---  ---  ---  ---
    2007 2016   -3      -    -    -    -    -    -    -  .02*-.56 -.42 -.12|   -    -    -    -    -    -    -    -    -    -

 [B] Entire series, effect on correlation ( -.120) is:
       Lower   2008> -.162   2016> -.104   2015< -.013   2009> -.008   2010> -.001   2011<  .015  Higher   2013  .241   2007  .048
     2007 to 2016 segment:
       Lower   2008> -.162   2016> -.104   2015< -.013   2009> -.008   2010> -.001   2011<  .015  Higher   2013  .241   2007  .048

====================================================================================================================================

 201B      2007 to  2016      10 years                                                                                    Series   7

 [A] Segment   High   -10   -9   -8   -7   -6   -5   -4   -3   -2   -1   +0   +1   +2   +3   +4   +5   +6   +7   +8   +9  +10
    ---------  ----   ---  ---  ---  ---  ---  ---  ---  ---  ---  ---  ---  ---  ---  ---  ---  ---  ---  ---  ---  ---  ---
    2007 2016   -1      -    -    -    -    -    -    - -.54 -.43 -.18*-.21|   -    -    -    -    -    -    -    -    -    -

 [B] Entire series, effect on correlation ( -.210) is:
       Lower   2016> -.120   2015< -.087   2007< -.055   2012< -.044   2010> -.023   2008> -.019  Higher   2011  .351   2013  .020
     2007 to 2016 segment:
       Lower   2016> -.120   2015< -.087   2007< -.055   2012< -.044   2010> -.023   2008> -.019  Higher   2011  .351   2013  .020

====================================================================================================================================

 206B      2008 to  2016       9 years                                                                                    Series   8

 [A] Segment   High   -10   -9   -8   -7   -6   -5   -4   -3   -2   -1   +0   +1   +2   +3   +4   +5   +6   +7   +8   +9  +10
    ---------  ----   ---  ---  ---  ---  ---  ---  ---  ---  ---  ---  ---  ---  ---  ---  ---  ---  ---  ---  ---  ---  ---
    2008 2016   -3      -    -    -    -    -    -  .17  .22*-.36  .16 -.34|   -    -    -    -    -    -    -    -    -    -

 [B] Entire series, effect on correlation ( -.335) is:
       Lower   2008> -.209   2016> -.096   2014< -.071   2011< -.049   2009< -.002   2010<  .002  Higher   2013  .267   2012  .118
     2008 to 2016 segment:
       Lower   2008> -.209   2016> -.096   2014< -.071   2011< -.049   2009< -.002   2010<  .002  Higher   2013  .267   2012  .118

====================================================================================================================================

 214B      2008 to  2016       9 years                                                                                    Series   9

 [A] Segment   High   -10   -9   -8   -7   -6   -5   -4   -3   -2   -1   +0   +1   +2   +3   +4   +5   +6   +7   +8   +9  +10
    ---------  ----   ---  ---  ---  ---  ---  ---  ---  ---  ---  ---  ---  ---  ---  ---  ---  ---  ---  ---  ---  ---  ---
    2008 2016   -2      -    -    -    -    -    - -.56 -.39  .15* .00 -.07|   -    -    -    -    -    -    -    -    -    -

 [B] Entire series, effect on correlation ( -.067) is:
       Lower   2015< -.656   2016> -.048   2010> -.025   2013> -.016   2009>  .000   2014>  .029  Higher   2011  .148   2008  .130
     2008 to 2016 segment:
       Lower   2015< -.656   2016> -.048   2010> -.025   2013> -.016   2009>  .000   2014>  .029  Higher   2011  .148   2008  .130

====================================================================================================================================

 216B      2010 to  2016       7 years                                                                                    Series  10

 [A] Segment   High   -10   -9   -8   -7   -6   -5   -4   -3   -2   -1   +0   +1   +2   +3   +4   +5   +6   +7   +8   +9  +10
    ---------  ----   ---  ---  ---  ---  ---  ---  ---  ---  ---  ---  ---  ---  ---  ---  ---  ---  ---  ---  ---  ---  ---
    2010 2016   -3      -    -    -    - -.46 -.74 -.03  .46* .35  .44  .27|   -    -    -    -    -    -    -    -    -    -

====================================================================================================================================

 229B      2014 to  2016       3 years                                                                                    Series  11

 [A] Segment   High   -10   -9   -8   -7   -6   -5   -4   -3   -2   -1   +0   +1   +2   +3   +4   +5   +6   +7   +8   +9  +10
    ---------  ----   ---  ---  ---  ---  ---  ---  ---  ---  ---  ---  ---  ---  ---  ---  ---  ---  ---  ---  ---  ---  ---
    2014 2016  -10    .88* .04  .32 -.96  .24 -.82  .63  .50 -.92  .48  .55|   -    -    -    -    -    -    -    -    -    -

====================================================================================================================================

 30B       2008 to  2016       9 years                                                                                    Series  12

 [B] Entire series, effect on correlation (  .562) is:
       Lower   2015< -.399   2013> -.016   2010> -.011   2009>  .000   2014>  .027   2012>  .043  Higher   2011  .184   2008  .102

====================================================================================================================================

 31B       2008 to  2016       9 years                                                                                    Series  13

 [B] Entire series, effect on correlation (  .574) is:
       Lower   2013> -.233   2010> -.045   2014< -.011   2009> -.008   2015>  .006   2012>  .018  Higher   2008  .201   2016  .082

====================================================================================================================================

 32B       2007 to  2016      10 years                                                                                    Series  14

 [A] Segment   High   -10   -9   -8   -7   -6   -5   -4   -3   -2   -1   +0   +1   +2   +3   +4   +5   +6   +7   +8   +9  +10
    ---------  ----   ---  ---  ---  ---  ---  ---  ---  ---  ---  ---  ---  ---  ---  ---  ---  ---  ---  ---  ---  ---  ---
    2007 2016   -1      -    -    -    -    -    -    -  .07  .12  .33* .28|   -    -    -    -    -    -    -    -    -    -

 [B] Entire series, effect on correlation (  .282) is:
       Lower   2007> -.248   2013> -.065   2009< -.016   2016< -.004   2010>  .000   2014<  .002  Higher   2008  .097   2011  .089
     2007 to 2016 segment:
       Lower   2007> -.248   2013> -.065   2009< -.016   2016< -.004   2010>  .000   2014<  .002  Higher   2008  .097   2011  .089

====================================================================================================================================

 56B       2009 to  2016       8 years                                                                                    Series  15

 [A] Segment   High   -10   -9   -8   -7   -6   -5   -4   -3   -2   -1   +0   +1   +2   +3   +4   +5   +6   +7   +8   +9  +10
    ---------  ----   ---  ---  ---  ---  ---  ---  ---  ---  ---  ---  ---  ---  ---  ---  ---  ---  ---  ---  ---  ---  ---
    2009 2016   -3      -    -    -    -    - -.79 -.12  .50* .36  .15  .42|   -    -    -    -    -    -    -    -    -    -

 [B] Entire series, effect on correlation (  .416) is:
       Lower   2013> -.219   2010< -.145   2009> -.006   2015> -.002   2011<  .023   2014>  .025  Higher   2016  .259   2012  .047
     2009 to 2016 segment:
       Lower   2013> -.219   2010< -.145   2009> -.006   2015> -.002   2011<  .023   2014>  .025  Higher   2016  .259   2012  .047

====================================================================================================================================

 62B       2011 to  2016       6 years                                                                                    Series  16

 [A] Segment   High   -10   -9   -8   -7   -6   -5   -4   -3   -2   -1   +0   +1   +2   +3   +4   +5   +6   +7   +8   +9  +10
    ---------  ----   ---  ---  ---  ---  ---  ---  ---  ---  ---  ---  ---  ---  ---  ---  ---  ---  ---  ---  ---  ---  ---
    2011 2016   -5      -    -    - -.18  .55  .79* .56 -.42 -.33 -.37 -.23|   -    -    -    -    -    -    -    -    -    -

====================================================================================================================================

 66B       2009 to  2016       8 years                                                                                    Series  17

 [A] Segment   High   -10   -9   -8   -7   -6   -5   -4   -3   -2   -1   +0   +1   +2   +3   +4   +5   +6   +7   +8   +9  +10
    ---------  ----   ---  ---  ---  ---  ---  ---  ---  ---  ---  ---  ---  ---  ---  ---  ---  ---  ---  ---  ---  ---  ---
    2009 2016   -2      -    -    -    -    - -.08  .13  .11  .27*-.35 -.17|   -    -    -    -    -    -    -    -    -    -

 [B] Entire series, effect on correlation ( -.166) is:
       Lower   2012< -.480   2013> -.220   2010> -.022   2009<  .007   2015>  .009   2014>  .064  Higher   2011  .255   2016  .242
     2009 to 2016 segment:
       Lower   2012< -.480   2013> -.220   2010> -.022   2009<  .007   2015>  .009   2014>  .064  Higher   2011  .255   2016  .242

 [C] Year-to-year changes diverging by over 4.0 std deviations:
       2012 2013   4.1 SD

 [E] Outliers     1   3.0 SD above or -4.5 SD below mean for year
       2013 +3.2 SD
====================================================================================================================================

 68B       2008 to  2016       9 years                                                                                    Series  18

 [B] Entire series, effect on correlation (  .676) is:
       Lower   2016< -.146   2010> -.053   2013> -.044   2012> -.004   2009> -.004   2015>  .006  Higher   2008  .072   2011  .052

====================================================================================================================================

 98B       2012 to  2016       5 years                                                                                    Series  19

====================================================================================================================================
PART 7:  DESCRIPTIVE STATISTICS: FIRQB                                                             14:35  Mon 20 May 2019  Page   6
------------------------------------------------------------------------------------------------------------------------------------

                                                Corr   //-------- Unfiltered --------\\  //---- Filtered -----\\
                           No.    No.    No.    with   Mean   Max     Std   Auto   Mean   Max     Std   Auto  AR
 Seq Series   Interval   Years  Segmt  Flags   Master  msmt   msmt    dev   corr   sens  value    dev   corr  ()
 --- -------- ---------  -----  -----  -----   ------ -----  -----  -----  -----  -----  -----  -----  -----  --
   1 117B     2010 2016      7      1      1    .320    .55    .85   .160  -.041   .286   2.32   .243  -.092   0
   2 131B     2010 2016      7      1      1    .273    .62    .73   .085  -.472   .221   2.13   .132  -.547   0
   3 137B     2009 2016      8      1      1   -.718    .38    .68   .187   .585   .379   2.55   .865   .135   1
   4 161B     2009 2016      8      1      1    .024    .39    .60   .154   .788   .253   2.53   .924   .004   1
   5 183BA    2004 2016     13      1      1    .393    .27    .40   .076   .467   .273   2.46   .763  -.118   1
   6 184BA    2007 2016     10      1      1   -.120    .50    .60   .068  -.139   .168   2.61   .738  -.137   1
   7 201B     2007 2016     10      1      1   -.210    .34    .53   .100   .175   .289   2.79   .918  -.147   1
   8 206B     2008 2016      9      1      1   -.335    .46   1.10   .341   .772   .460   2.52   .899  -.089   1
   9 214B     2008 2016      9      1      1   -.067    .48    .57   .088   .744   .114   2.36   .720  -.085   1
  10 216B     2010 2016      7      1      1    .270    .52    .62   .096  -.649   .218   2.19   .253  -.187   0
  11 229B     2014 2016      3      1      1    .548   1.01   1.22   .194 -1.000   .304   2.13   .181 -1.000   0
  12 30B      2008 2016      9      1      0    .562    .58    .77   .138   .428   .172   2.88   .962   .153   1
  13 31B      2008 2016      9      1      0    .574    .50    .73   .174   .481   .293   2.49   .924   .032   1
  14 32B      2007 2016     10      1      1    .282    .37    .55   .140   .532   .347   2.40   .730  -.038   1
  15 56B      2009 2016      8      1      1    .416    .75    .91   .147   .553   .160   2.48   .985  -.065   2
  16 62B      2011 2016      6      1      1   -.233    .82   1.11   .145   .502   .096   2.07   .100   .243   0
  17 66B      2009 2016      8      1      1   -.166    .62    .78   .141   .762   .145   2.56   .858  -.344   1
  18 68B      2008 2016      9      1      0    .676    .71   1.17   .300   .752   .239   2.49   .789  -.117   2
  19 98B      2012 2016      5      1      0    .818    .55    .61   .056  -.024   .136   2.02   .085  -.459   0
 --- -------- ---------  -----  -----  -----   ------ -----  -----  -----  -----  -----  -----  -----  -----  --
 Total or mean:            155     19     15    .151    .51   1.22   .146   .346   .244   2.88   .693  -.113
PART 8:  ADJUSTMENTS FOR UNDATED SERIES: FIRQB                                                     14:35  Mon 20 May 2019  Page   7
------------------------------------------------------------------------------------------------------------------------------------

 Time span  2004  2016    13 years, best matches for  50-year segments lagged  25 years
 Listed in order from highest correlation

           Counted       Corr      Corr      Corr      Corr      Corr      Corr      Corr      Corr      Corr      Corr      Corr
 Series    Segment   Add  # 1  Add  # 2  Add  # 3  Add  # 4  Add  # 5  Add  # 6  Add  # 7  Add  # 8  Add  # 9  Add  #10  Add  #11
 -------- ---------  --------  --------  --------  --------  --------  --------  --------  --------  --------  --------  --------
 100B     2009 2016    -1 .62    -2 .37    -3 .26   --- ---   --- ---   --- ---   --- ---   --- ---   --- ---   --- ---   --- ---
===================  ========  ========  ========  ========  ========  ========  ========  ========  ========  ========  ========
           Counted       Corr      Corr      Corr      Corr      Corr      Corr      Corr      Corr      Corr      Corr      Corr
 Series    Segment   Add  # 1  Add  # 2  Add  # 3  Add  # 4  Add  # 5  Add  # 6  Add  # 7  Add  # 8  Add  # 9  Add  #10  Add  #11
 -------- ---------  --------  --------  --------  --------  --------  --------  --------  --------  --------  --------  --------
 101B     2012 2016    -2 .58    -4 .23    -6 .22    -1 .20    -5 .14    -8 .05    -7 .02   --- ---   --- ---   --- ---   --- ---
===================  ========  ========  ========  ========  ========  ========  ========  ========  ========  ========  ========
           Counted       Corr      Corr      Corr      Corr      Corr      Corr      Corr      Corr      Corr      Corr      Corr
 Series    Segment   Add  # 1  Add  # 2  Add  # 3  Add  # 4  Add  # 5  Add  # 6  Add  # 7  Add  # 8  Add  # 9  Add  #10  Add  #11
 -------- ---------  --------  --------  --------  --------  --------  --------  --------  --------  --------  --------  --------
 102B     2015 2016    -21.00    -51.00    -71.00   -111.00   --- ---   --- ---   --- ---   --- ---   --- ---   --- ---   --- ---
===================  ========  ========  ========  ========  ========  ========  ========  ========  ========  ========  ========
           Counted       Corr      Corr      Corr      Corr      Corr      Corr      Corr      Corr      Corr      Corr      Corr
 Series    Segment   Add  # 1  Add  # 2  Add  # 3  Add  # 4  Add  # 5  Add  # 6  Add  # 7  Add  # 8  Add  # 9  Add  #10  Add  #11
 -------- ---------  --------  --------  --------  --------  --------  --------  --------  --------  --------  --------  --------
 105B     2009 2016    -3 .84    -4 .44    -5 .08   --- ---   --- ---   --- ---   --- ---   --- ---   --- ---   --- ---   --- ---
===================  ========  ========  ========  ========  ========  ========  ========  ========  ========  ========  ========
           Counted       Corr      Corr      Corr      Corr      Corr      Corr      Corr      Corr      Corr      Corr      Corr
 Series    Segment   Add  # 1  Add  # 2  Add  # 3  Add  # 4  Add  # 5  Add  # 6  Add  # 7  Add  # 8  Add  # 9  Add  #10  Add  #11
 -------- ---------  --------  --------  --------  --------  --------  --------  --------  --------  --------  --------  --------
 111B     2012 2016    -1 .74    -6 .72    -4 .25    -8 .22    -7 .12   --- ---   --- ---   --- ---   --- ---   --- ---   --- ---
===================  ========  ========  ========  ========  ========  ========  ========  ========  ========  ========  ========
           Counted       Corr      Corr      Corr      Corr      Corr      Corr      Corr      Corr      Corr      Corr      Corr
 Series    Segment   Add  # 1  Add  # 2  Add  # 3  Add  # 4  Add  # 5  Add  # 6  Add  # 7  Add  # 8  Add  # 9  Add  #10  Add  #11
 -------- ---------  --------  --------  --------  --------  --------  --------  --------  --------  --------  --------  --------
 112B     2009 2016    -4 .68    -5 .61     0 .21    -3 .08   --- ---   --- ---   --- ---   --- ---   --- ---   --- ---   --- ---
===================  ========  ========  ========  ========  ========  ========  ========  ========  ========  ========  ========
           Counted       Corr      Corr      Corr      Corr      Corr      Corr      Corr      Corr      Corr      Corr      Corr
 Series    Segment   Add  # 1  Add  # 2  Add  # 3  Add  # 4  Add  # 5  Add  # 6  Add  # 7  Add  # 8  Add  # 9  Add  #10  Add  #11
 -------- ---------  --------  --------  --------  --------  --------  --------  --------  --------  --------  --------  --------
 119B     2011 2016    -5 .62    -6 .50    -7 .45    -1 .28     0 .18   --- ---   --- ---   --- ---   --- ---   --- ---   --- ---
===================  ========  ========  ========  ========  ========  ========  ========  ========  ========  ========  ========
           Counted       Corr      Corr      Corr      Corr      Corr      Corr      Corr      Corr      Corr      Corr      Corr
 Series    Segment   Add  # 1  Add  # 2  Add  # 3  Add  # 4  Add  # 5  Add  # 6  Add  # 7  Add  # 8  Add  # 9  Add  #10  Add  #11
 -------- ---------  --------  --------  --------  --------  --------  --------  --------  --------  --------  --------  --------
 120B     2010 2016    -1 .58     0 .44    -3 .40   --- ---   --- ---   --- ---   --- ---   --- ---   --- ---   --- ---   --- ---
===================  ========  ========  ========  ========  ========  ========  ========  ========  ========  ========  ========
           Counted       Corr      Corr      Corr      Corr      Corr      Corr      Corr      Corr      Corr      Corr      Corr
 Series    Segment   Add  # 1  Add  # 2  Add  # 3  Add  # 4  Add  # 5  Add  # 6  Add  # 7  Add  # 8  Add  # 9  Add  #10  Add  #11
 -------- ---------  --------  --------  --------  --------  --------  --------  --------  --------  --------  --------  --------
 127B     2011 2016     0 .63    -5 .43    -6 .42    -4 .27    -3 .12   --- ---   --- ---   --- ---   --- ---   --- ---   --- ---
===================  ========  ========  ========  ========  ========  ========  ========  ========  ========  ========  ========
           Counted       Corr      Corr      Corr      Corr      Corr      Corr      Corr      Corr      Corr      Corr      Corr
 Series    Segment   Add  # 1  Add  # 2  Add  # 3  Add  # 4  Add  # 5  Add  # 6  Add  # 7  Add  # 8  Add  # 9  Add  #10  Add  #11
 -------- ---------  --------  --------  --------  --------  --------  --------  --------  --------  --------  --------  --------
 128B     2011 2016    -6 .78    -5 .60    -4 .23    -7 .21     0 .14    -1 .05   --- ---   --- ---   --- ---   --- ---   --- ---
===================  ========  ========  ========  ========  ========  ========  ========  ========  ========  ========  ========
           Counted       Corr      Corr      Corr      Corr      Corr      Corr      Corr      Corr      Corr      Corr      Corr
 Series    Segment   Add  # 1  Add  # 2  Add  # 3  Add  # 4  Add  # 5  Add  # 6  Add  # 7  Add  # 8  Add  # 9  Add  #10  Add  #11
 -------- ---------  --------  --------  --------  --------  --------  --------  --------  --------  --------  --------  --------
 129B     2012 2016    -2 .96    -8 .16    -5 .06   --- ---   --- ---   --- ---   --- ---   --- ---   --- ---   --- ---   --- ---
===================  ========  ========  ========  ========  ========  ========  ========  ========  ========  ========  ========
           Counted       Corr      Corr      Corr      Corr      Corr      Corr      Corr      Corr      Corr      Corr      Corr
 Series    Segment   Add  # 1  Add  # 2  Add  # 3  Add  # 4  Add  # 5  Add  # 6  Add  # 7  Add  # 8  Add  # 9  Add  #10  Add  #11
 -------- ---------  --------  --------  --------  --------  --------  --------  --------  --------  --------  --------  --------
 130B     2011 2016    -5 .74    -4 .62    -6 .48     0 .10   --- ---   --- ---   --- ---   --- ---   --- ---   --- ---   --- ---
===================  ========  ========  ========  ========  ========  ========  ========  ========  ========  ========  ========
           Counted       Corr      Corr      Corr      Corr      Corr      Corr      Corr      Corr      Corr      Corr      Corr
 Series    Segment   Add  # 1  Add  # 2  Add  # 3  Add  # 4  Add  # 5  Add  # 6  Add  # 7  Add  # 8  Add  # 9  Add  #10  Add  #11
 -------- ---------  --------  --------  --------  --------  --------  --------  --------  --------  --------  --------  --------
 132B     2011 2016    -5 .79    -6 .67    -4 .28     0 .14    -7 .09   --- ---   --- ---   --- ---   --- ---   --- ---   --- ---
===================  ========  ========  ========  ========  ========  ========  ========  ========  ========  ========  ========
           Counted       Corr      Corr      Corr      Corr      Corr      Corr      Corr      Corr      Corr      Corr      Corr
 Series    Segment   Add  # 1  Add  # 2  Add  # 3  Add  # 4  Add  # 5  Add  # 6  Add  # 7  Add  # 8  Add  # 9  Add  #10  Add  #11
 -------- ---------  --------  --------  --------  --------  --------  --------  --------  --------  --------  --------  --------
 139B     2010 2016    -1 .86     0 .24    -6 .05   --- ---   --- ---   --- ---   --- ---   --- ---   --- ---   --- ---   --- ---
===================  ========  ========  ========  ========  ========  ========  ========  ========  ========  ========  ========
           Counted       Corr      Corr      Corr      Corr      Corr      Corr      Corr      Corr      Corr      Corr      Corr
 Series    Segment   Add  # 1  Add  # 2  Add  # 3  Add  # 4  Add  # 5  Add  # 6  Add  # 7  Add  # 8  Add  # 9  Add  #10  Add  #11
 -------- ---------  --------  --------  --------  --------  --------  --------  --------  --------  --------  --------  --------
 141B     2013 2016     0 .97    -3 .88    -4 .32    -9 .16    -5 .01   --- ---   --- ---   --- ---   --- ---   --- ---   --- ---
===================  ========  ========  ========  ========  ========  ========  ========  ========  ========  ========  ========
           Counted       Corr      Corr      Corr      Corr      Corr      Corr      Corr      Corr      Corr      Corr      Corr
 Series    Segment   Add  # 1  Add  # 2  Add  # 3  Add  # 4  Add  # 5  Add  # 6  Add  # 7  Add  # 8  Add  # 9  Add  #10  Add  #11
 -------- ---------  --------  --------  --------  --------  --------  --------  --------  --------  --------  --------  --------
 169B     2011 2016    -6 .59    -7 .40    -2 .34    -5 .20    -1 .00   --- ---   --- ---   --- ---   --- ---   --- ---   --- ---
===================  ========  ========  ========  ========  ========  ========  ========  ========  ========  ========  ========
           Counted       Corr      Corr      Corr      Corr      Corr      Corr      Corr      Corr      Corr      Corr      Corr
 Series    Segment   Add  # 1  Add  # 2  Add  # 3  Add  # 4  Add  # 5  Add  # 6  Add  # 7  Add  # 8  Add  # 9  Add  #10  Add  #11
 -------- ---------  --------  --------  --------  --------  --------  --------  --------  --------  --------  --------  --------
 16B      2011 2016    -5 .69     0 .49    -6 .28    -7 .15    -3 .03   --- ---   --- ---   --- ---   --- ---   --- ---   --- ---
===================  ========  ========  ========  ========  ========  ========  ========  ========  ========  ========  ========
           Counted       Corr      Corr      Corr      Corr      Corr      Corr      Corr      Corr      Corr      Corr      Corr
 Series    Segment   Add  # 1  Add  # 2  Add  # 3  Add  # 4  Add  # 5  Add  # 6  Add  # 7  Add  # 8  Add  # 9  Add  #10  Add  #11
 -------- ---------  --------  --------  --------  --------  --------  --------  --------  --------  --------  --------  --------
 18B      2011 2016    -6 .69     0 .41    -4 .35    -5 .00   --- ---   --- ---   --- ---   --- ---   --- ---   --- ---   --- ---
===================  ========  ========  ========  ========  ========  ========  ========  ========  ========  ========  ========
           Counted       Corr      Corr      Corr      Corr      Corr      Corr      Corr      Corr      Corr      Corr      Corr
 Series    Segment   Add  # 1  Add  # 2  Add  # 3  Add  # 4  Add  # 5  Add  # 6  Add  # 7  Add  # 8  Add  # 9  Add  #10  Add  #11
 -------- ---------  --------  --------  --------  --------  --------  --------  --------  --------  --------  --------  --------
 192B     2011 2016    -5 .90    -6 .40    -4 .12    -7 .08   --- ---   --- ---   --- ---   --- ---   --- ---   --- ---   --- ---
===================  ========  ========  ========  ========  ========  ========  ========  ========  ========  ========  ========
           Counted       Corr      Corr      Corr      Corr      Corr      Corr      Corr      Corr      Corr      Corr      Corr
 Series    Segment   Add  # 1  Add  # 2  Add  # 3  Add  # 4  Add  # 5  Add  # 6  Add  # 7  Add  # 8  Add  # 9  Add  #10  Add  #11
 -------- ---------  --------  --------  --------  --------  --------  --------  --------  --------  --------  --------  --------
 193B     2011 2016    -1 .81    -7 .26    -2 .10    -6 .09    -4 .05   --- ---   --- ---   --- ---   --- ---   --- ---   --- ---
===================  ========  ========  ========  ========  ========  ========  ========  ========  ========  ========  ========
           Counted       Corr      Corr      Corr      Corr      Corr      Corr      Corr      Corr      Corr      Corr      Corr
 Series    Segment   Add  # 1  Add  # 2  Add  # 3  Add  # 4  Add  # 5  Add  # 6  Add  # 7  Add  # 8  Add  # 9  Add  #10  Add  #11
 -------- ---------  --------  --------  --------  --------  --------  --------  --------  --------  --------  --------  --------
 197B     2008 2016     0 .53    -1 .43    -2 .13   --- ---   --- ---   --- ---   --- ---   --- ---   --- ---   --- ---   --- ---
===================  ========  ========  ========  ========  ========  ========  ========  ========  ========  ========  ========
           Counted       Corr      Corr      Corr      Corr      Corr      Corr      Corr      Corr      Corr      Corr      Corr
 Series    Segment   Add  # 1  Add  # 2  Add  # 3  Add  # 4  Add  # 5  Add  # 6  Add  # 7  Add  # 8  Add  # 9  Add  #10  Add  #11
 -------- ---------  --------  --------  --------  --------  --------  --------  --------  --------  --------  --------  --------
 198B     2013 2016    -1 .83    -4 .74    -6 .69    -8 .12   --- ---   --- ---   --- ---   --- ---   --- ---   --- ---   --- ---
===================  ========  ========  ========  ========  ========  ========  ========  ========  ========  ========  ========
           Counted       Corr      Corr      Corr      Corr      Corr      Corr      Corr      Corr      Corr      Corr      Corr
 Series    Segment   Add  # 1  Add  # 2  Add  # 3  Add  # 4  Add  # 5  Add  # 6  Add  # 7  Add  # 8  Add  # 9  Add  #10  Add  #11
 -------- ---------  --------  --------  --------  --------  --------  --------  --------  --------  --------  --------  --------
 199B     2010 2016    -3 .58    -2 .48     0 .45    -1 .19   --- ---   --- ---   --- ---   --- ---   --- ---   --- ---   --- ---
===================  ========  ========  ========  ========  ========  ========  ========  ========  ========  ========  ========
           Counted       Corr      Corr      Corr      Corr      Corr      Corr      Corr      Corr      Corr      Corr      Corr
 Series    Segment   Add  # 1  Add  # 2  Add  # 3  Add  # 4  Add  # 5  Add  # 6  Add  # 7  Add  # 8  Add  # 9  Add  #10  Add  #11
 -------- ---------  --------  --------  --------  --------  --------  --------  --------  --------  --------  --------  --------
 202B     2012 2016    -3 .71    -4 .47    -2 .22     0 .11   --- ---   --- ---   --- ---   --- ---   --- ---   --- ---   --- ---
===================  ========  ========  ========  ========  ========  ========  ========  ========  ========  ========  ========
           Counted       Corr      Corr      Corr      Corr      Corr      Corr      Corr      Corr      Corr      Corr      Corr
 Series    Segment   Add  # 1  Add  # 2  Add  # 3  Add  # 4  Add  # 5  Add  # 6  Add  # 7  Add  # 8  Add  # 9  Add  #10  Add  #11
 -------- ---------  --------  --------  --------  --------  --------  --------  --------  --------  --------  --------  --------
 203B     2010 2016    -2 .41    -5 .21    -4 .17   --- ---   --- ---   --- ---   --- ---   --- ---   --- ---   --- ---   --- ---
===================  ========  ========  ========  ========  ========  ========  ========  ========  ========  ========  ========
           Counted       Corr      Corr      Corr      Corr      Corr      Corr      Corr      Corr      Corr      Corr      Corr
 Series    Segment   Add  # 1  Add  # 2  Add  # 3  Add  # 4  Add  # 5  Add  # 6  Add  # 7  Add  # 8  Add  # 9  Add  #10  Add  #11
 -------- ---------  --------  --------  --------  --------  --------  --------  --------  --------  --------  --------  --------
 208B     2016 2016     0 .00    -1 .00    -2 .00    -3 .00    -4 .00    -5 .00    -6 .00    -7 .00    -8 .00    -9 .00   -10 .00
===================  ========  ========  ========  ========  ========  ========  ========  ========  ========  ========  ========
           Counted       Corr      Corr      Corr      Corr      Corr      Corr      Corr      Corr      Corr      Corr      Corr
 Series    Segment   Add  # 1  Add  # 2  Add  # 3  Add  # 4  Add  # 5  Add  # 6  Add  # 7  Add  # 8  Add  # 9  Add  #10  Add  #11
 -------- ---------  --------  --------  --------  --------  --------  --------  --------  --------  --------  --------  --------
 210B     2012 2016    -2 .91    -8 .41    -3 .22   --- ---   --- ---   --- ---   --- ---   --- ---   --- ---   --- ---   --- ---
===================  ========  ========  ========  ========  ========  ========  ========  ========  ========  ========  ========
           Counted       Corr      Corr      Corr      Corr      Corr      Corr      Corr      Corr      Corr      Corr      Corr
 Series    Segment   Add  # 1  Add  # 2  Add  # 3  Add  # 4  Add  # 5  Add  # 6  Add  # 7  Add  # 8  Add  # 9  Add  #10  Add  #11
 -------- ---------  --------  --------  --------  --------  --------  --------  --------  --------  --------  --------  --------
 211B     2013 2016    -1 .90    -6 .78    -7 .46    -4 .44    -5 .11    -2 .02    -8 .02   --- ---   --- ---   --- ---   --- ---
===================  ========  ========  ========  ========  ========  ========  ========  ========  ========  ========  ========
           Counted       Corr      Corr      Corr      Corr      Corr      Corr      Corr      Corr      Corr      Corr      Corr
 Series    Segment   Add  # 1  Add  # 2  Add  # 3  Add  # 4  Add  # 5  Add  # 6  Add  # 7  Add  # 8  Add  # 9  Add  #10  Add  #11
 -------- ---------  --------  --------  --------  --------  --------  --------  --------  --------  --------  --------  --------
 212B     2012 2016    -5 .89    -6 .40    -7 .20    -4 .09   --- ---   --- ---   --- ---   --- ---   --- ---   --- ---   --- ---
===================  ========  ========  ========  ========  ========  ========  ========  ========  ========  ========  ========
           Counted       Corr      Corr      Corr      Corr      Corr      Corr      Corr      Corr      Corr      Corr      Corr
 Series    Segment   Add  # 1  Add  # 2  Add  # 3  Add  # 4  Add  # 5  Add  # 6  Add  # 7  Add  # 8  Add  # 9  Add  #10  Add  #11
 -------- ---------  --------  --------  --------  --------  --------  --------  --------  --------  --------  --------  --------
 215B     2013 2016    -1 .90    -6 .72    -4 .70    -8 .16   --- ---   --- ---   --- ---   --- ---   --- ---   --- ---   --- ---
===================  ========  ========  ========  ========  ========  ========  ========  ========  ========  ========  ========
           Counted       Corr      Corr      Corr      Corr      Corr      Corr      Corr      Corr      Corr      Corr      Corr
 Series    Segment   Add  # 1  Add  # 2  Add  # 3  Add  # 4  Add  # 5  Add  # 6  Add  # 7  Add  # 8  Add  # 9  Add  #10  Add  #11
 -------- ---------  --------  --------  --------  --------  --------  --------  --------  --------  --------  --------  --------
 217B     2012 2016    -3 .61    -4 .44     0 .16    -8 .14    -2 .09   --- ---   --- ---   --- ---   --- ---   --- ---   --- ---
===================  ========  ========  ========  ========  ========  ========  ========  ========  ========  ========  ========
           Counted       Corr      Corr      Corr      Corr      Corr      Corr      Corr      Corr      Corr      Corr      Corr
 Series    Segment   Add  # 1  Add  # 2  Add  # 3  Add  # 4  Add  # 5  Add  # 6  Add  # 7  Add  # 8  Add  # 9  Add  #10  Add  #11
 -------- ---------  --------  --------  --------  --------  --------  --------  --------  --------  --------  --------  --------
 218B     2012 2016     0 .88    -3 .81    -5 .14   --- ---   --- ---   --- ---   --- ---   --- ---   --- ---   --- ---   --- ---
===================  ========  ========  ========  ========  ========  ========  ========  ========  ========  ========  ========
           Counted       Corr      Corr      Corr      Corr      Corr      Corr      Corr      Corr      Corr      Corr      Corr
 Series    Segment   Add  # 1  Add  # 2  Add  # 3  Add  # 4  Add  # 5  Add  # 6  Add  # 7  Add  # 8  Add  # 9  Add  #10  Add  #11
 -------- ---------  --------  --------  --------  --------  --------  --------  --------  --------  --------  --------  --------
 219B     2011 2016    -3 .56    -2 .26    -7 .19     0 .13   --- ---   --- ---   --- ---   --- ---   --- ---   --- ---   --- ---
===================  ========  ========  ========  ========  ========  ========  ========  ========  ========  ========  ========
           Counted       Corr      Corr      Corr      Corr      Corr      Corr      Corr      Corr      Corr      Corr      Corr
 Series    Segment   Add  # 1  Add  # 2  Add  # 3  Add  # 4  Add  # 5  Add  # 6  Add  # 7  Add  # 8  Add  # 9  Add  #10  Add  #11
 -------- ---------  --------  --------  --------  --------  --------  --------  --------  --------  --------  --------  --------
 220B     2014 2016    -31.00    -8 .99     0 .96    -9 .91   -10 .82   --- ---   --- ---   --- ---   --- ---   --- ---   --- ---
===================  ========  ========  ========  ========  ========  ========  ========  ========  ========  ========  ========
           Counted       Corr      Corr      Corr      Corr      Corr      Corr      Corr      Corr      Corr      Corr      Corr
 Series    Segment   Add  # 1  Add  # 2  Add  # 3  Add  # 4  Add  # 5  Add  # 6  Add  # 7  Add  # 8  Add  # 9  Add  #10  Add  #11
 -------- ---------  --------  --------  --------  --------  --------  --------  --------  --------  --------  --------  --------
 221B     2015 2016     01.00    -11.00    -31.00    -41.00    -91.00   -101.00    -61.00    -81.00   --- ---   --- ---   --- ---
===================  ========  ========  ========  ========  ========  ========  ========  ========  ========  ========  ========
           Counted       Corr      Corr      Corr      Corr      Corr      Corr      Corr      Corr      Corr      Corr      Corr
 Series    Segment   Add  # 1  Add  # 2  Add  # 3  Add  # 4  Add  # 5  Add  # 6  Add  # 7  Add  # 8  Add  # 9  Add  #10  Add  #11
 -------- ---------  --------  --------  --------  --------  --------  --------  --------  --------  --------  --------  --------
 223B     2011 2016    -1 .57    -6 .38     0 .37    -7 .23    -4 .04    -5 .03   --- ---   --- ---   --- ---   --- ---   --- ---
===================  ========  ========  ========  ========  ========  ========  ========  ========  ========  ========  ========
           Counted       Corr      Corr      Corr      Corr      Corr      Corr      Corr      Corr      Corr      Corr      Corr
 Series    Segment   Add  # 1  Add  # 2  Add  # 3  Add  # 4  Add  # 5  Add  # 6  Add  # 7  Add  # 8  Add  # 9  Add  #10  Add  #11
 -------- ---------  --------  --------  --------  --------  --------  --------  --------  --------  --------  --------  --------
 224B     2010 2016    -1 .83    -2 .34     0 .01   --- ---   --- ---   --- ---   --- ---   --- ---   --- ---   --- ---   --- ---
===================  ========  ========  ========  ========  ========  ========  ========  ========  ========  ========  ========
           Counted       Corr      Corr      Corr      Corr      Corr      Corr      Corr      Corr      Corr      Corr      Corr
 Series    Segment   Add  # 1  Add  # 2  Add  # 3  Add  # 4  Add  # 5  Add  # 6  Add  # 7  Add  # 8  Add  # 9  Add  #10  Add  #11
 -------- ---------  --------  --------  --------  --------  --------  --------  --------  --------  --------  --------  --------
 225B     2008 2016     0 .62    -1 .45    -2 .16   --- ---   --- ---   --- ---   --- ---   --- ---   --- ---   --- ---   --- ---
===================  ========  ========  ========  ========  ========  ========  ========  ========  ========  ========  ========
           Counted       Corr      Corr      Corr      Corr      Corr      Corr      Corr      Corr      Corr      Corr      Corr
 Series    Segment   Add  # 1  Add  # 2  Add  # 3  Add  # 4  Add  # 5  Add  # 6  Add  # 7  Add  # 8  Add  # 9  Add  #10  Add  #11
 -------- ---------  --------  --------  --------  --------  --------  --------  --------  --------  --------  --------  --------
 226B     2013 2016    -1 .87    -6 .75    -7 .53    -4 .39    -5 .14    -2 .07    -8 .02   --- ---   --- ---   --- ---   --- ---
===================  ========  ========  ========  ========  ========  ========  ========  ========  ========  ========  ========
           Counted       Corr      Corr      Corr      Corr      Corr      Corr      Corr      Corr      Corr      Corr      Corr
 Series    Segment   Add  # 1  Add  # 2  Add  # 3  Add  # 4  Add  # 5  Add  # 6  Add  # 7  Add  # 8  Add  # 9  Add  #10  Add  #11
 -------- ---------  --------  --------  --------  --------  --------  --------  --------  --------  --------  --------  --------
 227B     2013 2016     0 .79    -4 .67    -3 .61    -6 .28    -5 .21   --- ---   --- ---   --- ---   --- ---   --- ---   --- ---
===================  ========  ========  ========  ========  ========  ========  ========  ========  ========  ========  ========
           Counted       Corr      Corr      Corr      Corr      Corr      Corr      Corr      Corr      Corr      Corr      Corr
 Series    Segment   Add  # 1  Add  # 2  Add  # 3  Add  # 4  Add  # 5  Add  # 6  Add  # 7  Add  # 8  Add  # 9  Add  #10  Add  #11
 -------- ---------  --------  --------  --------  --------  --------  --------  --------  --------  --------  --------  --------
 228B     2014 2016    -4 .84   -10 .69    -1 .60    -6 .53     0 .42    -3 .21    -8 .01   --- ---   --- ---   --- ---   --- ---
===================  ========  ========  ========  ========  ========  ========  ========  ========  ========  ========  ========
           Counted       Corr      Corr      Corr      Corr      Corr      Corr      Corr      Corr      Corr      Corr      Corr
 Series    Segment   Add  # 1  Add  # 2  Add  # 3  Add  # 4  Add  # 5  Add  # 6  Add  # 7  Add  # 8  Add  # 9  Add  #10  Add  #11
 -------- ---------  --------  --------  --------  --------  --------  --------  --------  --------  --------  --------  --------
 230B     2014 2016   -10 .87     0 .66    -4 .65    -3 .47    -1 .35    -8 .29    -6 .27    -9 .01   --- ---   --- ---   --- ---
===================  ========  ========  ========  ========  ========  ========  ========  ========  ========  ========  ========
           Counted       Corr      Corr      Corr      Corr      Corr      Corr      Corr      Corr      Corr      Corr      Corr
 Series    Segment   Add  # 1  Add  # 2  Add  # 3  Add  # 4  Add  # 5  Add  # 6  Add  # 7  Add  # 8  Add  # 9  Add  #10  Add  #11
 -------- ---------  --------  --------  --------  --------  --------  --------  --------  --------  --------  --------  --------
 231B     2011 2016    -4 .60    -2 .09    -3 .08    -6 .07   --- ---   --- ---   --- ---   --- ---   --- ---   --- ---   --- ---
===================  ========  ========  ========  ========  ========  ========  ========  ========  ========  ========  ========
           Counted       Corr      Corr      Corr      Corr      Corr      Corr      Corr      Corr      Corr      Corr      Corr
 Series    Segment   Add  # 1  Add  # 2  Add  # 3  Add  # 4  Add  # 5  Add  # 6  Add  # 7  Add  # 8  Add  # 9  Add  #10  Add  #11
 -------- ---------  --------  --------  --------  --------  --------  --------  --------  --------  --------  --------  --------
 232B     2010 2016    -4 .56    -5 .32    -3 .29    -6 .16     0 .02   --- ---   --- ---   --- ---   --- ---   --- ---   --- ---
===================  ========  ========  ========  ========  ========  ========  ========  ========  ========  ========  ========
           Counted       Corr      Corr      Corr      Corr      Corr      Corr      Corr      Corr      Corr      Corr      Corr
 Series    Segment   Add  # 1  Add  # 2  Add  # 3  Add  # 4  Add  # 5  Add  # 6  Add  # 7  Add  # 8  Add  # 9  Add  #10  Add  #11
 -------- ---------  --------  --------  --------  --------  --------  --------  --------  --------  --------  --------  --------
 233B     2016 2016     0 .00    -1 .00    -2 .00    -3 .00    -4 .00    -5 .00    -6 .00    -7 .00    -8 .00    -9 .00   -10 .00
===================  ========  ========  ========  ========  ========  ========  ========  ========  ========  ========  ========
           Counted       Corr      Corr      Corr      Corr      Corr      Corr      Corr      Corr      Corr      Corr      Corr
 Series    Segment   Add  # 1  Add  # 2  Add  # 3  Add  # 4  Add  # 5  Add  # 6  Add  # 7  Add  # 8  Add  # 9  Add  #10  Add  #11
 -------- ---------  --------  --------  --------  --------  --------  --------  --------  --------  --------  --------  --------
 234B     2011 2016    -1 .62    -4 .30    -6 .19    -2 .00   --- ---   --- ---   --- ---   --- ---   --- ---   --- ---   --- ---
===================  ========  ========  ========  ========  ========  ========  ========  ========  ========  ========  ========
           Counted       Corr      Corr      Corr      Corr      Corr      Corr      Corr      Corr      Corr      Corr      Corr
 Series    Segment   Add  # 1  Add  # 2  Add  # 3  Add  # 4  Add  # 5  Add  # 6  Add  # 7  Add  # 8  Add  # 9  Add  #10  Add  #11
 -------- ---------  --------  --------  --------  --------  --------  --------  --------  --------  --------  --------  --------
 235B     2013 2016    -1 .97    -6 .84    -4 .58    -7 .24    -8 .04   --- ---   --- ---   --- ---   --- ---   --- ---   --- ---
===================  ========  ========  ========  ========  ========  ========  ========  ========  ========  ========  ========
           Counted       Corr      Corr      Corr      Corr      Corr      Corr      Corr      Corr      Corr      Corr      Corr
 Series    Segment   Add  # 1  Add  # 2  Add  # 3  Add  # 4  Add  # 5  Add  # 6  Add  # 7  Add  # 8  Add  # 9  Add  #10  Add  #11
 -------- ---------  --------  --------  --------  --------  --------  --------  --------  --------  --------  --------  --------
 29B      2011 2016    -1 .59     0 .42    -3 .32    -7 .19   --- ---   --- ---   --- ---   --- ---   --- ---   --- ---   --- ---
===================  ========  ========  ========  ========  ========  ========  ========  ========  ========  ========  ========
           Counted       Corr      Corr      Corr      Corr      Corr      Corr      Corr      Corr      Corr      Corr      Corr
 Series    Segment   Add  # 1  Add  # 2  Add  # 3  Add  # 4  Add  # 5  Add  # 6  Add  # 7  Add  # 8  Add  # 9  Add  #10  Add  #11
 -------- ---------  --------  --------  --------  --------  --------  --------  --------  --------  --------  --------  --------
 33B      2014 2016    -41.00    -1 .95    -6 .92   -10 .14   --- ---   --- ---   --- ---   --- ---   --- ---   --- ---   --- ---
===================  ========  ========  ========  ========  ========  ========  ========  ========  ========  ========  ========
           Counted       Corr      Corr      Corr      Corr      Corr      Corr      Corr      Corr      Corr      Corr      Corr
 Series    Segment   Add  # 1  Add  # 2  Add  # 3  Add  # 4  Add  # 5  Add  # 6  Add  # 7  Add  # 8  Add  # 9  Add  #10  Add  #11
 -------- ---------  --------  --------  --------  --------  --------  --------  --------  --------  --------  --------  --------
 36B      2012 2016    -6 .82    -1 .81    -7 .64    -5 .16    -8 .07   --- ---   --- ---   --- ---   --- ---   --- ---   --- ---
===================  ========  ========  ========  ========  ========  ========  ========  ========  ========  ========  ========
           Counted       Corr      Corr      Corr      Corr      Corr      Corr      Corr      Corr      Corr      Corr      Corr
 Series    Segment   Add  # 1  Add  # 2  Add  # 3  Add  # 4  Add  # 5  Add  # 6  Add  # 7  Add  # 8  Add  # 9  Add  #10  Add  #11
 -------- ---------  --------  --------  --------  --------  --------  --------  --------  --------  --------  --------  --------
 37B      2012 2016    -1 .49    -6 .43    -4 .41    -8 .28    -2 .02   --- ---   --- ---   --- ---   --- ---   --- ---   --- ---
===================  ========  ========  ========  ========  ========  ========  ========  ========  ========  ========  ========
           Counted       Corr      Corr      Corr      Corr      Corr      Corr      Corr      Corr      Corr      Corr      Corr
 Series    Segment   Add  # 1  Add  # 2  Add  # 3  Add  # 4  Add  # 5  Add  # 6  Add  # 7  Add  # 8  Add  # 9  Add  #10  Add  #11
 -------- ---------  --------  --------  --------  --------  --------  --------  --------  --------  --------  --------  --------
 41B      2007 2016     0 .83    -1 .23    -2 .03   --- ---   --- ---   --- ---   --- ---   --- ---   --- ---   --- ---   --- ---
===================  ========  ========  ========  ========  ========  ========  ========  ========  ========  ========  ========
           Counted       Corr      Corr      Corr      Corr      Corr      Corr      Corr      Corr      Corr      Corr      Corr
 Series    Segment   Add  # 1  Add  # 2  Add  # 3  Add  # 4  Add  # 5  Add  # 6  Add  # 7  Add  # 8  Add  # 9  Add  #10  Add  #11
 -------- ---------  --------  --------  --------  --------  --------  --------  --------  --------  --------  --------  --------
 47B      2011 2016    -5 .67    -6 .60    -7 .51     0 .34   --- ---   --- ---   --- ---   --- ---   --- ---   --- ---   --- ---
===================  ========  ========  ========  ========  ========  ========  ========  ========  ========  ========  ========
           Counted       Corr      Corr      Corr      Corr      Corr      Corr      Corr      Corr      Corr      Corr      Corr
 Series    Segment   Add  # 1  Add  # 2  Add  # 3  Add  # 4  Add  # 5  Add  # 6  Add  # 7  Add  # 8  Add  # 9  Add  #10  Add  #11
 -------- ---------  --------  --------  --------  --------  --------  --------  --------  --------  --------  --------  --------
 4B       2011 2016    -2 .75    -1 .32    -7 .29   --- ---   --- ---   --- ---   --- ---   --- ---   --- ---   --- ---   --- ---
===================  ========  ========  ========  ========  ========  ========  ========  ========  ========  ========  ========
           Counted       Corr      Corr      Corr      Corr      Corr      Corr      Corr      Corr      Corr      Corr      Corr
 Series    Segment   Add  # 1  Add  # 2  Add  # 3  Add  # 4  Add  # 5  Add  # 6  Add  # 7  Add  # 8  Add  # 9  Add  #10  Add  #11
 -------- ---------  --------  --------  --------  --------  --------  --------  --------  --------  --------  --------  --------
 51B      2006 2016    -2 .34    -1 .30   --- ---   --- ---   --- ---   --- ---   --- ---   --- ---   --- ---   --- ---   --- ---
===================  ========  ========  ========  ========  ========  ========  ========  ========  ========  ========  ========
           Counted       Corr      Corr      Corr      Corr      Corr      Corr      Corr      Corr      Corr      Corr      Corr
 Series    Segment   Add  # 1  Add  # 2  Add  # 3  Add  # 4  Add  # 5  Add  # 6  Add  # 7  Add  # 8  Add  # 9  Add  #10  Add  #11
 -------- ---------  --------  --------  --------  --------  --------  --------  --------  --------  --------  --------  --------
 52B      2008 2016    -4 .79   --- ---   --- ---   --- ---   --- ---   --- ---   --- ---   --- ---   --- ---   --- ---   --- ---
===================  ========  ========  ========  ========  ========  ========  ========  ========  ========  ========  ========
           Counted       Corr      Corr      Corr      Corr      Corr      Corr      Corr      Corr      Corr      Corr      Corr
 Series    Segment   Add  # 1  Add  # 2  Add  # 3  Add  # 4  Add  # 5  Add  # 6  Add  # 7  Add  # 8  Add  # 9  Add  #10  Add  #11
 -------- ---------  --------  --------  --------  --------  --------  --------  --------  --------  --------  --------  --------
 55B      2010 2016    -5 .93    -4 .55    -6 .25   --- ---   --- ---   --- ---   --- ---   --- ---   --- ---   --- ---   --- ---
===================  ========  ========  ========  ========  ========  ========  ========  ========  ========  ========  ========
           Counted       Corr      Corr      Corr      Corr      Corr      Corr      Corr      Corr      Corr      Corr      Corr
 Series    Segment   Add  # 1  Add  # 2  Add  # 3  Add  # 4  Add  # 5  Add  # 6  Add  # 7  Add  # 8  Add  # 9  Add  #10  Add  #11
 -------- ---------  --------  --------  --------  --------  --------  --------  --------  --------  --------  --------  --------
 77B      2008 2016     0 .67    -1 .28    -2 .27   --- ---   --- ---   --- ---   --- ---   --- ---   --- ---   --- ---   --- ---
===================  ========  ========  ========  ========  ========  ========  ========  ========  ========  ========  ========
           Counted       Corr      Corr      Corr      Corr      Corr      Corr      Corr      Corr      Corr      Corr      Corr
 Series    Segment   Add  # 1  Add  # 2  Add  # 3  Add  # 4  Add  # 5  Add  # 6  Add  # 7  Add  # 8  Add  # 9  Add  #10  Add  #11
 -------- ---------  --------  --------  --------  --------  --------  --------  --------  --------  --------  --------  --------
 78B      2007 2016     0 .70    -1 .09   --- ---   --- ---   --- ---   --- ---   --- ---   --- ---   --- ---   --- ---   --- ---
===================  ========  ========  ========  ========  ========  ========  ========  ========  ========  ========  ========
           Counted       Corr      Corr      Corr      Corr      Corr      Corr      Corr      Corr      Corr      Corr      Corr
 Series    Segment   Add  # 1  Add  # 2  Add  # 3  Add  # 4  Add  # 5  Add  # 6  Add  # 7  Add  # 8  Add  # 9  Add  #10  Add  #11
 -------- ---------  --------  --------  --------  --------  --------  --------  --------  --------  --------  --------  --------
 79B      2011 2016    -1 .83    -7 .20    -6 .10     0 .10    -3 .03    -4 .01   --- ---   --- ---   --- ---   --- ---   --- ---
===================  ========  ========  ========  ========  ========  ========  ========  ========  ========  ========  ========
           Counted       Corr      Corr      Corr      Corr      Corr      Corr      Corr      Corr      Corr      Corr      Corr
 Series    Segment   Add  # 1  Add  # 2  Add  # 3  Add  # 4  Add  # 5  Add  # 6  Add  # 7  Add  # 8  Add  # 9  Add  #10  Add  #11
 -------- ---------  --------  --------  --------  --------  --------  --------  --------  --------  --------  --------  --------
 80B      2009 2016     0 .76    -1 .41    -3 .16   --- ---   --- ---   --- ---   --- ---   --- ---   --- ---   --- ---   --- ---
===================  ========  ========  ========  ========  ========  ========  ========  ========  ========  ========  ========
           Counted       Corr      Corr      Corr      Corr      Corr      Corr      Corr      Corr      Corr      Corr      Corr
 Series    Segment   Add  # 1  Add  # 2  Add  # 3  Add  # 4  Add  # 5  Add  # 6  Add  # 7  Add  # 8  Add  # 9  Add  #10  Add  #11
 -------- ---------  --------  --------  --------  --------  --------  --------  --------  --------  --------  --------  --------
 84B      2011 2016    -3 .60     0 .27    -1 .20    -2 .14    -7 .09   --- ---   --- ---   --- ---   --- ---   --- ---   --- ---
===================  ========  ========  ========  ========  ========  ========  ========  ========  ========  ========  ========
           Counted       Corr      Corr      Corr      Corr      Corr      Corr      Corr      Corr      Corr      Corr      Corr
 Series    Segment   Add  # 1  Add  # 2  Add  # 3  Add  # 4  Add  # 5  Add  # 6  Add  # 7  Add  # 8  Add  # 9  Add  #10  Add  #11
 -------- ---------  --------  --------  --------  --------  --------  --------  --------  --------  --------  --------  --------
 93B      2011 2016    -6 .83    -7 .44    -5 .40    -1 .14     0 .03   --- ---   --- ---   --- ---   --- ---   --- ---   --- ---
===================  ========  ========  ========  ========  ========  ========  ========  ========  ========  ========  ========
           Counted       Corr      Corr      Corr      Corr      Corr      Corr      Corr      Corr      Corr      Corr      Corr
 Series    Segment   Add  # 1  Add  # 2  Add  # 3  Add  # 4  Add  # 5  Add  # 6  Add  # 7  Add  # 8  Add  # 9  Add  #10  Add  #11
 -------- ---------  --------  --------  --------  --------  --------  --------  --------  --------  --------  --------  --------
 96B      2012 2016    -4 .56    -8 .17    -3 .10    -1 .08    -6 .07    -2 .02   --- ---   --- ---   --- ---   --- ---   --- ---
===================  ========  ========  ========  ========  ========  ========  ========  ========  ========  ========  ========
           Counted       Corr      Corr      Corr      Corr      Corr      Corr      Corr      Corr      Corr      Corr      Corr
 Series    Segment   Add  # 1  Add  # 2  Add  # 3  Add  # 4  Add  # 5  Add  # 6  Add  # 7  Add  # 8  Add  # 9  Add  #10  Add  #11
 -------- ---------  --------  --------  --------  --------  --------  --------  --------  --------  --------  --------  --------
 97B      2012 2016    -4 .85    -3 .27    -5 .25    -2 .24   --- ---   --- ---   --- ---   --- ---   --- ---   --- ---   --- ---
===================  ========  ========  ========  ========  ========  ========  ========  ========  ========  ========  ========
       65 undated series

                                              - = [  COFECHA FIRQBCOF  ] = -
